POST /j/collect?v=1&_v=j96&a=1035854396&t=pageview&_s=1&dl=https%3A%2F%2Fnotepad-plus-plus.org%2Fdownloads%2Fv8.3.3%2F&ul=ru-ru&de=UTF-8&dt=Notepad%2B%2B%208.3.3%20(Make%20Apps%2C%20not%20war)%20%7C%20Notepad%2B%2B&sd=24-bit&sr=1440x900&vp=1383x788&je=0&_u=QACAAUABAAAAAC~&jid=334925445&gjid=1675183258&cid=749141911.1649594867&tid=UA-148378786-1&_gid=1773584553.1649594867&_r=1&gtm=2ou3u0&z=1434232238 HTTP/1.1
Host: www.google-analytics.com
Connection: keep-alive
Content-Length: 0
sec-ch-ua: " Not A;Brand";v="99", "Chromium";v="99", "Opera";v="85"
sec-ch-ua-mobile: ?0
User-Agent: Mozilla/5.0 (Windows NT 6.1; Win64; x64) AppleWebKit/537.36 (KHTML, like Gecko) Chrome/99.0.4844.84 Safari/537.36 OPR/85.0.4341.47
sec-ch-ua-platform: "Windows"
Content-Type: text/plain
Accept: */*
Origin: https://notepad-plus-plus.org
Sec-Fetch-Site: cross-site
Sec-Fetch-Mode: cors
Sec-Fetch-Dest: empty
Referer: https://notepad-plus-plus.org/
Accept-Encoding: gzip, deflate, br
Accept-Language: ru-RU,ru;q=0.9,en-US;q=0.8,en;q=0.7

HTTP/1.1 200 OK
Access-Control-Allow-Origin: https://notepad-plus-plus.org
Date: Sun, 10 Apr 2022 12:50:23 GMT
Pragma: no-cache
Expires: Fri, 01 Jan 1990 00:00:00 GMT
Cache-Control: no-cache, no-store, must-revalidate
Last-Modified: Sun, 17 May 1998 03:00:00 GMT
Access-Control-Allow-Credentials: true
X-Content-Type-Options: nosniff
Content-Type: text/plain
Cross-Origin-Resource-Policy: cross-origin
Server: Golfe2
Content-Length: 2
Alt-Svc: h3=":443"; ma=2592000,h3-29=":443"; ma=2592000,h3-Q050=":443"; ma=2592000,h3-Q046=":443"; ma=2592000,h3-Q043=":443"; ma=2592000,quic=":443"; ma=2592000; v="46,43"

1d