GET /widgets_pxt?p=widget_render&widget=games&vid=MmFWR3ZLMmVVOEk5MDAwMDBjMUNING85Ojo6MC0wLTAtNzZkMjkwODpDQUFTRUxINUlrODlnRlJsc0xHQjhuTDF4dDhhWUhCYXVSVkYzdXFYaHdpY3B4S3RxT3VFYl9CcVd3N2xvcDktcVRBdEREeG9rSnhkSmg2dkExN0gzYlFWRWg4M2pxY2FpczZvcGxHMXdCTzMtaGF5U1VnR2RyMHNpZXg4c2ZuNlpONTNna0djNnlWYmIwMFVoVDJPR3hBdVcxNll5UQ%3D%3D HTTP/1.1
Host: likemore-go.imgsmail.ru
Connection: keep-alive
sec-ch-ua: " Not A;Brand";v="99", "Chromium";v="99", "Opera";v="85"
sec-ch-ua-mobile: ?0
User-Agent: Mozilla/5.0 (Windows NT 6.1; Win64; x64) AppleWebKit/537.36 (KHTML, like Gecko) Chrome/99.0.4844.84 Safari/537.36 OPR/85.0.4341.47
sec-ch-ua-platform: "Windows"
Accept: image/avif,image/webp,image/apng,image/svg+xml,image/*,*/*;q=0.8
Sec-Fetch-Site: cross-site
Sec-Fetch-Mode: no-cors
Sec-Fetch-Dest: image
Referer: https://mail.ru/
Accept-Encoding: gzip, deflate, br
Accept-Language: ru-RU,ru;q=0.9,en-US;q=0.8,en;q=0.7

HTTP/1.1 204 No Content
Server: nginx
Date: Sun, 10 Apr 2022 12:50:26 GMT
Connection: keep-alive

GET /widgets_pxt?p=widget_render&widget=cloud&vid=MmFWR3ZLMmVVOEk5MDAwMDBjMUNING85Ojo6MC0wLTAtNzZkMjkwODpDQUFTRUxINUlrODlnRlJsc0xHQjhuTDF4dDhhWUhCYXVSVkYzdXFYaHdpY3B4S3RxT3VFYl9CcVd3N2xvcDktcVRBdEREeG9rSnhkSmg2dkExN0gzYlFWRWg4M2pxY2FpczZvcGxHMXdCTzMtaGF5U1VnR2RyMHNpZXg4c2ZuNlpONTNna0djNnlWYmIwMFVoVDJPR3hBdVcxNll5UQ%3D%3D HTTP/1.1
Host: likemore-go.imgsmail.ru
Connection: keep-alive
sec-ch-ua: " Not A;Brand";v="99", "Chromium";v="99", "Opera";v="85"
sec-ch-ua-mobile: ?0
User-Agent: Mozilla/5.0 (Windows NT 6.1; Win64; x64) AppleWebKit/537.36 (KHTML, like Gecko) Chrome/99.0.4844.84 Safari/537.36 OPR/85.0.4341.47
sec-ch-ua-platform: "Windows"
Accept: image/avif,image/webp,image/apng,image/svg+xml,image/*,*/*;q=0.8
Sec-Fetch-Site: cross-site
Sec-Fetch-Mode: no-cors
Sec-Fetch-Dest: image
Referer: https://mail.ru/
Accept-Encoding: gzip, deflate, br
Accept-Language: ru-RU,ru;q=0.9,en-US;q=0.8,en;q=0.7

HTTP/1.1 204 No Content
Server: nginx
Date: Sun, 10 Apr 2022 12:50:27 GMT
Connection: keep-alive

GET /widgets_pxt?p=widget_render&widget=combo&vid=MmFWR3ZLMmVVOEk5MDAwMDBjMUNING85Ojo6MC0wLTAtNzZkMjkwODpDQUFTRUxINUlrODlnRlJsc0xHQjhuTDF4dDhhWUhCYXVSVkYzdXFYaHdpY3B4S3RxT3VFYl9CcVd3N2xvcDktcVRBdEREeG9rSnhkSmg2dkExN0gzYlFWRWg4M2pxY2FpczZvcGxHMXdCTzMtaGF5U1VnR2RyMHNpZXg4c2ZuNlpONTNna0djNnlWYmIwMFVoVDJPR3hBdVcxNll5UQ%3D%3D HTTP/1.1
Host: likemore-go.imgsmail.ru
Connection: keep-alive
sec-ch-ua: " Not A;Brand";v="99", "Chromium";v="99", "Opera";v="85"
sec-ch-ua-mobile: ?0
User-Agent: Mozilla/5.0 (Windows NT 6.1; Win64; x64) AppleWebKit/537.36 (KHTML, like Gecko) Chrome/99.0.4844.84 Safari/537.36 OPR/85.0.4341.47
sec-ch-ua-platform: "Windows"
Accept: image/avif,image/webp,image/apng,image/svg+xml,image/*,*/*;q=0.8
Sec-Fetch-Site: cross-site
Sec-Fetch-Mode: no-cors
Sec-Fetch-Dest: image
Referer: https://mail.ru/
Accept-Encoding: gzip, deflate, br
Accept-Language: ru-RU,ru;q=0.9,en-US;q=0.8,en;q=0.7

HTTP/1.1 204 No Content
Server: nginx
Date: Sun, 10 Apr 2022 12:50:27 GMT
Connection: keep-alive

GET /recostream_pxt?qid=0d4a6212c95c5f26&split=2&meta_info=eJwT4vRgTGCsYOxg5NNS5uAQEiouKU2KTy5Oii8oys%2FNL8gvLpFgUGDUYDRgDDiy7ZC8kzjHkY23Py57fecwv8CVOV8Wv2JRYjE1NTDzMs8oKSlQNXZUNXIDooLSnOJUvdzEzBy9olIgPzk%2FNze1KDkzMSc%2BsagkMzknFShoZGlhaAIAxuYr3A%3D%3D&uh_vid=VA59pCYAAADL7%2BtXK5AxRhZJxU9Ibai3dhcgu%2BElIAShpPg0GXA4uV474TzG%2BMifGSNxd6UG&doc_id=5493094612736722689&source_id=3983617440101124466&site_hash=5510998942597236529&url=http%3A%2F%2Fpulse.mail.ru%2Fcommercial_article%2F29814&meta_type=doc&utm_marks=utm_content%3Dlenta_main_mail_ru_v1%26utm_partner_id%3D661%26utm_campaign%3Dmain%26utm_referrer%3Dhttps%253A%252F%252Fpulse.mail.ru%26utm_source%3Dpulse_mail_ru&card_t=single&cols=3&n=1&real_row=3&row=3&p=req&reqn=1&slid=635895&type=csb&page_id=6742116485827821649595018454&stream_id=lenta_main_mail_ru_v1&reco_session_id=15bca096252d294&_=1649595023132 HTTP/1.1
Host: likemore-go.imgsmail.ru
Connection: keep-alive
sec-ch-ua: " Not A;Brand";v="99", "Chromium";v="99", "Opera";v="85"
sec-ch-ua-mobile: ?0
User-Agent: Mozilla/5.0 (Windows NT 6.1; Win64; x64) AppleWebKit/537.36 (KHTML, like Gecko) Chrome/99.0.4844.84 Safari/537.36 OPR/85.0.4341.47
sec-ch-ua-platform: "Windows"
Accept: image/avif,image/webp,image/apng,image/svg+xml,image/*,*/*;q=0.8
Sec-Fetch-Site: cross-site
Sec-Fetch-Mode: no-cors
Sec-Fetch-Dest: image
Referer: https://mail.ru/
Accept-Encoding: gzip, deflate, br
Accept-Language: ru-RU,ru;q=0.9,en-US;q=0.8,en;q=0.7

HTTP/1.1 204 No Content
Server: nginx
Date: Sun, 10 Apr 2022 12:50:30 GMT
Connection: keep-alive
Expires: Sun, 10 Apr 2022 12:50:30 GMT
Cache-Control: max-age=0
Cache-Control: no-store, must-revalidate

GET /recostream_pxt?qid=0d4a6212c95c5f26&split=2&meta_info=eJwT4vRgTGCsYOxgdNBS5GAREkjOz81NLUrOTMyJLyjKz82XYFBg1GA0YAw4su2QvJM4x5GNtz8ue33nML%2FAlTlfFr9iUWIxNTUw8zLPKCkpUDV2VDVyA6KC0pziVL3cxMwcvaJSIB%2FJ0MSikszknFSgoJGFqaU5AGc0Kw4%3D&uh_vid=VA59pCYAAACi235%2FXkFwiGpJ4dJhVxyUGs08ncgPugLV6Kd77dm11RgBkZ94rBEu9R3WFA7eGC81c2JWRnW0ncbVny1E&type=document&doc_id=1958730341683796641&source_id=699122765924398026&site_hash=5277176476609646052&url=http%3A%2F%2Fpulse.mail.ru%2Fcommercial_article%2F28597&meta_type=doc&utm_marks=utm_content%3Dlenta_main_mail_ru_v1%26utm_partner_id%3D661%26utm_campaign%3Dmain%26utm_referrer%3Dhttps%253A%252F%252Fpulse.mail.ru%26utm_source%3Dpulse_mail_ru&card_t=single&cols=3&n=1&real_row=2&row=2&p=doc_hit&page_id=6742116485827821649595018454&stream_id=lenta_main_mail_ru_v1&reco_session_id=15bca096252d294&_=1649595023140 HTTP/1.1
Host: likemore-go.imgsmail.ru
Connection: keep-alive
sec-ch-ua: " Not A;Brand";v="99", "Chromium";v="99", "Opera";v="85"
sec-ch-ua-mobile: ?0
User-Agent: Mozilla/5.0 (Windows NT 6.1; Win64; x64) AppleWebKit/537.36 (KHTML, like Gecko) Chrome/99.0.4844.84 Safari/537.36 OPR/85.0.4341.47
sec-ch-ua-platform: "Windows"
Accept: image/avif,image/webp,image/apng,image/svg+xml,image/*,*/*;q=0.8
Sec-Fetch-Site: cross-site
Sec-Fetch-Mode: no-cors
Sec-Fetch-Dest: image
Referer: https://mail.ru/
Accept-Encoding: gzip, deflate, br
Accept-Language: ru-RU,ru;q=0.9,en-US;q=0.8,en;q=0.7

HTTP/1.1 204 No Content
Server: nginx
Date: Sun, 10 Apr 2022 12:50:30 GMT
Connection: keep-alive
Expires: Sun, 10 Apr 2022 12:50:30 GMT
Cache-Control: max-age=0
Cache-Control: no-store, must-revalidate

GET /recostream_pxt?qid=0d4a6212c95c5f26&split=2&meta_info=eJwT4vJgTGCsYOxgvMikpcjBLSSQnJ%2Bbm1qUnJmYE19QlJ%2BbL8GgwKjBaMAYcGTbIXkncY4jG29%2FXPb6zmF%2BgStzvix%2BxaLEYmpqYOZlnlFSUqBq7Khq5AZEBaU5xal6uYmZOXpFpUA%2BkqGJRSWZyTmpQEFDS0tzMwCxMyuq&uh_vid=VA59pCYAAADV6kgSG4TGPJM8bkGOC7sNBe4rcYEKnvpydtAxSHQBAeGeOS7gzDjedWwn3Q%3D%3D&type=document&doc_id=7138441808300203912&source_id=985315150066397629&site_hash=3200041602662520233&url=http%3A%2F%2Fpulse.mail.ru%2Fcommercial_article%2F19976&meta_type=doc&utm_marks=utm_content%3Dlenta_main_mail_ru_v1%26utm_partner_id%3D661%26utm_campaign%3Dmain%26utm_referrer%3Dhttps%253A%252F%252Fpulse.mail.ru%26utm_source%3Dpulse_mail_ru&card_t=single&cols=3&n=1&real_row=4&row=4&p=doc_hit&page_id=6742116485827821649595018454&stream_id=lenta_main_mail_ru_v1&reco_session_id=15bca096252d294&_=1649595023144 HTTP/1.1
Host: likemore-go.imgsmail.ru
Connection: keep-alive
sec-ch-ua: " Not A;Brand";v="99", "Chromium";v="99", "Opera";v="85"
sec-ch-ua-mobile: ?0
User-Agent: Mozilla/5.0 (Windows NT 6.1; Win64; x64) AppleWebKit/537.36 (KHTML, like Gecko) Chrome/99.0.4844.84 Safari/537.36 OPR/85.0.4341.47
sec-ch-ua-platform: "Windows"
Accept: image/avif,image/webp,image/apng,image/svg+xml,image/*,*/*;q=0.8
Sec-Fetch-Site: cross-site
Sec-Fetch-Mode: no-cors
Sec-Fetch-Dest: image
Referer: https://mail.ru/
Accept-Encoding: gzip, deflate, br
Accept-Language: ru-RU,ru;q=0.9,en-US;q=0.8,en;q=0.7

HTTP/1.1 204 No Content
Server: nginx
Date: Sun, 10 Apr 2022 12:50:30 GMT
Connection: keep-alive
Expires: Sun, 10 Apr 2022 12:50:30 GMT
Cache-Control: max-age=0
Cache-Control: no-store, must-revalidate

GET /recostream_pxt?qid=0d4a6212c95c5f26&split=2&meta_info=eJwBMADP%2FyoVCAwSDG5vX2Fkdl9sYWJlbFDEtsIfQhcIxLHb8abr3MMPENSc9KPqBCIENTUwNrxqE88%3D&uh_vid=VA59pCYAAADHKMDFLlX%2F%2FJkq1S%2FBhBGnJK6fDkjWiKX3D0v%2Be4SxWQWwGxONrlitjrQZLjh%2BlrtscFGhQg%3D%3D&type=advert&meta_type=doc&slid=849801&card_t=single&cols=3&n=2&real_row=4&row=4&bid=106869339&p=doc_hit&page_id=6742116485827821649595018454&stream_id=lenta_main_mail_ru_v1&reco_session_id=15bca096252d294&_=1649595023145 HTTP/1.1
Host: likemore-go.imgsmail.ru
Connection: keep-alive
sec-ch-ua: " Not A;Brand";v="99", "Chromium";v="99", "Opera";v="85"
sec-ch-ua-mobile: ?0
User-Agent: Mozilla/5.0 (Windows NT 6.1; Win64; x64) AppleWebKit/537.36 (KHTML, like Gecko) Chrome/99.0.4844.84 Safari/537.36 OPR/85.0.4341.47
sec-ch-ua-platform: "Windows"
Accept: image/avif,image/webp,image/apng,image/svg+xml,image/*,*/*;q=0.8
Sec-Fetch-Site: cross-site
Sec-Fetch-Mode: no-cors
Sec-Fetch-Dest: image
Referer: https://mail.ru/
Accept-Encoding: gzip, deflate, br
Accept-Language: ru-RU,ru;q=0.9,en-US;q=0.8,en;q=0.7

HTTP/1.1 204 No Content
Server: nginx
Date: Sun, 10 Apr 2022 12:50:30 GMT
Connection: keep-alive
Expires: Sun, 10 Apr 2022 12:50:30 GMT
Cache-Control: max-age=0
Cache-Control: no-store, must-revalidate

GET /recostream_pxt?qid=0d4a6212c95c5f26&split=2&meta_info=eJwT4vJgTGCsYOxgvMmopczBLCRUXFKaFJ9cnBRfUJSfm1%2BQX1wiwaDAqMFowBhwZNsheSdxjiMbb39c9vrOYX6BK3O%2BLH7FosRiampg5mWeUVJSoGrsqGrkBkQFpTnFqXq5iZk5ekWlQH5yfm5ualFyZmJOfGJRSWZyTipQ0MjMxMICACduLKg%3D&uh_vid=VA59pCYAAACoF5CYF21NiPJWa1wlxbZJFXMiASpfRiWnubNS64yZ8B0z55ElYvJ%2FPTZLtm7yUab2SNzNI9TDNuukH9csJhZJWv0%3D&doc_id=1961189254089721523&source_id=985315150066397629&site_hash=3200041602662520233&url=http%3A%2F%2Fpulse.mail.ru%2Fcommercial_article%2F26488&meta_type=doc&utm_marks=utm_content%3Dlenta_main_mail_ru_v1%26utm_partner_id%3D661%26utm_campaign%3Dmain%26utm_referrer%3Dhttps%253A%252F%252Fpulse.mail.ru%26utm_source%3Dpulse_mail_ru&card_t=single&cols=3&n=3&real_row=1&row=1&bid=106851697&p=success&reqn=1&respn=1&slid=635894&type=csb&page_id=6742116485827821649595018454&stream_id=lenta_main_mail_ru_v1&reco_session_id=15bca096252d294&_=1649595023193 HTTP/1.1
Host: likemore-go.imgsmail.ru
Connection: keep-alive
sec-ch-ua: " Not A;Brand";v="99", "Chromium";v="99", "Opera";v="85"
sec-ch-ua-mobile: ?0
User-Agent: Mozilla/5.0 (Windows NT 6.1; Win64; x64) AppleWebKit/537.36 (KHTML, like Gecko) Chrome/99.0.4844.84 Safari/537.36 OPR/85.0.4341.47
sec-ch-ua-platform: "Windows"
Accept: image/avif,image/webp,image/apng,image/svg+xml,image/*,*/*;q=0.8
Sec-Fetch-Site: cross-site
Sec-Fetch-Mode: no-cors
Sec-Fetch-Dest: image
Referer: https://mail.ru/
Accept-Encoding: gzip, deflate, br
Accept-Language: ru-RU,ru;q=0.9,en-US;q=0.8,en;q=0.7

HTTP/1.1 204 No Content
Server: nginx
Date: Sun, 10 Apr 2022 12:50:30 GMT
Connection: keep-alive
Expires: Sun, 10 Apr 2022 12:50:30 GMT
Cache-Control: max-age=0
Cache-Control: no-store, must-revalidate

GET /recostream_pxt?qid=0d4a6212c95c5f26&split=2&meta_info=eJwT4vJgTGCsYOxgvMmopczBLCRUXFKaFJ9cnBRfUJSfm1%2BQX1wiwaDAqMFowBhwZNsheSdxjiMbb39c9vrOYX6BK3O%2BLH7FosRiampg5mWeUVJSoGrsqGrkBkQFpTnFqXq5iZk5ekWlQH5yfm5ualFyZmJOfGJRSWZyTipQ0MjMxMICACduLKg%3D&uh_vid=VA59pCYAAACoF5CYF21NiPJWa1wlxbZJFXMiASpfRiWnubNS64yZ8B0z55ElYvJ%2FPTZLtm7yUab2SNzNI9TDNuukH9csJhZJWv0%3D&doc_id=1961189254089721523&source_id=985315150066397629&site_hash=3200041602662520233&url=http%3A%2F%2Fpulse.mail.ru%2Fcommercial_article%2F26488&meta_type=doc&utm_marks=utm_content%3Dlenta_main_mail_ru_v1%26utm_partner_id%3D661%26utm_campaign%3Dmain%26utm_referrer%3Dhttps%253A%252F%252Fpulse.mail.ru%26utm_source%3Dpulse_mail_ru&card_t=single&cols=3&n=3&real_row=1&row=1&bid=106851697&p=doc_hit&slid=635894&type=csb&page_id=6742116485827821649595018454&stream_id=lenta_main_mail_ru_v1&reco_session_id=15bca096252d294&_=1649595023194 HTTP/1.1
Host: likemore-go.imgsmail.ru
Connection: keep-alive
sec-ch-ua: " Not A;Brand";v="99", "Chromium";v="99", "Opera";v="85"
sec-ch-ua-mobile: ?0
User-Agent: Mozilla/5.0 (Windows NT 6.1; Win64; x64) AppleWebKit/537.36 (KHTML, like Gecko) Chrome/99.0.4844.84 Safari/537.36 OPR/85.0.4341.47
sec-ch-ua-platform: "Windows"
Accept: image/avif,image/webp,image/apng,image/svg+xml,image/*,*/*;q=0.8
Sec-Fetch-Site: cross-site
Sec-Fetch-Mode: no-cors
Sec-Fetch-Dest: image
Referer: https://mail.ru/
Accept-Encoding: gzip, deflate, br
Accept-Language: ru-RU,ru;q=0.9,en-US;q=0.8,en;q=0.7

HTTP/1.1 204 No Content
Server: nginx
Date: Sun, 10 Apr 2022 12:50:30 GMT
Connection: keep-alive
Expires: Sun, 10 Apr 2022 12:50:30 GMT
Cache-Control: max-age=0
Cache-Control: no-store, must-revalidate

GET /recostream_pxt?qid=0d4a6212c95c5f26&split=2&meta_info=eJwT4vRgTGCsYOxg5NNS5uAQEiouKU2KTy5Oii8oys%2FNL8gvLpFgUGDUYDRgDDiy7ZC8kzjHkY23Py57fecwv8CVOV8Wv2JRYjE1NTDzMs8oKSlQNXZUNXIDooLSnOJUvdzEzBy9olIgPzk%2FNze1KDkzMSc%2BsagkMzknFShoZGlhaAIAxuYr3A%3D%3D&uh_vid=VA59pCYAAADL7%2BtXK5AxRhZJxU9Ibai3dhcgu%2BElIAShpPg0GXA4uV474TzG%2BMifGSNxd6UG&doc_id=5493094612736722689&source_id=3983617440101124466&site_hash=5510998942597236529&url=http%3A%2F%2Fpulse.mail.ru%2Fcommercial_article%2F29814&meta_type=doc&utm_marks=utm_content%3Dlenta_main_mail_ru_v1%26utm_partner_id%3D661%26utm_campaign%3Dmain%26utm_referrer%3Dhttps%253A%252F%252Fpulse.mail.ru%26utm_source%3Dpulse_mail_ru&card_t=single&cols=3&n=1&real_row=3&row=3&bid=106851719&p=success&reqn=1&respn=1&slid=635895&type=csb&page_id=6742116485827821649595018454&stream_id=lenta_main_mail_ru_v1&reco_session_id=15bca096252d294&_=1649595023205 HTTP/1.1
Host: likemore-go.imgsmail.ru
Connection: keep-alive
sec-ch-ua: " Not A;Brand";v="99", "Chromium";v="99", "Opera";v="85"
sec-ch-ua-mobile: ?0
User-Agent: Mozilla/5.0 (Windows NT 6.1; Win64; x64) AppleWebKit/537.36 (KHTML, like Gecko) Chrome/99.0.4844.84 Safari/537.36 OPR/85.0.4341.47
sec-ch-ua-platform: "Windows"
Accept: image/avif,image/webp,image/apng,image/svg+xml,image/*,*/*;q=0.8
Sec-Fetch-Site: cross-site
Sec-Fetch-Mode: no-cors
Sec-Fetch-Dest: image
Referer: https://mail.ru/
Accept-Encoding: gzip, deflate, br
Accept-Language: ru-RU,ru;q=0.9,en-US;q=0.8,en;q=0.7

HTTP/1.1 204 No Content
Server: nginx
Date: Sun, 10 Apr 2022 12:50:31 GMT
Connection: keep-alive
Expires: Sun, 10 Apr 2022 12:50:31 GMT
Cache-Control: max-age=0
Cache-Control: no-store, must-revalidate

GET /recostream_pxt?qid=0d4a6212c95c5f26&split=2&meta_info=eJwT4vRgTGCsYOxg5NNS5uAQEiouKU2KTy5Oii8oys%2FNL8gvLpFgUGDUYDRgDDiy7ZC8kzjHkY23Py57fecwv8CVOV8Wv2JRYjE1NTDzMs8oKSlQNXZUNXIDooLSnOJUvdzEzBy9olIgPzk%2FNze1KDkzMSc%2BsagkMzknFShoZGlhaAIAxuYr3A%3D%3D&uh_vid=VA59pCYAAADL7%2BtXK5AxRhZJxU9Ibai3dhcgu%2BElIAShpPg0GXA4uV474TzG%2BMifGSNxd6UG&doc_id=5493094612736722689&source_id=3983617440101124466&site_hash=5510998942597236529&url=http%3A%2F%2Fpulse.mail.ru%2Fcommercial_article%2F29814&meta_type=doc&utm_marks=utm_content%3Dlenta_main_mail_ru_v1%26utm_partner_id%3D661%26utm_campaign%3Dmain%26utm_referrer%3Dhttps%253A%252F%252Fpulse.mail.ru%26utm_source%3Dpulse_mail_ru&card_t=single&cols=3&n=1&real_row=3&row=3&bid=106851719&p=doc_hit&slid=635895&type=csb&page_id=6742116485827821649595018454&stream_id=lenta_main_mail_ru_v1&reco_session_id=15bca096252d294&_=1649595023205 HTTP/1.1
Host: likemore-go.imgsmail.ru
Connection: keep-alive
sec-ch-ua: " Not A;Brand";v="99", "Chromium";v="99", "Opera";v="85"
sec-ch-ua-mobile: ?0
User-Agent: Mozilla/5.0 (Windows NT 6.1; Win64; x64) AppleWebKit/537.36 (KHTML, like Gecko) Chrome/99.0.4844.84 Safari/537.36 OPR/85.0.4341.47
sec-ch-ua-platform: "Windows"
Accept: image/avif,image/webp,image/apng,image/svg+xml,image/*,*/*;q=0.8
Sec-Fetch-Site: cross-site
Sec-Fetch-Mode: no-cors
Sec-Fetch-Dest: image
Referer: https://mail.ru/
Accept-Encoding: gzip, deflate, br
Accept-Language: ru-RU,ru;q=0.9,en-US;q=0.8,en;q=0.7

HTTP/1.1 204 No Content
Server: nginx
Date: Sun, 10 Apr 2022 12:50:31 GMT
Connection: keep-alive
Expires: Sun, 10 Apr 2022 12:50:31 GMT
Cache-Control: max-age=0
Cache-Control: no-store, must-revalidate

GET /recostream_pxt?qid=0d4a6212c95c5f26&split=2&meta_info=eJydkb1KA0EUhe9AiuU2RuJPjEoSbQSbgEQsrUREQbQJNuPsOOsOzOwMs7MkpVha%2BQB2gr2NWFiI5hHs9Am0EnwAd10Qsdz6wne%2Bcw%2Fu4jQ2uEm1oZrJhHqhrWJetNYCqEMTOrACPdiATdiGfRjAMcRg4YyQCxIED6S%2B1TxfvSTknpBHAniEy9gtaVGmlBcjT4fSxzTNwpQ7ab00SVqNvYMNnPxjOmROZ7Yaaw9ncOqfp3VGm2q4ZoFzQjFLI%2BNo3tQoxUIl8BAXsJVa43zurGjIkhPp0%2BpfhiJugF1sl%2FaWOZ8IlxMdiyLJqRjxmCWnlfYjuIjzOFcW4UZr4bhk6vdFeFCcy%2BAiTxnKMl5M%2BrNIpTKt2WB8%2B%2Fp58%2FH2PFF%2Fufq6fq8t1fr93npnfPfU%2FgbszanG&uh_vid=VA59pCYAAADLTa%2Fu44e6W5IJOrPw6B%2BDP7IL6Gz%2Bd2fEdw1%2BOwMEN8lQn9YD%2FYTc7xSB8L%2F2sqBPwg%3D%3D&cold_lenta=true&meta_type=hit&p=error&type=banner_block&cols=3&n=1&real_row=4&row=4&page_id=6742116485827821649595018454&stream_id=lenta_main_mail_ru_v1&reco_session_id=15bca096252d294&_=1649595023245 HTTP/1.1
Host: likemore-go.imgsmail.ru
Connection: keep-alive
sec-ch-ua: " Not A;Brand";v="99", "Chromium";v="99", "Opera";v="85"
sec-ch-ua-mobile: ?0
User-Agent: Mozilla/5.0 (Windows NT 6.1; Win64; x64) AppleWebKit/537.36 (KHTML, like Gecko) Chrome/99.0.4844.84 Safari/537.36 OPR/85.0.4341.47
sec-ch-ua-platform: "Windows"
Accept: image/avif,image/webp,image/apng,image/svg+xml,image/*,*/*;q=0.8
Sec-Fetch-Site: cross-site
Sec-Fetch-Mode: no-cors
Sec-Fetch-Dest: image
Referer: https://mail.ru/
Accept-Encoding: gzip, deflate, br
Accept-Language: ru-RU,ru;q=0.9,en-US;q=0.8,en;q=0.7

HTTP/1.1 204 No Content
Server: nginx
Date: Sun, 10 Apr 2022 12:50:31 GMT
Connection: keep-alive
Expires: Sun, 10 Apr 2022 12:50:31 GMT
Cache-Control: max-age=0
Cache-Control: no-store, must-revalidate

