GET /msdownload/update/v3/static/trustedr/en/authrootstl.cab HTTP/1.1
Cache-Control: max-age = 900
Connection: Keep-Alive
Accept: */*
If-Modified-Since: Thu, 24 Feb 2022 19:15:35 GMT
If-None-Match: "80252ce6b229d81:0"
User-Agent: Microsoft-CryptoAPI/6.1
Host: www.download.windowsupdate.com

HTTP/1.1 304 Not Modified
Accept-Ranges: bytes
Age: 160
Cache-Control: public,max-age=900
Date: Sun, 10 Apr 2022 12:40:23 GMT
Etag: "80252ce6b229d81:0"
Last-Modified: Thu, 24 Feb 2022 19:15:35 GMT
Server: ECAcc (ska/F748)
X-Cache: HIT
X-CCC: SE
X-CID: 11
X-Powered-By: ASP.NET

