GET /api/v1/reco/build?stream_id=lenta_main_mail_ru_mediaproject&n=4 HTTP/1.1
Host: multimedia.pulse.mail.ru
Connection: keep-alive
sec-ch-ua: " Not A;Brand";v="99", "Chromium";v="99", "Opera";v="85"
sec-ch-ua-mobile: ?0
User-Agent: Mozilla/5.0 (Windows NT 6.1; Win64; x64) AppleWebKit/537.36 (KHTML, like Gecko) Chrome/99.0.4844.84 Safari/537.36 OPR/85.0.4341.47
sec-ch-ua-platform: "Windows"
Accept: */*
Origin: https://mail.ru
Sec-Fetch-Site: same-site
Sec-Fetch-Mode: cors
Sec-Fetch-Dest: empty
Referer: https://mail.ru/
Accept-Encoding: gzip, deflate, br
Accept-Language: ru-RU,ru;q=0.9,en-US;q=0.8,en;q=0.7
Cookie: act=aa8d600b6aea4a70813058a67050d659; mrcu=79946252D0433A68EF927B754FD5; p=v3EBAOkilvQA; searchuid=2964057031649425726; tmr_lvid=a726b3bcc70b1bbb986830becc80a966; tmr_lvidTS=1649594438750; mtrc=%7B%22mytrackerid%22%3A58519%2C%22tmr_lvid%22%3A%22undefined%22%7D; i=AQBG0FJiAgC9BwgEAYIVAYkNBQIBAA==; s=ww=1400|wh=790|fver=0; b=k0oQAKDlQBUA96OFEYkt0REVUosMe12rEX8nBQpBnm8MlaqFET/c4QgBAAAIr1tICgcywwxBrVMMrzanDG0Y3wxpYdsLixvfDKfY4psB; c=YNBSYgIAoFQLAAAUAAQAeYIAwAQAAKDgQMwDExoA; tmr_reqNum=18; VID=2aVGvK2eU8I900000c1CH4o9:::0-0-0-76d2908:CAASEDoGwVPkaH7W02aHwIKFyKAaYAWWI_QV2hpEiH8DzxLeDhPU_zgAUWzivj4Z0IZD_YuGyXgTzCWnXCtwDByoCDQ-tgiqNJS0W00RV0gspntO_cB9YR38imPIAoFjrAHmsFrfYg9WzPmZu8aMzCbIjhPaZg

HTTP/1.1 200 OK
Server: nginx
Date: Sun, 10 Apr 2022 12:42:39 GMT
Content-Type: application/json
Content-Length: 7891
Connection: keep-alive
Expires: Sun, 10 Apr 2022 12:42:39 GMT
Cache-Control: max-age=0
X-Content-Type-Options: nosniff
X-XSS-Protection: 1; mode=block; report=https://cspreport.mail.ru/xxssprotection
Cache-Control: no-cache, no-store, must-revalidate
Timing-Allow-Origin: https://mail.ru
Access-Control-Allow-Credentials: true
Access-Control-Allow-Origin: https://mail.ru
Access-Control-Allow-Methods: GET
Access-Control-Allow-Headers: Content-Type

{"items":[{"data":{"title":"Фото растолстевшего Уэсли Снейдера удивило болельщиков","desc":"Бывший полузащитник сборной Нидерландов Уэсли Снейдер значительно изменился после того, как завершил выступления.","url":"https://sportmail.ru/news/football/50810673/?frommail=ft_ml","pxt":{"base":["https://likemore-go.imgsmail.ru/multimedia_pxt?doc_id=7121682453063413667\u0026meta_info=eNpzEuQ4svH2x2Wv7xzmF7gy58viVywAZ1oK4Q%3D%3D\u0026meta_type=doc\u0026qid=0d7e1ed4-5898-4bfd-b251-0e5287d26e08\u0026source_id=5467704833012698134\u0026split=1\u0026stream_id=lenta_main_mail_ru_mediaproject\u0026title_position=1\u0026uh_vid=VA59pCYAAAA%3D\u0026url=https%3A%2F%2Fsportmail.ru%2Fnews%2Ffootball%2F50810673%2F%3Ffrommail%3Dft_ml\u0026p={PTYPE}"],"click":["https://likemore-go.imgsmail.ru/multimedia_pxt?doc_id=7121682453063413667\u0026meta_info=eNpzEuQ4svH2x2Wv7xzmF7gy58viVywAZ1oK4Q%3D%3D\u0026meta_type=doc\u0026qid=0d7e1ed4-5898-4bfd-b251-0e5287d26e08\u0026source_id=5467704833012698134\u0026split=1\u0026stream_id=lenta_main_mail_ru_mediaproject\u0026title_position=1\u0026uh_vid=VA59pCYAAAA%3D\u0026url=https%3A%2F%2Fsportmail.ru%2Fnews%2Ffootball%2F50810673%2F%3Ffrommail%3Dft_ml\u0026p=click"],"show":["https://likemore-go.imgsmail.ru/multimedia_pxt?doc_id=7121682453063413667\u0026meta_info=eNpzEuQ4svH2x2Wv7xzmF7gy58viVywAZ1oK4Q%3D%3D\u0026meta_type=doc\u0026qid=0d7e1ed4-5898-4bfd-b251-0e5287d26e08\u0026source_id=5467704833012698134\u0026split=1\u0026stream_id=lenta_main_mail_ru_mediaproject\u0026title_position=1\u0026uh_vid=VA59pCYAAAA%3D\u0026url=https%3A%2F%2Fsportmail.ru%2Fnews%2Ffootball%2F50810673%2F%3Ffrommail%3Dft_ml\u0026p=show"]},"source_label":"Спорт","source_id":"5467704833012698134","id":"7121682453063413667","image":"https://retina.news.mail.ru/prev120x90/pic/fd/2a/50810673_469466cccb7259baaa83a769e3c8385b.jpg","img_2x":"https://retina.news.mail.ru/prev240x180/pic/fd/2a/50810673_469466cccb7259baaa83a769e3c8385b.jpg","hot":0}},{"data":{"title":"Чего нельзя позволять мастерам в шиномонтаже?","url":"https://auto.mail.ru/article/83999-chego-nelzya-pozvolyat-masteram-v-shinomontazhe/?frommail=ft_ml","pxt":{"base":["https://likemore-go.imgsmail.ru/multimedia_pxt?doc_id=8183771580757939661\u0026meta_info=eNpzEuQ4svH2x2Wv7xzmF7gy58viVywAZ1oK4Q%3D%3D\u0026meta_type=doc\u0026qid=0d7e1ed4-5898-4bfd-b251-0e5287d26e08\u0026source_id=4321147930496292046\u0026split=1\u0026stream_id=lenta_main_mail_ru_mediaproject\u0026title_position=1\u0026uh_vid=VA59pCYAAAA%3D\u0026url=https%3A%2F%2Fauto.mail.ru%2Farticle%2F83999-chego-nelzya-pozvolyat-masteram-v-shinomontazhe%2F%3Ffrommail%3Dft_ml\u0026p={PTYPE}"],"click":["https://likemore-go.imgsmail.ru/multimedia_pxt?doc_id=8183771580757939661\u0026meta_info=eNpzEuQ4svH2x2Wv7xzmF7gy58viVywAZ1oK4Q%3D%3D\u0026meta_type=doc\u0026qid=0d7e1ed4-5898-4bfd-b251-0e5287d26e08\u0026source_id=4321147930496292046\u0026split=1\u0026stream_id=lenta_main_mail_ru_mediaproject\u0026title_position=1\u0026uh_vid=VA59pCYAAAA%3D\u0026url=https%3A%2F%2Fauto.mail.ru%2Farticle%2F83999-chego-nelzya-pozvolyat-masteram-v-shinomontazhe%2F%3Ffrommail%3Dft_ml\u0026p=click"],"show":["https://likemore-go.imgsmail.ru/multimedia_pxt?doc_id=8183771580757939661\u0026meta_info=eNpzEuQ4svH2x2Wv7xzmF7gy58viVywAZ1oK4Q%3D%3D\u0026meta_type=doc\u0026qid=0d7e1ed4-5898-4bfd-b251-0e5287d26e08\u0026source_id=4321147930496292046\u0026split=1\u0026stream_id=lenta_main_mail_ru_mediaproject\u0026title_position=1\u0026uh_vid=VA59pCYAAAA%3D\u0026url=https%3A%2F%2Fauto.mail.ru%2Farticle%2F83999-chego-nelzya-pozvolyat-masteram-v-shinomontazhe%2F%3Ffrommail%3Dft_ml\u0026p=show"]},"source_label":"Авто","source_id":"4321147930496292046","id":"8183771580757939661","image":"https://resizer.mail.ru/p/22537460-24d6-50aa-ab20-d68e338b7e02/AQABOvsf5SOiAK_1LvLb01tMIevvi4aFSh3EP1I0E6SV0JNUoGeUT0eRlmepx-lVZZV0-iORPHmBCEdS1yhNdrqHUrQ.jpg","hot":0}},{"data":{"title":"Матч НХЛ «Флорида» — «Баффало» завершился массовой дракой","url":"https://sportmail.ru/news/hockey-nhl/50812289/?frommail=ft_ml","pxt":{"base":["https://likemore-go.imgsmail.ru/multimedia_pxt?doc_id=437009710039160238\u0026meta_info=eNpzEuQ4svH2x2Wv7xzmF7gy58viVywAZ1oK4Q%3D%3D\u0026meta_type=doc\u0026qid=0d7e1ed4-5898-4bfd-b251-0e5287d26e08\u0026source_id=5467704833012698134\u0026split=1\u0026stream_id=lenta_main_mail_ru_mediaproject\u0026title_position=1\u0026uh_vid=VA59pCYAAAA%3D\u0026url=https%3A%2F%2Fsportmail.ru%2Fnews%2Fhockey-nhl%2F50812289%2F%3Ffrommail%3Dft_ml\u0026p={PTYPE}"],"click":["https://likemore-go.imgsmail.ru/multimedia_pxt?doc_id=437009710039160238\u0026meta_info=eNpzEuQ4svH2x2Wv7xzmF7gy58viVywAZ1oK4Q%3D%3D\u0026meta_type=doc\u0026qid=0d7e1ed4-5898-4bfd-b251-0e5287d26e08\u0026source_id=5467704833012698134\u0026split=1\u0026stream_id=lenta_main_mail_ru_mediaproject\u0026title_position=1\u0026uh_vid=VA59pCYAAAA%3D\u0026url=https%3A%2F%2Fsportmail.ru%2Fnews%2Fhockey-nhl%2F50812289%2F%3Ffrommail%3Dft_ml\u0026p=click"],"show":["https://likemore-go.imgsmail.ru/multimedia_pxt?doc_id=437009710039160238\u0026meta_info=eNpzEuQ4svH2x2Wv7xzmF7gy58viVywAZ1oK4Q%3D%3D\u0026meta_type=doc\u0026qid=0d7e1ed4-5898-4bfd-b251-0e5287d26e08\u0026source_id=5467704833012698134\u0026split=1\u0026stream_id=lenta_main_mail_ru_mediaproject\u0026title_position=1\u0026uh_vid=VA59pCYAAAA%3D\u0026url=https%3A%2F%2Fsportmail.ru%2Fnews%2Fhockey-nhl%2F50812289%2F%3Ffrommail%3Dft_ml\u0026p=show"]},"source_label":"Спорт","source_id":"5467704833012698134","id":"437009710039160238","image":"https://retina.news.mail.ru/prev120x90/pic/f1/da/50812289_f8107909d37f00dd5d66598438d5feff.jpg","hot":0}},{"data":{"title":"Теннисист поставил перед собой задачу стать худшим в мире","url":"https://sportmail.ru/news/tennis/50811659/?frommail=ft_ml","pxt":{"base":["https://likemore-go.imgsmail.ru/multimedia_pxt?doc_id=7085522938776250074\u0026meta_info=eNpzEuQ4svH2x2Wv7xzmF7gy58viVywAZ1oK4Q%3D%3D\u0026meta_type=doc\u0026qid=0d7e1ed4-5898-4bfd-b251-0e5287d26e08\u0026source_id=5467704833012698134\u0026split=1\u0026stream_id=lenta_main_mail_ru_mediaproject\u0026title_position=1\u0026uh_vid=VA59pCYAAAA%3D\u0026url=https%3A%2F%2Fsportmail.ru%2Fnews%2Ftennis%2F50811659%2F%3Ffrommail%3Dft_ml\u0026p={PTYPE}"],"click":["https://likemore-go.imgsmail.ru/multimedia_pxt?doc_id=7085522938776250074\u0026meta_info=eNpzEuQ4svH2x2Wv7xzmF7gy58viVywAZ1oK4Q%3D%3D\u0026meta_type=doc\u0026qid=0d7e1ed4-5898-4bfd-b251-0e5287d26e08\u0026source_id=5467704833012698134\u0026split=1\u0026stream_id=lenta_main_mail_ru_mediaproject\u0026title_position=1\u0026uh_vid=VA59pCYAAAA%3D\u0026url=https%3A%2F%2Fsportmail.ru%2Fnews%2Ftennis%2F50811659%2F%3Ffrommail%3Dft_ml\u0026p=click"],"show":["https://likemore-go.imgsmail.ru/multimedia_pxt?doc_id=7085522938776250074\u0026meta_info=eNpzEuQ4svH2x2Wv7xzmF7gy58viVywAZ1oK4Q%3D%3D\u0026meta_type=doc\u0026qid=0d7e1ed4-5898-4bfd-b251-0e5287d26e08\u0026source_id=5467704833012698134\u0026split=1\u0026stream_id=lenta_main_mail_ru_mediaproject\u0026title_position=1\u0026uh_vid=VA59pCYAAAA%3D\u0026url=https%3A%2F%2Fsportmail.ru%2Fnews%2Ftennis%2F50811659%2F%3Ffrommail%3Dft_ml\u0026p=show"]},"source_label":"Спорт","source_id":"5467704833012698134","id":"7085522938776250074","image":"https://retina.news.mail.ru/prev120x90/pic/f2/12/50811659_1707d3980e1bbe9cd076f2b4bb3ed89e.jpg","hot":0}}],"pxt":{"hit":["https://likemore-go.imgsmail.ru/multimedia_pxt?meta_info=eNqTEuQ4svH2x2Wv7xzmF7gy58viVywAZGIKuQ%3D%3D\u0026meta_type=hit\u0026p=hit\u0026qid=0d7e1ed4-5898-4bfd-b251-0e5287d26e08\u0026split=1\u0026stream_id=lenta_main_mail_ru_mediaproject\u0026uh_vid=VA59pCYAAAA%3D"]}}GET /api/v1/reco/build?stream_id=lenta_main_mail_ru_mediaproject&n=4 HTTP/1.1
Host: multimedia.pulse.mail.ru
Connection: keep-alive
sec-ch-ua: " Not A;Brand";v="99", "Chromium";v="99", "Opera";v="85"
sec-ch-ua-mobile: ?0
User-Agent: Mozilla/5.0 (Windows NT 6.1; Win64; x64) AppleWebKit/537.36 (KHTML, like Gecko) Chrome/99.0.4844.84 Safari/537.36 OPR/85.0.4341.47
sec-ch-ua-platform: "Windows"
Accept: */*
Origin: https://mail.ru
Sec-Fetch-Site: same-site
Sec-Fetch-Mode: cors
Sec-Fetch-Dest: empty
Referer: https://mail.ru/
Accept-Encoding: gzip, deflate, br
Accept-Language: ru-RU,ru;q=0.9,en-US;q=0.8,en;q=0.7
Cookie: act=aa8d600b6aea4a70813058a67050d659; mrcu=79946252D0433A68EF927B754FD5; p=v3EBAOkilvQA; searchuid=2964057031649425726; tmr_lvid=a726b3bcc70b1bbb986830becc80a966; tmr_lvidTS=1649594438750; mtrc=%7B%22mytrackerid%22%3A58519%2C%22tmr_lvid%22%3A%22undefined%22%7D; i=AQBG0FJiAgC9BwgEAYIVAYkNBQIBAA==; s=ww=1400|wh=790|fver=0; b=k0oQAKDlQBUA96OFEYkt0REVUosMe12rEX8nBQpBnm8MlaqFET/c4QgBAAAIr1tICgcywwxBrVMMrzanDG0Y3wxpYdsLixvfDKfY4psB; c=YNBSYgIAoFQLAAAUAAQAeYIAwAQAAKDgQMwDExoA; tmr_reqNum=18; VID=2aVGvK2eU8I900000c1CH4o9:::0-0-0-76d2908:CAASEEeV7pJsnh6RNkn3IyFfpngaYFjcgs4kaHEOkwKqXISAnUjySTk2CAgNkJ3Sd0sVMymntQiPGNKDc6xjUjtqb6uqK0YrQdxffptxU7XVeVriwfKOaKhqd979oMC4d7ekw4c5wmwgiVmhyksCxgwnZ5TIXw

HTTP/1.1 200 OK
Server: nginx
Date: Sun, 10 Apr 2022 12:43:03 GMT
Content-Type: application/json
Content-Length: 7687
Connection: keep-alive
Expires: Sun, 10 Apr 2022 12:43:03 GMT
Cache-Control: max-age=0
X-Content-Type-Options: nosniff
X-XSS-Protection: 1; mode=block; report=https://cspreport.mail.ru/xxssprotection
Cache-Control: no-cache, no-store, must-revalidate
Timing-Allow-Origin: https://mail.ru
Access-Control-Allow-Credentials: true
Access-Control-Allow-Origin: https://mail.ru
Access-Control-Allow-Methods: GET
Access-Control-Allow-Headers: Content-Type

{"items":[{"data":{"title":"Ирина Шейк показала идеальную фигуру в купальнике","desc":"Модель наслаждается отпуском.","url":"https://lady.mail.ru/article/525633-irina-shejk-pokazala-idealnuju-figuru-v-kupalnike/?frommail=ft_ml","pxt":{"base":["https://likemore-go.imgsmail.ru/multimedia_pxt?doc_id=5830709375859699745\u0026meta_info=eNpzEuQ4svH2x2Wv7xzmF7gy58viVywAZ1oK4Q%3D%3D\u0026meta_type=doc\u0026qid=29138e91-1ad3-4161-a824-94f093bbf013\u0026source_id=909872003914671233\u0026split=1\u0026stream_id=lenta_main_mail_ru_mediaproject\u0026title_position=1\u0026uh_vid=VA59pCYAAAA%3D\u0026url=https%3A%2F%2Flady.mail.ru%2Farticle%2F525633-irina-shejk-pokazala-idealnuju-figuru-v-kupalnike%2F%3Ffrommail%3Dft_ml\u0026p={PTYPE}"],"click":["https://likemore-go.imgsmail.ru/multimedia_pxt?doc_id=5830709375859699745\u0026meta_info=eNpzEuQ4svH2x2Wv7xzmF7gy58viVywAZ1oK4Q%3D%3D\u0026meta_type=doc\u0026qid=29138e91-1ad3-4161-a824-94f093bbf013\u0026source_id=909872003914671233\u0026split=1\u0026stream_id=lenta_main_mail_ru_mediaproject\u0026title_position=1\u0026uh_vid=VA59pCYAAAA%3D\u0026url=https%3A%2F%2Flady.mail.ru%2Farticle%2F525633-irina-shejk-pokazala-idealnuju-figuru-v-kupalnike%2F%3Ffrommail%3Dft_ml\u0026p=click"],"show":["https://likemore-go.imgsmail.ru/multimedia_pxt?doc_id=5830709375859699745\u0026meta_info=eNpzEuQ4svH2x2Wv7xzmF7gy58viVywAZ1oK4Q%3D%3D\u0026meta_type=doc\u0026qid=29138e91-1ad3-4161-a824-94f093bbf013\u0026source_id=909872003914671233\u0026split=1\u0026stream_id=lenta_main_mail_ru_mediaproject\u0026title_position=1\u0026uh_vid=VA59pCYAAAA%3D\u0026url=https%3A%2F%2Flady.mail.ru%2Farticle%2F525633-irina-shejk-pokazala-idealnuju-figuru-v-kupalnike%2F%3Ffrommail%3Dft_ml\u0026p=show"]},"source_label":"Леди","source_id":"909872003914671233","id":"5830709375859699745","image":"https://images.lady.mail.ru/2118532/","img_2x":"https://images.lady.mail.ru/2118532/?retina=1","hot":0}},{"data":{"title":"Фото растолстевшего Уэсли Снейдера удивило болельщиков","url":"https://sportmail.ru/news/football/50810673/?frommail=ft_ml","pxt":{"base":["https://likemore-go.imgsmail.ru/multimedia_pxt?doc_id=7121682453063413667\u0026meta_info=eNpzEuQ4svH2x2Wv7xzmF7gy58viVywAZ1oK4Q%3D%3D\u0026meta_type=doc\u0026qid=29138e91-1ad3-4161-a824-94f093bbf013\u0026source_id=5467704833012698134\u0026split=1\u0026stream_id=lenta_main_mail_ru_mediaproject\u0026title_position=1\u0026uh_vid=VA59pCYAAAA%3D\u0026url=https%3A%2F%2Fsportmail.ru%2Fnews%2Ffootball%2F50810673%2F%3Ffrommail%3Dft_ml\u0026p={PTYPE}"],"click":["https://likemore-go.imgsmail.ru/multimedia_pxt?doc_id=7121682453063413667\u0026meta_info=eNpzEuQ4svH2x2Wv7xzmF7gy58viVywAZ1oK4Q%3D%3D\u0026meta_type=doc\u0026qid=29138e91-1ad3-4161-a824-94f093bbf013\u0026source_id=5467704833012698134\u0026split=1\u0026stream_id=lenta_main_mail_ru_mediaproject\u0026title_position=1\u0026uh_vid=VA59pCYAAAA%3D\u0026url=https%3A%2F%2Fsportmail.ru%2Fnews%2Ffootball%2F50810673%2F%3Ffrommail%3Dft_ml\u0026p=click"],"show":["https://likemore-go.imgsmail.ru/multimedia_pxt?doc_id=7121682453063413667\u0026meta_info=eNpzEuQ4svH2x2Wv7xzmF7gy58viVywAZ1oK4Q%3D%3D\u0026meta_type=doc\u0026qid=29138e91-1ad3-4161-a824-94f093bbf013\u0026source_id=5467704833012698134\u0026split=1\u0026stream_id=lenta_main_mail_ru_mediaproject\u0026title_position=1\u0026uh_vid=VA59pCYAAAA%3D\u0026url=https%3A%2F%2Fsportmail.ru%2Fnews%2Ffootball%2F50810673%2F%3Ffrommail%3Dft_ml\u0026p=show"]},"source_label":"Спорт","source_id":"5467704833012698134","id":"7121682453063413667","image":"https://retina.news.mail.ru/prev120x90/pic/fd/2a/50810673_469466cccb7259baaa83a769e3c8385b.jpg","hot":0}},{"data":{"title":"Биолог рассказала, какие вакцины лучше","url":"https://health.mail.ru/news/importnoe_ili_otechestvennoe_biolog_antonina/?frommail=ft_ml","pxt":{"base":["https://likemore-go.imgsmail.ru/multimedia_pxt?doc_id=893086636562600057\u0026meta_info=eNpzEuQ4svH2x2Wv7xzmF7gy58viVywAZ1oK4Q%3D%3D\u0026meta_type=doc\u0026qid=29138e91-1ad3-4161-a824-94f093bbf013\u0026source_id=6600118591033920462\u0026split=1\u0026stream_id=lenta_main_mail_ru_mediaproject\u0026title_position=1\u0026uh_vid=VA59pCYAAAA%3D\u0026url=https%3A%2F%2Fhealth.mail.ru%2Fnews%2Fimportnoe_ili_otechestvennoe_biolog_antonina%2F%3Ffrommail%3Dft_ml\u0026p={PTYPE}"],"click":["https://likemore-go.imgsmail.ru/multimedia_pxt?doc_id=893086636562600057\u0026meta_info=eNpzEuQ4svH2x2Wv7xzmF7gy58viVywAZ1oK4Q%3D%3D\u0026meta_type=doc\u0026qid=29138e91-1ad3-4161-a824-94f093bbf013\u0026source_id=6600118591033920462\u0026split=1\u0026stream_id=lenta_main_mail_ru_mediaproject\u0026title_position=1\u0026uh_vid=VA59pCYAAAA%3D\u0026url=https%3A%2F%2Fhealth.mail.ru%2Fnews%2Fimportnoe_ili_otechestvennoe_biolog_antonina%2F%3Ffrommail%3Dft_ml\u0026p=click"],"show":["https://likemore-go.imgsmail.ru/multimedia_pxt?doc_id=893086636562600057\u0026meta_info=eNpzEuQ4svH2x2Wv7xzmF7gy58viVywAZ1oK4Q%3D%3D\u0026meta_type=doc\u0026qid=29138e91-1ad3-4161-a824-94f093bbf013\u0026source_id=6600118591033920462\u0026split=1\u0026stream_id=lenta_main_mail_ru_mediaproject\u0026title_position=1\u0026uh_vid=VA59pCYAAAA%3D\u0026url=https%3A%2F%2Fhealth.mail.ru%2Fnews%2Fimportnoe_ili_otechestvennoe_biolog_antonina%2F%3Ffrommail%3Dft_ml\u0026p=show"]},"source_label":"Здоровье","source_id":"6600118591033920462","id":"893086636562600057","image":"https://health.mail.ru/pre_rect120x90_crop/pic/informers/2022/04/08/8e569974-9459-40ef-b4f0-03b88c1da10f.jpg?jpeg=1","hot":0}},{"data":{"title":"В\u0026nbsp;сети скупают микроскопы для\u0026nbsp;смартфонов. Что\u0026nbsp;это и\u0026nbsp;где купить","url":"https://hi-tech.mail.ru/review/57420-ali-2022-11/?frommail=ft_ml","pxt":{"base":["https://likemore-go.imgsmail.ru/multimedia_pxt?doc_id=6345833997937669737\u0026meta_info=eNpzEuQ4svH2x2Wv7xzmF7gy58viVywAZ1oK4Q%3D%3D\u0026meta_type=doc\u0026qid=29138e91-1ad3-4161-a824-94f093bbf013\u0026source_id=42\u0026split=1\u0026stream_id=lenta_main_mail_ru_mediaproject\u0026title_position=1\u0026uh_vid=VA59pCYAAAA%3D\u0026url=https%3A%2F%2Fhi-tech.mail.ru%2Freview%2F57420-ali-2022-11%2F%3Ffrommail%3Dft_ml\u0026p={PTYPE}"],"click":["https://likemore-go.imgsmail.ru/multimedia_pxt?doc_id=6345833997937669737\u0026meta_info=eNpzEuQ4svH2x2Wv7xzmF7gy58viVywAZ1oK4Q%3D%3D\u0026meta_type=doc\u0026qid=29138e91-1ad3-4161-a824-94f093bbf013\u0026source_id=42\u0026split=1\u0026stream_id=lenta_main_mail_ru_mediaproject\u0026title_position=1\u0026uh_vid=VA59pCYAAAA%3D\u0026url=https%3A%2F%2Fhi-tech.mail.ru%2Freview%2F57420-ali-2022-11%2F%3Ffrommail%3Dft_ml\u0026p=click"],"show":["https://likemore-go.imgsmail.ru/multimedia_pxt?doc_id=6345833997937669737\u0026meta_info=eNpzEuQ4svH2x2Wv7xzmF7gy58viVywAZ1oK4Q%3D%3D\u0026meta_type=doc\u0026qid=29138e91-1ad3-4161-a824-94f093bbf013\u0026source_id=42\u0026split=1\u0026stream_id=lenta_main_mail_ru_mediaproject\u0026title_position=1\u0026uh_vid=VA59pCYAAAA%3D\u0026url=https%3A%2F%2Fhi-tech.mail.ru%2Freview%2F57420-ali-2022-11%2F%3Ffrommail%3Dft_ml\u0026p=show"]},"source_label":"Шоппинг","source_id":"42","id":"6345833997937669737","image":"https://htstatic.imgsmail.ru/pic_image/f191eca40fa0b8e025a96bc9a0c01354/120/90/4294967295/?compress_to_size=1","hot":0}}],"pxt":{"hit":["https://likemore-go.imgsmail.ru/multimedia_pxt?meta_info=eNqTEuQ4svH2x2Wv7xzmF7gy58viVywAZGIKuQ%3D%3D\u0026meta_type=hit\u0026p=hit\u0026qid=29138e91-1ad3-4161-a824-94f093bbf013\u0026split=1\u0026stream_id=lenta_main_mail_ru_mediaproject\u0026uh_vid=VA59pCYAAAA%3D"]}}GET /api/v1/reco/build?stream_id=lenta_main_mail_ru_mediaproject&n=4 HTTP/1.1
Host: multimedia.pulse.mail.ru
Connection: keep-alive
sec-ch-ua: " Not A;Brand";v="99", "Chromium";v="99", "Opera";v="85"
sec-ch-ua-mobile: ?0
User-Agent: Mozilla/5.0 (Windows NT 6.1; Win64; x64) AppleWebKit/537.36 (KHTML, like Gecko) Chrome/99.0.4844.84 Safari/537.36 OPR/85.0.4341.47
sec-ch-ua-platform: "Windows"
Accept: */*
Origin: https://mail.ru
Sec-Fetch-Site: same-site
Sec-Fetch-Mode: cors
Sec-Fetch-Dest: empty
Referer: https://mail.ru/
Accept-Encoding: gzip, deflate, br
Accept-Language: ru-RU,ru;q=0.9,en-US;q=0.8,en;q=0.7
Cookie: act=aa8d600b6aea4a70813058a67050d659; mrcu=79946252D0433A68EF927B754FD5; p=v3EBAOkilvQA; searchuid=2964057031649425726; tmr_lvid=a726b3bcc70b1bbb986830becc80a966; tmr_lvidTS=1649594438750; mtrc=%7B%22mytrackerid%22%3A58519%2C%22tmr_lvid%22%3A%22undefined%22%7D; i=AQBG0FJiAgC9BwgEAYIVAYkNBQIBAA==; s=ww=1400|wh=790|fver=0; b=k0oQAKDlQBUA96OFEYkt0REVUosMe12rEX8nBQpBnm8MlaqFET/c4QgBAAAIr1tICgcywwxBrVMMrzanDG0Y3wxpYdsLixvfDKfY4psB; c=YNBSYgIAoFQLAAAUAAQAeYIAwAQAAKDgQMwDExoA; tmr_reqNum=18; VID=2aVGvK2eU8I900000c1CH4o9:::0-0-0-76d2908:CAASEEeV7pJsnh6RNkn3IyFfpngaYFjcgs4kaHEOkwKqXISAnUjySTk2CAgNkJ3Sd0sVMymntQiPGNKDc6xjUjtqb6uqK0YrQdxffptxU7XVeVriwfKOaKhqd979oMC4d7ekw4c5wmwgiVmhyksCxgwnZ5TIXw

HTTP/1.1 200 OK
Server: nginx
Date: Sun, 10 Apr 2022 12:43:21 GMT
Content-Type: application/json
Content-Length: 7894
Connection: keep-alive
Expires: Sun, 10 Apr 2022 12:43:21 GMT
Cache-Control: max-age=0
X-Content-Type-Options: nosniff
X-XSS-Protection: 1; mode=block; report=https://cspreport.mail.ru/xxssprotection
Cache-Control: no-cache, no-store, must-revalidate
Timing-Allow-Origin: https://mail.ru
Access-Control-Allow-Credentials: true
Access-Control-Allow-Origin: https://mail.ru
Access-Control-Allow-Methods: GET
Access-Control-Allow-Headers: Content-Type

{"items":[{"data":{"title":"Фото растолстевшего Уэсли Снейдера удивило болельщиков","desc":"Бывший полузащитник сборной Нидерландов Уэсли Снейдер значительно изменился после того, как завершил выступления.","url":"https://sportmail.ru/news/football/50810673/?frommail=ft_ml","pxt":{"base":["https://likemore-go.imgsmail.ru/multimedia_pxt?doc_id=7121682453063413667\u0026meta_info=eNpzEuQ4svH2x2Wv7xzmF7gy58viVywAZ1oK4Q%3D%3D\u0026meta_type=doc\u0026qid=8a59fee8-0241-4f76-84d3-46fba52581e1\u0026source_id=5467704833012698134\u0026split=1\u0026stream_id=lenta_main_mail_ru_mediaproject\u0026title_position=1\u0026uh_vid=VA59pCYAAAA%3D\u0026url=https%3A%2F%2Fsportmail.ru%2Fnews%2Ffootball%2F50810673%2F%3Ffrommail%3Dft_ml\u0026p={PTYPE}"],"click":["https://likemore-go.imgsmail.ru/multimedia_pxt?doc_id=7121682453063413667\u0026meta_info=eNpzEuQ4svH2x2Wv7xzmF7gy58viVywAZ1oK4Q%3D%3D\u0026meta_type=doc\u0026qid=8a59fee8-0241-4f76-84d3-46fba52581e1\u0026source_id=5467704833012698134\u0026split=1\u0026stream_id=lenta_main_mail_ru_mediaproject\u0026title_position=1\u0026uh_vid=VA59pCYAAAA%3D\u0026url=https%3A%2F%2Fsportmail.ru%2Fnews%2Ffootball%2F50810673%2F%3Ffrommail%3Dft_ml\u0026p=click"],"show":["https://likemore-go.imgsmail.ru/multimedia_pxt?doc_id=7121682453063413667\u0026meta_info=eNpzEuQ4svH2x2Wv7xzmF7gy58viVywAZ1oK4Q%3D%3D\u0026meta_type=doc\u0026qid=8a59fee8-0241-4f76-84d3-46fba52581e1\u0026source_id=5467704833012698134\u0026split=1\u0026stream_id=lenta_main_mail_ru_mediaproject\u0026title_position=1\u0026uh_vid=VA59pCYAAAA%3D\u0026url=https%3A%2F%2Fsportmail.ru%2Fnews%2Ffootball%2F50810673%2F%3Ffrommail%3Dft_ml\u0026p=show"]},"source_label":"Спорт","source_id":"5467704833012698134","id":"7121682453063413667","image":"https://retina.news.mail.ru/prev120x90/pic/fd/2a/50810673_469466cccb7259baaa83a769e3c8385b.jpg","img_2x":"https://retina.news.mail.ru/prev240x180/pic/fd/2a/50810673_469466cccb7259baaa83a769e3c8385b.jpg","hot":0}},{"data":{"title":"В\u0026nbsp;сети скупают микроскопы для\u0026nbsp;смартфонов. Что\u0026nbsp;это и\u0026nbsp;где купить","url":"https://hi-tech.mail.ru/review/57420-ali-2022-11/?frommail=ft_ml","pxt":{"base":["https://likemore-go.imgsmail.ru/multimedia_pxt?doc_id=6345833997937669737\u0026meta_info=eNpzEuQ4svH2x2Wv7xzmF7gy58viVywAZ1oK4Q%3D%3D\u0026meta_type=doc\u0026qid=8a59fee8-0241-4f76-84d3-46fba52581e1\u0026source_id=42\u0026split=1\u0026stream_id=lenta_main_mail_ru_mediaproject\u0026title_position=1\u0026uh_vid=VA59pCYAAAA%3D\u0026url=https%3A%2F%2Fhi-tech.mail.ru%2Freview%2F57420-ali-2022-11%2F%3Ffrommail%3Dft_ml\u0026p={PTYPE}"],"click":["https://likemore-go.imgsmail.ru/multimedia_pxt?doc_id=6345833997937669737\u0026meta_info=eNpzEuQ4svH2x2Wv7xzmF7gy58viVywAZ1oK4Q%3D%3D\u0026meta_type=doc\u0026qid=8a59fee8-0241-4f76-84d3-46fba52581e1\u0026source_id=42\u0026split=1\u0026stream_id=lenta_main_mail_ru_mediaproject\u0026title_position=1\u0026uh_vid=VA59pCYAAAA%3D\u0026url=https%3A%2F%2Fhi-tech.mail.ru%2Freview%2F57420-ali-2022-11%2F%3Ffrommail%3Dft_ml\u0026p=click"],"show":["https://likemore-go.imgsmail.ru/multimedia_pxt?doc_id=6345833997937669737\u0026meta_info=eNpzEuQ4svH2x2Wv7xzmF7gy58viVywAZ1oK4Q%3D%3D\u0026meta_type=doc\u0026qid=8a59fee8-0241-4f76-84d3-46fba52581e1\u0026source_id=42\u0026split=1\u0026stream_id=lenta_main_mail_ru_mediaproject\u0026title_position=1\u0026uh_vid=VA59pCYAAAA%3D\u0026url=https%3A%2F%2Fhi-tech.mail.ru%2Freview%2F57420-ali-2022-11%2F%3Ffrommail%3Dft_ml\u0026p=show"]},"source_label":"Шоппинг","source_id":"42","id":"6345833997937669737","image":"https://htstatic.imgsmail.ru/pic_image/f191eca40fa0b8e025a96bc9a0c01354/120/90/4294967295/?compress_to_size=1","hot":0}},{"data":{"title":"Биолог рассказала, какие вакцины лучше","url":"https://health.mail.ru/news/importnoe_ili_otechestvennoe_biolog_antonina/?frommail=ft_ml","pxt":{"base":["https://likemore-go.imgsmail.ru/multimedia_pxt?doc_id=893086636562600057\u0026meta_info=eNpzEuQ4svH2x2Wv7xzmF7gy58viVywAZ1oK4Q%3D%3D\u0026meta_type=doc\u0026qid=8a59fee8-0241-4f76-84d3-46fba52581e1\u0026source_id=6600118591033920462\u0026split=1\u0026stream_id=lenta_main_mail_ru_mediaproject\u0026title_position=1\u0026uh_vid=VA59pCYAAAA%3D\u0026url=https%3A%2F%2Fhealth.mail.ru%2Fnews%2Fimportnoe_ili_otechestvennoe_biolog_antonina%2F%3Ffrommail%3Dft_ml\u0026p={PTYPE}"],"click":["https://likemore-go.imgsmail.ru/multimedia_pxt?doc_id=893086636562600057\u0026meta_info=eNpzEuQ4svH2x2Wv7xzmF7gy58viVywAZ1oK4Q%3D%3D\u0026meta_type=doc\u0026qid=8a59fee8-0241-4f76-84d3-46fba52581e1\u0026source_id=6600118591033920462\u0026split=1\u0026stream_id=lenta_main_mail_ru_mediaproject\u0026title_position=1\u0026uh_vid=VA59pCYAAAA%3D\u0026url=https%3A%2F%2Fhealth.mail.ru%2Fnews%2Fimportnoe_ili_otechestvennoe_biolog_antonina%2F%3Ffrommail%3Dft_ml\u0026p=click"],"show":["https://likemore-go.imgsmail.ru/multimedia_pxt?doc_id=893086636562600057\u0026meta_info=eNpzEuQ4svH2x2Wv7xzmF7gy58viVywAZ1oK4Q%3D%3D\u0026meta_type=doc\u0026qid=8a59fee8-0241-4f76-84d3-46fba52581e1\u0026source_id=6600118591033920462\u0026split=1\u0026stream_id=lenta_main_mail_ru_mediaproject\u0026title_position=1\u0026uh_vid=VA59pCYAAAA%3D\u0026url=https%3A%2F%2Fhealth.mail.ru%2Fnews%2Fimportnoe_ili_otechestvennoe_biolog_antonina%2F%3Ffrommail%3Dft_ml\u0026p=show"]},"source_label":"Здоровье","source_id":"6600118591033920462","id":"893086636562600057","image":"https://health.mail.ru/pre_rect120x90_crop/pic/informers/2022/04/08/8e569974-9459-40ef-b4f0-03b88c1da10f.jpg?jpeg=1","hot":0}},{"data":{"title":"Ирина Шейк показала идеальную фигуру в купальнике","url":"https://lady.mail.ru/article/525633-irina-shejk-pokazala-idealnuju-figuru-v-kupalnike/?frommail=ft_ml","pxt":{"base":["https://likemore-go.imgsmail.ru/multimedia_pxt?doc_id=5830709375859699745\u0026meta_info=eNpzEuQ4svH2x2Wv7xzmF7gy58viVywAZ1oK4Q%3D%3D\u0026meta_type=doc\u0026qid=8a59fee8-0241-4f76-84d3-46fba52581e1\u0026source_id=909872003914671233\u0026split=1\u0026stream_id=lenta_main_mail_ru_mediaproject\u0026title_position=1\u0026uh_vid=VA59pCYAAAA%3D\u0026url=https%3A%2F%2Flady.mail.ru%2Farticle%2F525633-irina-shejk-pokazala-idealnuju-figuru-v-kupalnike%2F%3Ffrommail%3Dft_ml\u0026p={PTYPE}"],"click":["https://likemore-go.imgsmail.ru/multimedia_pxt?doc_id=5830709375859699745\u0026meta_info=eNpzEuQ4svH2x2Wv7xzmF7gy58viVywAZ1oK4Q%3D%3D\u0026meta_type=doc\u0026qid=8a59fee8-0241-4f76-84d3-46fba52581e1\u0026source_id=909872003914671233\u0026split=1\u0026stream_id=lenta_main_mail_ru_mediaproject\u0026title_position=1\u0026uh_vid=VA59pCYAAAA%3D\u0026url=https%3A%2F%2Flady.mail.ru%2Farticle%2F525633-irina-shejk-pokazala-idealnuju-figuru-v-kupalnike%2F%3Ffrommail%3Dft_ml\u0026p=click"],"show":["https://likemore-go.imgsmail.ru/multimedia_pxt?doc_id=5830709375859699745\u0026meta_info=eNpzEuQ4svH2x2Wv7xzmF7gy58viVywAZ1oK4Q%3D%3D\u0026meta_type=doc\u0026qid=8a59fee8-0241-4f76-84d3-46fba52581e1\u0026source_id=909872003914671233\u0026split=1\u0026stream_id=lenta_main_mail_ru_mediaproject\u0026title_position=1\u0026uh_vid=VA59pCYAAAA%3D\u0026url=https%3A%2F%2Flady.mail.ru%2Farticle%2F525633-irina-shejk-pokazala-idealnuju-figuru-v-kupalnike%2F%3Ffrommail%3Dft_ml\u0026p=show"]},"source_label":"Леди","source_id":"909872003914671233","id":"5830709375859699745","image":"https://images.lady.mail.ru/2118532/","hot":0}}],"pxt":{"hit":["https://likemore-go.imgsmail.ru/multimedia_pxt?meta_info=eNqTEuQ4svH2x2Wv7xzmF7gy58viVywAZGIKuQ%3D%3D\u0026meta_type=hit\u0026p=hit\u0026qid=8a59fee8-0241-4f76-84d3-46fba52581e1\u0026split=1\u0026stream_id=lenta_main_mail_ru_mediaproject\u0026uh_vid=VA59pCYAAAA%3D"]}}GET /api/v1/reco/build?stream_id=lenta_main_mail_ru_mediaproject&n=4 HTTP/1.1
Host: multimedia.pulse.mail.ru
Connection: keep-alive
sec-ch-ua: " Not A;Brand";v="99", "Chromium";v="99", "Opera";v="85"
sec-ch-ua-mobile: ?0
User-Agent: Mozilla/5.0 (Windows NT 6.1; Win64; x64) AppleWebKit/537.36 (KHTML, like Gecko) Chrome/99.0.4844.84 Safari/537.36 OPR/85.0.4341.47
sec-ch-ua-platform: "Windows"
Accept: */*
Origin: https://mail.ru
Sec-Fetch-Site: same-site
Sec-Fetch-Mode: cors
Sec-Fetch-Dest: empty
Referer: https://mail.ru/
Accept-Encoding: gzip, deflate, br
Accept-Language: ru-RU,ru;q=0.9,en-US;q=0.8,en;q=0.7
Cookie: act=aa8d600b6aea4a70813058a67050d659; mrcu=79946252D0433A68EF927B754FD5; p=v3EBAOkilvQA; searchuid=2964057031649425726; tmr_lvid=a726b3bcc70b1bbb986830becc80a966; tmr_lvidTS=1649594438750; mtrc=%7B%22mytrackerid%22%3A58519%2C%22tmr_lvid%22%3A%22undefined%22%7D; i=AQBG0FJiAgC9BwgEAYIVAYkNBQIBAA==; s=ww=1400|wh=790|fver=0; b=k0oQAKDlQBUA96OFEYkt0REVUosMe12rEX8nBQpBnm8MlaqFET/c4QgBAAAIr1tICgcywwxBrVMMrzanDG0Y3wxpYdsLixvfDKfY4psB; c=YNBSYgIAoFQLAAAUAAQAeYIAwAQAAKDgQMwDExoA; tmr_reqNum=18; VID=2aVGvK2eU8I900000c1CH4o9:::0-0-0-76d2908:CAASEEeV7pJsnh6RNkn3IyFfpngaYFjcgs4kaHEOkwKqXISAnUjySTk2CAgNkJ3Sd0sVMymntQiPGNKDc6xjUjtqb6uqK0YrQdxffptxU7XVeVriwfKOaKhqd979oMC4d7ekw4c5wmwgiVmhyksCxgwnZ5TIXw

HTTP/1.1 200 OK
Server: nginx
Date: Sun, 10 Apr 2022 12:43:35 GMT
Content-Type: application/json
Content-Length: 7982
Connection: keep-alive
Expires: Sun, 10 Apr 2022 12:43:35 GMT
Cache-Control: max-age=0
X-Content-Type-Options: nosniff
X-XSS-Protection: 1; mode=block; report=https://cspreport.mail.ru/xxssprotection
Cache-Control: no-cache, no-store, must-revalidate
Timing-Allow-Origin: https://mail.ru
Access-Control-Allow-Credentials: true
Access-Control-Allow-Origin: https://mail.ru
Access-Control-Allow-Methods: GET
Access-Control-Allow-Headers: Content-Type

{"items":[{"data":{"title":"Фото растолстевшего Уэсли Снейдера удивило болельщиков","desc":"Бывший полузащитник сборной Нидерландов Уэсли Снейдер значительно изменился после того, как завершил выступления.","url":"https://sportmail.ru/news/football/50810673/?frommail=ft_ml","pxt":{"base":["https://likemore-go.imgsmail.ru/multimedia_pxt?doc_id=7121682453063413667\u0026meta_info=eNpzEuQ4svH2x2Wv7xzmF7gy58viVywAZ1oK4Q%3D%3D\u0026meta_type=doc\u0026qid=c8b9b0e7-6784-4028-9eca-5c691e77a124\u0026source_id=5467704833012698134\u0026split=1\u0026stream_id=lenta_main_mail_ru_mediaproject\u0026title_position=1\u0026uh_vid=VA59pCYAAAA%3D\u0026url=https%3A%2F%2Fsportmail.ru%2Fnews%2Ffootball%2F50810673%2F%3Ffrommail%3Dft_ml\u0026p={PTYPE}"],"click":["https://likemore-go.imgsmail.ru/multimedia_pxt?doc_id=7121682453063413667\u0026meta_info=eNpzEuQ4svH2x2Wv7xzmF7gy58viVywAZ1oK4Q%3D%3D\u0026meta_type=doc\u0026qid=c8b9b0e7-6784-4028-9eca-5c691e77a124\u0026source_id=5467704833012698134\u0026split=1\u0026stream_id=lenta_main_mail_ru_mediaproject\u0026title_position=1\u0026uh_vid=VA59pCYAAAA%3D\u0026url=https%3A%2F%2Fsportmail.ru%2Fnews%2Ffootball%2F50810673%2F%3Ffrommail%3Dft_ml\u0026p=click"],"show":["https://likemore-go.imgsmail.ru/multimedia_pxt?doc_id=7121682453063413667\u0026meta_info=eNpzEuQ4svH2x2Wv7xzmF7gy58viVywAZ1oK4Q%3D%3D\u0026meta_type=doc\u0026qid=c8b9b0e7-6784-4028-9eca-5c691e77a124\u0026source_id=5467704833012698134\u0026split=1\u0026stream_id=lenta_main_mail_ru_mediaproject\u0026title_position=1\u0026uh_vid=VA59pCYAAAA%3D\u0026url=https%3A%2F%2Fsportmail.ru%2Fnews%2Ffootball%2F50810673%2F%3Ffrommail%3Dft_ml\u0026p=show"]},"source_label":"Спорт","source_id":"5467704833012698134","id":"7121682453063413667","image":"https://retina.news.mail.ru/prev120x90/pic/fd/2a/50810673_469466cccb7259baaa83a769e3c8385b.jpg","img_2x":"https://retina.news.mail.ru/prev240x180/pic/fd/2a/50810673_469466cccb7259baaa83a769e3c8385b.jpg","hot":0}},{"data":{"title":"Чего нельзя позволять мастерам в шиномонтаже?","url":"https://auto.mail.ru/article/83999-chego-nelzya-pozvolyat-masteram-v-shinomontazhe/?frommail=ft_ml","pxt":{"base":["https://likemore-go.imgsmail.ru/multimedia_pxt?doc_id=8183771580757939661\u0026meta_info=eNpzEuQ4svH2x2Wv7xzmF7gy58viVywAZ1oK4Q%3D%3D\u0026meta_type=doc\u0026qid=c8b9b0e7-6784-4028-9eca-5c691e77a124\u0026source_id=4321147930496292046\u0026split=1\u0026stream_id=lenta_main_mail_ru_mediaproject\u0026title_position=1\u0026uh_vid=VA59pCYAAAA%3D\u0026url=https%3A%2F%2Fauto.mail.ru%2Farticle%2F83999-chego-nelzya-pozvolyat-masteram-v-shinomontazhe%2F%3Ffrommail%3Dft_ml\u0026p={PTYPE}"],"click":["https://likemore-go.imgsmail.ru/multimedia_pxt?doc_id=8183771580757939661\u0026meta_info=eNpzEuQ4svH2x2Wv7xzmF7gy58viVywAZ1oK4Q%3D%3D\u0026meta_type=doc\u0026qid=c8b9b0e7-6784-4028-9eca-5c691e77a124\u0026source_id=4321147930496292046\u0026split=1\u0026stream_id=lenta_main_mail_ru_mediaproject\u0026title_position=1\u0026uh_vid=VA59pCYAAAA%3D\u0026url=https%3A%2F%2Fauto.mail.ru%2Farticle%2F83999-chego-nelzya-pozvolyat-masteram-v-shinomontazhe%2F%3Ffrommail%3Dft_ml\u0026p=click"],"show":["https://likemore-go.imgsmail.ru/multimedia_pxt?doc_id=8183771580757939661\u0026meta_info=eNpzEuQ4svH2x2Wv7xzmF7gy58viVywAZ1oK4Q%3D%3D\u0026meta_type=doc\u0026qid=c8b9b0e7-6784-4028-9eca-5c691e77a124\u0026source_id=4321147930496292046\u0026split=1\u0026stream_id=lenta_main_mail_ru_mediaproject\u0026title_position=1\u0026uh_vid=VA59pCYAAAA%3D\u0026url=https%3A%2F%2Fauto.mail.ru%2Farticle%2F83999-chego-nelzya-pozvolyat-masteram-v-shinomontazhe%2F%3Ffrommail%3Dft_ml\u0026p=show"]},"source_label":"Авто","source_id":"4321147930496292046","id":"8183771580757939661","image":"https://resizer.mail.ru/p/22537460-24d6-50aa-ab20-d68e338b7e02/AQABOvsf5SOiAK_1LvLb01tMIevvi4aFSh3EP1I0E6SV0JNUoGeUT0eRlmepx-lVZZV0-iORPHmBCEdS1yhNdrqHUrQ.jpg","hot":0}},{"data":{"title":"Биолог рассказала, какие вакцины лучше","url":"https://health.mail.ru/news/importnoe_ili_otechestvennoe_biolog_antonina/?frommail=ft_ml","pxt":{"base":["https://likemore-go.imgsmail.ru/multimedia_pxt?doc_id=893086636562600057\u0026meta_info=eNpzEuQ4svH2x2Wv7xzmF7gy58viVywAZ1oK4Q%3D%3D\u0026meta_type=doc\u0026qid=c8b9b0e7-6784-4028-9eca-5c691e77a124\u0026source_id=6600118591033920462\u0026split=1\u0026stream_id=lenta_main_mail_ru_mediaproject\u0026title_position=1\u0026uh_vid=VA59pCYAAAA%3D\u0026url=https%3A%2F%2Fhealth.mail.ru%2Fnews%2Fimportnoe_ili_otechestvennoe_biolog_antonina%2F%3Ffrommail%3Dft_ml\u0026p={PTYPE}"],"click":["https://likemore-go.imgsmail.ru/multimedia_pxt?doc_id=893086636562600057\u0026meta_info=eNpzEuQ4svH2x2Wv7xzmF7gy58viVywAZ1oK4Q%3D%3D\u0026meta_type=doc\u0026qid=c8b9b0e7-6784-4028-9eca-5c691e77a124\u0026source_id=6600118591033920462\u0026split=1\u0026stream_id=lenta_main_mail_ru_mediaproject\u0026title_position=1\u0026uh_vid=VA59pCYAAAA%3D\u0026url=https%3A%2F%2Fhealth.mail.ru%2Fnews%2Fimportnoe_ili_otechestvennoe_biolog_antonina%2F%3Ffrommail%3Dft_ml\u0026p=click"],"show":["https://likemore-go.imgsmail.ru/multimedia_pxt?doc_id=893086636562600057\u0026meta_info=eNpzEuQ4svH2x2Wv7xzmF7gy58viVywAZ1oK4Q%3D%3D\u0026meta_type=doc\u0026qid=c8b9b0e7-6784-4028-9eca-5c691e77a124\u0026source_id=6600118591033920462\u0026split=1\u0026stream_id=lenta_main_mail_ru_mediaproject\u0026title_position=1\u0026uh_vid=VA59pCYAAAA%3D\u0026url=https%3A%2F%2Fhealth.mail.ru%2Fnews%2Fimportnoe_ili_otechestvennoe_biolog_antonina%2F%3Ffrommail%3Dft_ml\u0026p=show"]},"source_label":"Здоровье","source_id":"6600118591033920462","id":"893086636562600057","image":"https://health.mail.ru/pre_rect120x90_crop/pic/informers/2022/04/08/8e569974-9459-40ef-b4f0-03b88c1da10f.jpg?jpeg=1","hot":0}},{"data":{"title":"Теннисист поставил перед собой задачу стать худшим в мире","url":"https://sportmail.ru/news/tennis/50811659/?frommail=ft_ml","pxt":{"base":["https://likemore-go.imgsmail.ru/multimedia_pxt?doc_id=7085522938776250074\u0026meta_info=eNpzEuQ4svH2x2Wv7xzmF7gy58viVywAZ1oK4Q%3D%3D\u0026meta_type=doc\u0026qid=c8b9b0e7-6784-4028-9eca-5c691e77a124\u0026source_id=5467704833012698134\u0026split=1\u0026stream_id=lenta_main_mail_ru_mediaproject\u0026title_position=1\u0026uh_vid=VA59pCYAAAA%3D\u0026url=https%3A%2F%2Fsportmail.ru%2Fnews%2Ftennis%2F50811659%2F%3Ffrommail%3Dft_ml\u0026p={PTYPE}"],"click":["https://likemore-go.imgsmail.ru/multimedia_pxt?doc_id=7085522938776250074\u0026meta_info=eNpzEuQ4svH2x2Wv7xzmF7gy58viVywAZ1oK4Q%3D%3D\u0026meta_type=doc\u0026qid=c8b9b0e7-6784-4028-9eca-5c691e77a124\u0026source_id=5467704833012698134\u0026split=1\u0026stream_id=lenta_main_mail_ru_mediaproject\u0026title_position=1\u0026uh_vid=VA59pCYAAAA%3D\u0026url=https%3A%2F%2Fsportmail.ru%2Fnews%2Ftennis%2F50811659%2F%3Ffrommail%3Dft_ml\u0026p=click"],"show":["https://likemore-go.imgsmail.ru/multimedia_pxt?doc_id=7085522938776250074\u0026meta_info=eNpzEuQ4svH2x2Wv7xzmF7gy58viVywAZ1oK4Q%3D%3D\u0026meta_type=doc\u0026qid=c8b9b0e7-6784-4028-9eca-5c691e77a124\u0026source_id=5467704833012698134\u0026split=1\u0026stream_id=lenta_main_mail_ru_mediaproject\u0026title_position=1\u0026uh_vid=VA59pCYAAAA%3D\u0026url=https%3A%2F%2Fsportmail.ru%2Fnews%2Ftennis%2F50811659%2F%3Ffrommail%3Dft_ml\u0026p=show"]},"source_label":"Спорт","source_id":"5467704833012698134","id":"7085522938776250074","image":"https://retina.news.mail.ru/prev120x90/pic/f2/12/50811659_1707d3980e1bbe9cd076f2b4bb3ed89e.jpg","hot":0}}],"pxt":{"hit":["https://likemore-go.imgsmail.ru/multimedia_pxt?meta_info=eNqTEuQ4svH2x2Wv7xzmF7gy58viVywAZGIKuQ%3D%3D\u0026meta_type=hit\u0026p=hit\u0026qid=c8b9b0e7-6784-4028-9eca-5c691e77a124\u0026split=1\u0026stream_id=lenta_main_mail_ru_mediaproject\u0026uh_vid=VA59pCYAAAA%3D"]}}