POST /showpxt?pxn=news_show&_=1650082855778&experimentId=undefined&sitezone=15&segment=undefined&page_id=16496844163191649733703256&user_hash=&email=&mpop=2&count_of_email=0&platform=desktop&version=resplash&tab_name=main&tab_index=0&news_count=0&news= HTTP/1.1
Host: fmdata.imgsmail.ru
Connection: keep-alive
Content-Length: 0
sec-ch-ua: " Not A;Brand";v="99", "Chromium";v="99", "Opera";v="85"
sec-ch-ua-mobile: ?0
User-Agent: Mozilla/5.0 (Windows NT 6.1; Win64; x64) AppleWebKit/537.36 (KHTML, like Gecko) Chrome/99.0.4844.84 Safari/537.36 OPR/85.0.4341.47
sec-ch-ua-platform: "Windows"
Accept: */*
Origin: https://mail.ru
Sec-Fetch-Site: cross-site
Sec-Fetch-Mode: no-cors
Sec-Fetch-Dest: empty
Referer: https://mail.ru/
Accept-Encoding: gzip, deflate, br
Accept-Language: ru-RU,ru;q=0.9,en-US;q=0.8,en;q=0.7

HTTP/1.1 204 No Content
Server: nginx
Date: Sun, 10 Apr 2022 12:40:39 GMT
Connection: keep-alive

POST /showpxt?pxn=ads_banner_show&_=1650528203342&experimentId=undefined&sitezone=15&segment=undefined&page_id=16496844163191649733703256&user_hash=&email=&mpop=2&count_of_email=0&platform=desktop&version=resplash HTTP/1.1
Host: fmdata.imgsmail.ru
Connection: keep-alive
Content-Length: 0
sec-ch-ua: " Not A;Brand";v="99", "Chromium";v="99", "Opera";v="85"
sec-ch-ua-mobile: ?0
User-Agent: Mozilla/5.0 (Windows NT 6.1; Win64; x64) AppleWebKit/537.36 (KHTML, like Gecko) Chrome/99.0.4844.84 Safari/537.36 OPR/85.0.4341.47
sec-ch-ua-platform: "Windows"
Accept: */*
Origin: https://mail.ru
Sec-Fetch-Site: cross-site
Sec-Fetch-Mode: no-cors
Sec-Fetch-Dest: empty
Referer: https://mail.ru/
Accept-Encoding: gzip, deflate, br
Accept-Language: ru-RU,ru;q=0.9,en-US;q=0.8,en;q=0.7

HTTP/1.1 204 No Content
Server: nginx
Date: Sun, 10 Apr 2022 12:40:39 GMT
Connection: keep-alive

POST /showpxt?pxn=apps_show&_=1649859074274&experimentId=undefined&sitezone=15&segment=undefined&page_id=16498975418091649855852955&user_hash=MmFWR3ZLMmVVOEk5MDAwMDBjMUNING85Ojo6MC0wLTAtNzZkMjkwODpDQUFTRVBvQTg4VTkxRjR3ZjFZNmQ2RVRwRklhWUZ2alpjd0U4dGdGNnZSSU00QldOc0E5eGhNOUh3c3NYUFU0bDdtNnlFdDNSYVVxVWoxUVJTR25sTThRLVJMaUtHWjJyN0lCRV9vb044UGtXaEN0SUo3SjF5cHphTVJqUVJKTkZtRlNCSFRxYUNkWU1pOGxCaEFNY1doSmFVQVA2UQ%3D%3D&email=&mpop=0&count_of_email=0&platform=desktop&version=resplash&apps=vk%2Cok%2Ccloud%2Cvkjob%2Ctv%2Ccombo%2Cyoula HTTP/1.1
Host: fmdata.imgsmail.ru
Connection: keep-alive
Content-Length: 0
sec-ch-ua: " Not A;Brand";v="99", "Chromium";v="99", "Opera";v="85"
sec-ch-ua-mobile: ?0
User-Agent: Mozilla/5.0 (Windows NT 6.1; Win64; x64) AppleWebKit/537.36 (KHTML, like Gecko) Chrome/99.0.4844.84 Safari/537.36 OPR/85.0.4341.47
sec-ch-ua-platform: "Windows"
Accept: */*
Origin: https://mail.ru
Sec-Fetch-Site: cross-site
Sec-Fetch-Mode: no-cors
Sec-Fetch-Dest: empty
Referer: https://mail.ru/
Accept-Encoding: gzip, deflate, br
Accept-Language: ru-RU,ru;q=0.9,en-US;q=0.8,en;q=0.7

HTTP/1.1 204 No Content
Server: nginx
Date: Sun, 10 Apr 2022 12:41:02 GMT
Connection: keep-alive

POST /showpxt?pxn=main_show&_=1650425252243&experimentId=undefined&sitezone=15&segment=undefined&page_id=16498975418091649855852955&user_hash=MmFWR3ZLMmVVOEk5MDAwMDBjMUNING85Ojo6MC0wLTAtNzZkMjkwODpDQUFTRVBvQTg4VTkxRjR3ZjFZNmQ2RVRwRklhWUZ2alpjd0U4dGdGNnZSSU00QldOc0E5eGhNOUh3c3NYUFU0bDdtNnlFdDNSYVVxVWoxUVJTR25sTThRLVJMaUtHWjJyN0lCRV9vb044UGtXaEN0SUo3SjF5cHphTVJqUVJKTkZtRlNCSFRxYUNkWU1pOGxCaEFNY1doSmFVQVA2UQ%3D%3D&email=&mpop=0&count_of_email=0&platform=desktop&version=resplash&project=resplash&test_id=&cnt=&view_port_width=1400&view_port_height=788 HTTP/1.1
Host: fmdata.imgsmail.ru
Connection: keep-alive
Content-Length: 0
sec-ch-ua: " Not A;Brand";v="99", "Chromium";v="99", "Opera";v="85"
sec-ch-ua-mobile: ?0
User-Agent: Mozilla/5.0 (Windows NT 6.1; Win64; x64) AppleWebKit/537.36 (KHTML, like Gecko) Chrome/99.0.4844.84 Safari/537.36 OPR/85.0.4341.47
sec-ch-ua-platform: "Windows"
Accept: */*
Origin: https://mail.ru
Sec-Fetch-Site: cross-site
Sec-Fetch-Mode: no-cors
Sec-Fetch-Dest: empty
Referer: https://mail.ru/
Accept-Encoding: gzip, deflate, br
Accept-Language: ru-RU,ru;q=0.9,en-US;q=0.8,en;q=0.7

HTTP/1.1 204 No Content
Server: nginx
Date: Sun, 10 Apr 2022 12:41:02 GMT
Connection: keep-alive

POST /showpxt?pxn=covid_show&_=1649635953239&experimentId=undefined&sitezone=15&segment=undefined&page_id=16498975418091649855852955&user_hash=MmFWR3ZLMmVVOEk5MDAwMDBjMUNING85Ojo6MC0wLTAtNzZkMjkwODpDQUFTRVBvQTg4VTkxRjR3ZjFZNmQ2RVRwRklhWUZ2alpjd0U4dGdGNnZSSU00QldOc0E5eGhNOUh3c3NYUFU0bDdtNnlFdDNSYVVxVWoxUVJTR25sTThRLVJMaUtHWjJyN0lCRV9vb044UGtXaEN0SUo3SjF5cHphTVJqUVJKTkZtRlNCSFRxYUNkWU1pOGxCaEFNY1doSmFVQVA2UQ%3D%3D&email=&mpop=0&count_of_email=0&platform=desktop&version=resplash HTTP/1.1
Host: fmdata.imgsmail.ru
Connection: keep-alive
Content-Length: 0
sec-ch-ua: " Not A;Brand";v="99", "Chromium";v="99", "Opera";v="85"
sec-ch-ua-mobile: ?0
User-Agent: Mozilla/5.0 (Windows NT 6.1; Win64; x64) AppleWebKit/537.36 (KHTML, like Gecko) Chrome/99.0.4844.84 Safari/537.36 OPR/85.0.4341.47
sec-ch-ua-platform: "Windows"
Accept: */*
Origin: https://mail.ru
Sec-Fetch-Site: cross-site
Sec-Fetch-Mode: no-cors
Sec-Fetch-Dest: empty
Referer: https://mail.ru/
Accept-Encoding: gzip, deflate, br
Accept-Language: ru-RU,ru;q=0.9,en-US;q=0.8,en;q=0.7

HTTP/1.1 204 No Content
Server: nginx
Date: Sun, 10 Apr 2022 12:41:03 GMT
Connection: keep-alive

POST /showpxt?pxn=pulse_show&_=1650277099113&experimentId=undefined&sitezone=15&segment=undefined&page_id=16498975418091649855852955&user_hash=MmFWR3ZLMmVVOEk5MDAwMDBjMUNING85Ojo6MC0wLTAtNzZkMjkwODpDQUFTRVBvQTg4VTkxRjR3ZjFZNmQ2RVRwRklhWUZ2alpjd0U4dGdGNnZSSU00QldOc0E5eGhNOUh3c3NYUFU0bDdtNnlFdDNSYVVxVWoxUVJTR25sTThRLVJMaUtHWjJyN0lCRV9vb044UGtXaEN0SUo3SjF5cHphTVJqUVJKTkZtRlNCSFRxYUNkWU1pOGxCaEFNY1doSmFVQVA2UQ%3D%3D&email=&mpop=0&count_of_email=0&platform=desktop&version=resplash HTTP/1.1
Host: fmdata.imgsmail.ru
Connection: keep-alive
Content-Length: 0
sec-ch-ua: " Not A;Brand";v="99", "Chromium";v="99", "Opera";v="85"
sec-ch-ua-mobile: ?0
User-Agent: Mozilla/5.0 (Windows NT 6.1; Win64; x64) AppleWebKit/537.36 (KHTML, like Gecko) Chrome/99.0.4844.84 Safari/537.36 OPR/85.0.4341.47
sec-ch-ua-platform: "Windows"
Accept: */*
Origin: https://mail.ru
Sec-Fetch-Site: cross-site
Sec-Fetch-Mode: no-cors
Sec-Fetch-Dest: empty
Referer: https://mail.ru/
Accept-Encoding: gzip, deflate, br
Accept-Language: ru-RU,ru;q=0.9,en-US;q=0.8,en;q=0.7

HTTP/1.1 204 No Content
Server: nginx
Date: Sun, 10 Apr 2022 12:41:03 GMT
Connection: keep-alive

POST /showpxt?pxn=ads_banner_show&_=1650183402162&experimentId=undefined&sitezone=15&segment=undefined&page_id=16498975418091649855852955&user_hash=MmFWR3ZLMmVVOEk5MDAwMDBjMUNING85Ojo6MC0wLTAtNzZkMjkwODpDQUFTRVBvQTg4VTkxRjR3ZjFZNmQ2RVRwRklhWUZ2alpjd0U4dGdGNnZSSU00QldOc0E5eGhNOUh3c3NYUFU0bDdtNnlFdDNSYVVxVWoxUVJTR25sTThRLVJMaUtHWjJyN0lCRV9vb044UGtXaEN0SUo3SjF5cHphTVJqUVJKTkZtRlNCSFRxYUNkWU1pOGxCaEFNY1doSmFVQVA2UQ%3D%3D&email=&mpop=0&count_of_email=0&platform=desktop&version=resplash HTTP/1.1
Host: fmdata.imgsmail.ru
Connection: keep-alive
Content-Length: 0
sec-ch-ua: " Not A;Brand";v="99", "Chromium";v="99", "Opera";v="85"
sec-ch-ua-mobile: ?0
User-Agent: Mozilla/5.0 (Windows NT 6.1; Win64; x64) AppleWebKit/537.36 (KHTML, like Gecko) Chrome/99.0.4844.84 Safari/537.36 OPR/85.0.4341.47
sec-ch-ua-platform: "Windows"
Accept: */*
Origin: https://mail.ru
Sec-Fetch-Site: cross-site
Sec-Fetch-Mode: no-cors
Sec-Fetch-Dest: empty
Referer: https://mail.ru/
Accept-Encoding: gzip, deflate, br
Accept-Language: ru-RU,ru;q=0.9,en-US;q=0.8,en;q=0.7

HTTP/1.1 204 No Content
Server: nginx
Date: Sun, 10 Apr 2022 12:41:03 GMT
Connection: keep-alive

POST /showpxt?pxn=ads_banner_show&_=1649969179326&experimentId=undefined&sitezone=15&segment=undefined&page_id=16496844163191649733703256&user_hash=&email=&mpop=2&count_of_email=0&platform=desktop&version=resplash HTTP/1.1
Host: fmdata.imgsmail.ru
Connection: keep-alive
Content-Length: 0
sec-ch-ua: " Not A;Brand";v="99", "Chromium";v="99", "Opera";v="85"
sec-ch-ua-mobile: ?0
User-Agent: Mozilla/5.0 (Windows NT 6.1; Win64; x64) AppleWebKit/537.36 (KHTML, like Gecko) Chrome/99.0.4844.84 Safari/537.36 OPR/85.0.4341.47
sec-ch-ua-platform: "Windows"
Accept: */*
Origin: https://mail.ru
Sec-Fetch-Site: cross-site
Sec-Fetch-Mode: no-cors
Sec-Fetch-Dest: empty
Referer: https://mail.ru/
Accept-Encoding: gzip, deflate, br
Accept-Language: ru-RU,ru;q=0.9,en-US;q=0.8,en;q=0.7

HTTP/1.1 204 No Content
Server: nginx
Date: Sun, 10 Apr 2022 12:41:09 GMT
Connection: keep-alive

POST /showpxt?pxn=ads_banner_show&_=1649646412043&experimentId=undefined&sitezone=15&segment=undefined&page_id=16496844163191649733703256&user_hash=&email=&mpop=2&count_of_email=0&platform=desktop&version=resplash HTTP/1.1
Host: fmdata.imgsmail.ru
Connection: keep-alive
Content-Length: 0
sec-ch-ua: " Not A;Brand";v="99", "Chromium";v="99", "Opera";v="85"
sec-ch-ua-mobile: ?0
User-Agent: Mozilla/5.0 (Windows NT 6.1; Win64; x64) AppleWebKit/537.36 (KHTML, like Gecko) Chrome/99.0.4844.84 Safari/537.36 OPR/85.0.4341.47
sec-ch-ua-platform: "Windows"
Accept: */*
Origin: https://mail.ru
Sec-Fetch-Site: cross-site
Sec-Fetch-Mode: no-cors
Sec-Fetch-Dest: empty
Referer: https://mail.ru/
Accept-Encoding: gzip, deflate, br
Accept-Language: ru-RU,ru;q=0.9,en-US;q=0.8,en;q=0.7

HTTP/1.1 204 No Content
Server: nginx
Date: Sun, 10 Apr 2022 12:41:40 GMT
Connection: keep-alive

POST /showpxt?pxn=ads_banner_show&_=1649865619434&experimentId=undefined&sitezone=15&segment=undefined&page_id=16496844163191649733703256&user_hash=&email=&mpop=2&count_of_email=0&platform=desktop&version=resplash HTTP/1.1
Host: fmdata.imgsmail.ru
Connection: keep-alive
Content-Length: 0
sec-ch-ua: " Not A;Brand";v="99", "Chromium";v="99", "Opera";v="85"
sec-ch-ua-mobile: ?0
User-Agent: Mozilla/5.0 (Windows NT 6.1; Win64; x64) AppleWebKit/537.36 (KHTML, like Gecko) Chrome/99.0.4844.84 Safari/537.36 OPR/85.0.4341.47
sec-ch-ua-platform: "Windows"
Accept: */*
Origin: https://mail.ru
Sec-Fetch-Site: cross-site
Sec-Fetch-Mode: no-cors
Sec-Fetch-Dest: empty
Referer: https://mail.ru/
Accept-Encoding: gzip, deflate, br
Accept-Language: ru-RU,ru;q=0.9,en-US;q=0.8,en;q=0.7

HTTP/1.1 204 No Content
Server: nginx
Date: Sun, 10 Apr 2022 12:42:11 GMT
Connection: keep-alive

POST /showpxt?pxn=ads_banner_show&_=1650109398444&experimentId=undefined&sitezone=15&segment=undefined&page_id=16496844163191649733703256&user_hash=&email=&mpop=2&count_of_email=0&platform=desktop&version=resplash HTTP/1.1
Host: fmdata.imgsmail.ru
Connection: keep-alive
Content-Length: 0
sec-ch-ua: " Not A;Brand";v="99", "Chromium";v="99", "Opera";v="85"
sec-ch-ua-mobile: ?0
User-Agent: Mozilla/5.0 (Windows NT 6.1; Win64; x64) AppleWebKit/537.36 (KHTML, like Gecko) Chrome/99.0.4844.84 Safari/537.36 OPR/85.0.4341.47
sec-ch-ua-platform: "Windows"
Accept: */*
Origin: https://mail.ru
Sec-Fetch-Site: cross-site
Sec-Fetch-Mode: no-cors
Sec-Fetch-Dest: empty
Referer: https://mail.ru/
Accept-Encoding: gzip, deflate, br
Accept-Language: ru-RU,ru;q=0.9,en-US;q=0.8,en;q=0.7

HTTP/1.1 204 No Content
Server: nginx
Date: Sun, 10 Apr 2022 12:42:42 GMT
Connection: keep-alive

POST /showpxt?pxn=ads_banner_show&_=1649879519796&experimentId=undefined&sitezone=15&segment=undefined&page_id=16496844163191649733703256&user_hash=&email=&mpop=2&count_of_email=0&platform=desktop&version=resplash HTTP/1.1
Host: fmdata.imgsmail.ru
Connection: keep-alive
Content-Length: 0
sec-ch-ua: " Not A;Brand";v="99", "Chromium";v="99", "Opera";v="85"
sec-ch-ua-mobile: ?0
User-Agent: Mozilla/5.0 (Windows NT 6.1; Win64; x64) AppleWebKit/537.36 (KHTML, like Gecko) Chrome/99.0.4844.84 Safari/537.36 OPR/85.0.4341.47
sec-ch-ua-platform: "Windows"
Accept: */*
Origin: https://mail.ru
Sec-Fetch-Site: cross-site
Sec-Fetch-Mode: no-cors
Sec-Fetch-Dest: empty
Referer: https://mail.ru/
Accept-Encoding: gzip, deflate, br
Accept-Language: ru-RU,ru;q=0.9,en-US;q=0.8,en;q=0.7

HTTP/1.1 204 No Content
Server: nginx
Date: Sun, 10 Apr 2022 12:43:12 GMT
Connection: keep-alive

POST /pxt?pxn=search_enter&_=1649815963536&experimentId=undefined&sitezone=15&segment=undefined&page_id=16496844163191649733703256&user_hash=&email=&mpop=2&count_of_email=0&platform=desktop&version=resplash HTTP/1.1
Host: fmdata.imgsmail.ru
Connection: keep-alive
Content-Length: 0
sec-ch-ua: " Not A;Brand";v="99", "Chromium";v="99", "Opera";v="85"
sec-ch-ua-mobile: ?0
User-Agent: Mozilla/5.0 (Windows NT 6.1; Win64; x64) AppleWebKit/537.36 (KHTML, like Gecko) Chrome/99.0.4844.84 Safari/537.36 OPR/85.0.4341.47
sec-ch-ua-platform: "Windows"
Accept: */*
Origin: https://mail.ru
Sec-Fetch-Site: cross-site
Sec-Fetch-Mode: no-cors
Sec-Fetch-Dest: empty
Referer: https://mail.ru/
Accept-Encoding: gzip, deflate, br
Accept-Language: ru-RU,ru;q=0.9,en-US;q=0.8,en;q=0.7

HTTP/1.1 204 No Content
Server: nginx
Date: Sun, 10 Apr 2022 12:43:42 GMT
Connection: keep-alive

POST /showpxt?pxn=search_trends_show&_=1649793819629&experimentId=undefined&sitezone=15&segment=undefined&page_id=16496844163191649733703256&user_hash=&email=&mpop=2&count_of_email=0&platform=desktop&version=resplash HTTP/1.1
Host: fmdata.imgsmail.ru
Connection: keep-alive
Content-Length: 0
sec-ch-ua: " Not A;Brand";v="99", "Chromium";v="99", "Opera";v="85"
sec-ch-ua-mobile: ?0
User-Agent: Mozilla/5.0 (Windows NT 6.1; Win64; x64) AppleWebKit/537.36 (KHTML, like Gecko) Chrome/99.0.4844.84 Safari/537.36 OPR/85.0.4341.47
sec-ch-ua-platform: "Windows"
Accept: */*
Origin: https://mail.ru
Sec-Fetch-Site: cross-site
Sec-Fetch-Mode: no-cors
Sec-Fetch-Dest: empty
Referer: https://mail.ru/
Accept-Encoding: gzip, deflate, br
Accept-Language: ru-RU,ru;q=0.9,en-US;q=0.8,en;q=0.7

HTTP/1.1 204 No Content
Server: nginx
Date: Sun, 10 Apr 2022 12:43:42 GMT
Connection: keep-alive

POST /showpxt?pxn=ads_banner_show&_=1650079527838&experimentId=undefined&sitezone=15&segment=undefined&page_id=16496844163191649733703256&user_hash=&email=&mpop=2&count_of_email=0&platform=desktop&version=resplash HTTP/1.1
Host: fmdata.imgsmail.ru
Connection: keep-alive
Content-Length: 0
sec-ch-ua: " Not A;Brand";v="99", "Chromium";v="99", "Opera";v="85"
sec-ch-ua-mobile: ?0
User-Agent: Mozilla/5.0 (Windows NT 6.1; Win64; x64) AppleWebKit/537.36 (KHTML, like Gecko) Chrome/99.0.4844.84 Safari/537.36 OPR/85.0.4341.47
sec-ch-ua-platform: "Windows"
Accept: */*
Origin: https://mail.ru
Sec-Fetch-Site: cross-site
Sec-Fetch-Mode: no-cors
Sec-Fetch-Dest: empty
Referer: https://mail.ru/
Accept-Encoding: gzip, deflate, br
Accept-Language: ru-RU,ru;q=0.9,en-US;q=0.8,en;q=0.7

HTTP/1.1 204 No Content
Server: nginx
Date: Sun, 10 Apr 2022 12:43:43 GMT
Connection: keep-alive

POST /showpxt?pxn=ads_banner_show&_=1650517097376&experimentId=undefined&sitezone=15&segment=undefined&page_id=16496844163191649733703256&user_hash=&email=&mpop=2&count_of_email=0&platform=desktop&version=resplash HTTP/1.1
Host: fmdata.imgsmail.ru
Connection: keep-alive
Content-Length: 0
sec-ch-ua: " Not A;Brand";v="99", "Chromium";v="99", "Opera";v="85"
sec-ch-ua-mobile: ?0
User-Agent: Mozilla/5.0 (Windows NT 6.1; Win64; x64) AppleWebKit/537.36 (KHTML, like Gecko) Chrome/99.0.4844.84 Safari/537.36 OPR/85.0.4341.47
sec-ch-ua-platform: "Windows"
Accept: */*
Origin: https://mail.ru
Sec-Fetch-Site: cross-site
Sec-Fetch-Mode: no-cors
Sec-Fetch-Dest: empty
Referer: https://mail.ru/
Accept-Encoding: gzip, deflate, br
Accept-Language: ru-RU,ru;q=0.9,en-US;q=0.8,en;q=0.7

HTTP/1.1 204 No Content
Server: nginx
Date: Sun, 10 Apr 2022 12:44:13 GMT
Connection: keep-alive

POST /showpxt?pxn=ads_banner_show&_=1649960275415&experimentId=undefined&sitezone=15&segment=undefined&page_id=16496844163191649733703256&user_hash=&email=&mpop=2&count_of_email=0&platform=desktop&version=resplash HTTP/1.1
Host: fmdata.imgsmail.ru
Connection: keep-alive
Content-Length: 0
sec-ch-ua: " Not A;Brand";v="99", "Chromium";v="99", "Opera";v="85"
sec-ch-ua-mobile: ?0
User-Agent: Mozilla/5.0 (Windows NT 6.1; Win64; x64) AppleWebKit/537.36 (KHTML, like Gecko) Chrome/99.0.4844.84 Safari/537.36 OPR/85.0.4341.47
sec-ch-ua-platform: "Windows"
Accept: */*
Origin: https://mail.ru
Sec-Fetch-Site: cross-site
Sec-Fetch-Mode: no-cors
Sec-Fetch-Dest: empty
Referer: https://mail.ru/
Accept-Encoding: gzip, deflate, br
Accept-Language: ru-RU,ru;q=0.9,en-US;q=0.8,en;q=0.7

HTTP/1.1 204 No Content
Server: nginx
Date: Sun, 10 Apr 2022 12:44:43 GMT
Connection: keep-alive

POST /showpxt?pxn=ads_banner_show&_=1649601601782&experimentId=undefined&sitezone=15&segment=undefined&page_id=16496844163191649733703256&user_hash=&email=&mpop=2&count_of_email=0&platform=desktop&version=resplash HTTP/1.1
Host: fmdata.imgsmail.ru
Connection: keep-alive
Content-Length: 0
sec-ch-ua: " Not A;Brand";v="99", "Chromium";v="99", "Opera";v="85"
sec-ch-ua-mobile: ?0
User-Agent: Mozilla/5.0 (Windows NT 6.1; Win64; x64) AppleWebKit/537.36 (KHTML, like Gecko) Chrome/99.0.4844.84 Safari/537.36 OPR/85.0.4341.47
sec-ch-ua-platform: "Windows"
Accept: */*
Origin: https://mail.ru
Sec-Fetch-Site: cross-site
Sec-Fetch-Mode: no-cors
Sec-Fetch-Dest: empty
Referer: https://mail.ru/
Accept-Encoding: gzip, deflate, br
Accept-Language: ru-RU,ru;q=0.9,en-US;q=0.8,en;q=0.7

HTTP/1.1 204 No Content
Server: nginx
Date: Sun, 10 Apr 2022 12:45:13 GMT
Connection: keep-alive

POST /showpxt?pxn=ads_banner_show&_=1649617787149&experimentId=undefined&sitezone=15&segment=undefined&page_id=16496844163191649733703256&user_hash=&email=&mpop=2&count_of_email=0&platform=desktop&version=resplash HTTP/1.1
Host: fmdata.imgsmail.ru
Connection: keep-alive
Content-Length: 0
sec-ch-ua: " Not A;Brand";v="99", "Chromium";v="99", "Opera";v="85"
sec-ch-ua-mobile: ?0
User-Agent: Mozilla/5.0 (Windows NT 6.1; Win64; x64) AppleWebKit/537.36 (KHTML, like Gecko) Chrome/99.0.4844.84 Safari/537.36 OPR/85.0.4341.47
sec-ch-ua-platform: "Windows"
Accept: */*
Origin: https://mail.ru
Sec-Fetch-Site: cross-site
Sec-Fetch-Mode: no-cors
Sec-Fetch-Dest: empty
Referer: https://mail.ru/
Accept-Encoding: gzip, deflate, br
Accept-Language: ru-RU,ru;q=0.9,en-US;q=0.8,en;q=0.7

HTTP/1.1 204 No Content
Server: nginx
Date: Sun, 10 Apr 2022 12:45:43 GMT
Connection: keep-alive

POST /showpxt?pxn=ads_banner_show&_=1650591886943&experimentId=undefined&sitezone=15&segment=undefined&page_id=16496844163191649733703256&user_hash=&email=&mpop=2&count_of_email=0&platform=desktop&version=resplash HTTP/1.1
Host: fmdata.imgsmail.ru
Connection: keep-alive
Content-Length: 0
sec-ch-ua: " Not A;Brand";v="99", "Chromium";v="99", "Opera";v="85"
sec-ch-ua-mobile: ?0
User-Agent: Mozilla/5.0 (Windows NT 6.1; Win64; x64) AppleWebKit/537.36 (KHTML, like Gecko) Chrome/99.0.4844.84 Safari/537.36 OPR/85.0.4341.47
sec-ch-ua-platform: "Windows"
Accept: */*
Origin: https://mail.ru
Sec-Fetch-Site: cross-site
Sec-Fetch-Mode: no-cors
Sec-Fetch-Dest: empty
Referer: https://mail.ru/
Accept-Encoding: gzip, deflate, br
Accept-Language: ru-RU,ru;q=0.9,en-US;q=0.8,en;q=0.7

HTTP/1.1 204 No Content
Server: nginx
Date: Sun, 10 Apr 2022 12:46:13 GMT
Connection: keep-alive

POST /showpxt?pxn=ads_banner_show&_=1650095067629&experimentId=undefined&sitezone=15&segment=undefined&page_id=16496844163191649733703256&user_hash=&email=&mpop=2&count_of_email=0&platform=desktop&version=resplash HTTP/1.1
Host: fmdata.imgsmail.ru
Connection: keep-alive
Content-Length: 0
sec-ch-ua: " Not A;Brand";v="99", "Chromium";v="99", "Opera";v="85"
sec-ch-ua-mobile: ?0
User-Agent: Mozilla/5.0 (Windows NT 6.1; Win64; x64) AppleWebKit/537.36 (KHTML, like Gecko) Chrome/99.0.4844.84 Safari/537.36 OPR/85.0.4341.47
sec-ch-ua-platform: "Windows"
Accept: */*
Origin: https://mail.ru
Sec-Fetch-Site: cross-site
Sec-Fetch-Mode: no-cors
Sec-Fetch-Dest: empty
Referer: https://mail.ru/
Accept-Encoding: gzip, deflate, br
Accept-Language: ru-RU,ru;q=0.9,en-US;q=0.8,en;q=0.7

HTTP/1.1 204 No Content
Server: nginx
Date: Sun, 10 Apr 2022 12:46:43 GMT
Connection: keep-alive

POST /showpxt?pxn=ads_banner_show&_=1649904120672&experimentId=undefined&sitezone=15&segment=undefined&page_id=16496844163191649733703256&user_hash=&email=&mpop=2&count_of_email=0&platform=desktop&version=resplash HTTP/1.1
Host: fmdata.imgsmail.ru
Connection: keep-alive
Content-Length: 0
sec-ch-ua: " Not A;Brand";v="99", "Chromium";v="99", "Opera";v="85"
sec-ch-ua-mobile: ?0
User-Agent: Mozilla/5.0 (Windows NT 6.1; Win64; x64) AppleWebKit/537.36 (KHTML, like Gecko) Chrome/99.0.4844.84 Safari/537.36 OPR/85.0.4341.47
sec-ch-ua-platform: "Windows"
Accept: */*
Origin: https://mail.ru
Sec-Fetch-Site: cross-site
Sec-Fetch-Mode: no-cors
Sec-Fetch-Dest: empty
Referer: https://mail.ru/
Accept-Encoding: gzip, deflate, br
Accept-Language: ru-RU,ru;q=0.9,en-US;q=0.8,en;q=0.7

HTTP/1.1 204 No Content
Server: nginx
Date: Sun, 10 Apr 2022 12:47:13 GMT
Connection: keep-alive

