POST /showpxt?pxn=mail_b_show&_=1650140818234&experimentId=undefined&sitezone=15&segment=undefined&page_id=16496844163191649733703256&user_hash=&email=&mpop=2&count_of_email=0&platform=desktop&version=resplash HTTP/1.1
Host: fmdata.imgsmail.ru
Connection: keep-alive
Content-Length: 0
sec-ch-ua: " Not A;Brand";v="99", "Chromium";v="99", "Opera";v="85"
sec-ch-ua-mobile: ?0
User-Agent: Mozilla/5.0 (Windows NT 6.1; Win64; x64) AppleWebKit/537.36 (KHTML, like Gecko) Chrome/99.0.4844.84 Safari/537.36 OPR/85.0.4341.47
sec-ch-ua-platform: "Windows"
Accept: */*
Origin: https://mail.ru
Sec-Fetch-Site: cross-site
Sec-Fetch-Mode: no-cors
Sec-Fetch-Dest: empty
Referer: https://mail.ru/
Accept-Encoding: gzip, deflate, br
Accept-Language: ru-RU,ru;q=0.9,en-US;q=0.8,en;q=0.7

HTTP/1.1 204 No Content
Server: nginx
Date: Sun, 10 Apr 2022 12:40:39 GMT
Connection: keep-alive

POST /showpxt?pxn=news_show&_=1650447012136&experimentId=undefined&sitezone=15&segment=undefined&page_id=16498975418091649855852955&user_hash=MmFWR3ZLMmVVOEk5MDAwMDBjMUNING85Ojo6MC0wLTAtNzZkMjkwODpDQUFTRVBvQTg4VTkxRjR3ZjFZNmQ2RVRwRklhWUZ2alpjd0U4dGdGNnZSSU00QldOc0E5eGhNOUh3c3NYUFU0bDdtNnlFdDNSYVVxVWoxUVJTR25sTThRLVJMaUtHWjJyN0lCRV9vb044UGtXaEN0SUo3SjF5cHphTVJqUVJKTkZtRlNCSFRxYUNkWU1pOGxCaEFNY1doSmFVQVA2UQ%3D%3D&email=&mpop=0&count_of_email=0&platform=desktop&version=resplash&tab_name=main&tab_index=0&news_count=14&news=https%3A%2F%2Fnews.mail.ru%2Feconomics%2F50821566%2F%3Ffrommail%3D1%2Chttps%3A%2F%2Fnews.mail.ru%2Feconomics%2F50821962%2F%3Ffrommail%3D1%2Chttps%3A%2F%2Fnews.mail.ru%2Fpolitics%2F50821726%2F%3Ffrommail%3D1%2Chttps%3A%2F%2Fnews.mail.ru%2Fpolitics%2F50820986%2F%3Ffrommail%3D1%2Chttps%3A%2F%2Fnews.mail.ru%2Fpolitics%2F50822811%2F%3Ffrommail%3D1%2Chttps%3A%2F%2Fnews.mail.ru%2Feconomics%2F50819104%2F%3Ffrommail%3D1%2Chttps%3A%2F%2Fnews.mail.ru%2Fsociety%2F50819027%2F%3Ffrommail%3D1%2Chttps%3A%2F%2Fnews.mail.ru%2Fsociety%2F50818658%2F%3Ffrommail%3D1%2Chttps%3A%2F%2Fnews.mail.ru%2Fpolitics%2F50818617%2F%3Ffrommail%3D1%2Chttps%3A%2F%2Fnews.mail.ru%2Feconomics%2F50821309%2F%3Ffrommail%3D1%2Chttps%3A%2F%2Fnews.mail.ru%2Fsociety%2F50818662%2F%3Ffrommail%3D1%2Chttps%3A%2F%2Fsportmail.ru%2Fnews%2Ffootball%2F50810673%2F%3Ffrommail%3Dft_ml%2Chttps%3A%2F%2Fhi-tech.mail.ru%2Fnews%2F57511-televidenie-uhodit-v-proshloe-eksperty-opredelilis-s-ego-zamenoy%2F%3Ffrommail%3Dft_ml%2Chttps%3A%2F%2Fauto.mail.ru%2Farticle%2F83999-chego-nelzya-pozvolyat-masteram-v-shinomontazhe%2F%3Ffrommail%3Dft_ml HTTP/1.1
Host: fmdata.imgsmail.ru
Connection: keep-alive
Content-Length: 0
sec-ch-ua: " Not A;Brand";v="99", "Chromium";v="99", "Opera";v="85"
sec-ch-ua-mobile: ?0
User-Agent: Mozilla/5.0 (Windows NT 6.1; Win64; x64) AppleWebKit/537.36 (KHTML, like Gecko) Chrome/99.0.4844.84 Safari/537.36 OPR/85.0.4341.47
sec-ch-ua-platform: "Windows"
Accept: */*
Origin: https://mail.ru
Sec-Fetch-Site: cross-site
Sec-Fetch-Mode: no-cors
Sec-Fetch-Dest: empty
Referer: https://mail.ru/
Accept-Encoding: gzip, deflate, br
Accept-Language: ru-RU,ru;q=0.9,en-US;q=0.8,en;q=0.7

HTTP/1.1 204 No Content
Server: nginx
Date: Sun, 10 Apr 2022 12:41:02 GMT
Connection: keep-alive

