GET /notepad-plus-plus/notepad-plus-plus/releases/download/v8.3.3/npp.8.3.3.Installer.x64.exe HTTP/1.1
Host: github.com
Connection: keep-alive
sec-ch-ua: " Not A;Brand";v="99", "Chromium";v="99", "Opera";v="85"
sec-ch-ua-mobile: ?0
sec-ch-ua-platform: "Windows"
Upgrade-Insecure-Requests: 1
User-Agent: Mozilla/5.0 (Windows NT 6.1; Win64; x64) AppleWebKit/537.36 (KHTML, like Gecko) Chrome/99.0.4844.84 Safari/537.36 OPR/85.0.4341.47
Accept: text/html,application/xhtml+xml,application/xml;q=0.9,image/avif,image/webp,image/apng,*/*;q=0.8,application/signed-exchange;v=b3;q=0.9
Sec-Fetch-Site: cross-site
Sec-Fetch-Mode: navigate
Sec-Fetch-User: ?1
Sec-Fetch-Dest: document
Referer: https://notepad-plus-plus.org/
Accept-Encoding: gzip, deflate, br
Accept-Language: ru-RU,ru;q=0.9,en-US;q=0.8,en;q=0.7

HTTP/1.1 302 Found
Server: GitHub.com
Date: Sun, 10 Apr 2022 12:48:20 GMT
Content-Type: text/html; charset=utf-8
Vary: X-PJAX, X-PJAX-Container, Accept-Encoding, Accept, X-Requested-With
permissions-policy: interest-cohort=()
Location: https://objects.githubusercontent.com/github-production-release-asset-2e65be/33014811/be4ad405-5830-412f-ad1c-1b5d6f9238b6?X-Amz-Algorithm=AWS4-HMAC-SHA256&X-Amz-Credential=AKIAIWNJYAX4CSVEH53A%2F20220410%2Fus-east-1%2Fs3%2Faws4_request&X-Amz-Date=20220410T124820Z&X-Amz-Expires=300&X-Amz-Signature=cb5b49540c0adcc3f11f5d8a65053d86b80ff8748e4488f81220d188a1b959b1&X-Amz-SignedHeaders=host&actor_id=0&key_id=0&repo_id=33014811&response-content-disposition=attachment%3B%20filename%3Dnpp.8.3.3.Installer.x64.exe&response-content-type=application%2Foctet-stream
Cache-Control: no-cache
Strict-Transport-Security: max-age=31536000; includeSubdomains; preload
X-Frame-Options: deny
X-Content-Type-Options: nosniff
X-XSS-Protection: 0
Referrer-Policy: no-referrer-when-downgrade
Expect-CT: max-age=2592000, report-uri="https://api.github.com/_private/browser/errors"
Content-Security-Policy: default-src 'none'; base-uri 'self'; block-all-mixed-content; child-src github.com/assets-cdn/worker/ gist.github.com/assets-cdn/worker/; connect-src 'self' uploads.github.com objects-origin.githubusercontent.com www.githubstatus.com collector.github.com raw.githubusercontent.com api.github.com github-cloud.s3.amazonaws.com github-production-repository-file-5c1aeb.s3.amazonaws.com github-production-upload-manifest-file-7fdce7.s3.amazonaws.com github-production-user-asset-6210df.s3.amazonaws.com cdn.optimizely.com logx.optimizely.com/v1/events translator.github.com *.actions.githubusercontent.com wss://*.actions.githubusercontent.com online.visualstudio.com/api/v1/locations github-production-repository-image-32fea6.s3.amazonaws.com github-production-release-asset-2e65be.s3.amazonaws.com insights.github.com wss://alive.github.com; font-src github.githubassets.com; form-action 'self' github.com gist.github.com objects-origin.githubusercontent.com; frame-ancestors 'none'; frame-src render.githubusercontent.com viewscreen.githubusercontent.com notebooks.githubusercontent.com; img-src 'self' data: github.githubassets.com identicons.github.com github-cloud.s3.amazonaws.com secured-user-images.githubusercontent.com/ *.githubusercontent.com; manifest-src 'self'; media-src github.com user-images.githubusercontent.com/; script-src github.githubassets.com; style-src 'unsafe-inline' github.githubassets.com; worker-src github.com/assets-cdn/worker/ gist.github.com/assets-cdn/worker/
Content-Length: 664
X-GitHub-Request-Id: DD74:F7A5:CAD7A:D4828:6252D214

<html><body>You are being <a href="https://objects.githubusercontent.com/github-production-release-asset-2e65be/33014811/be4ad405-5830-412f-ad1c-1b5d6f9238b6?X-Amz-Algorithm=AWS4-HMAC-SHA256&amp;X-Amz-Credential=AKIAIWNJYAX4CSVEH53A%2F20220410%2Fus-east-1%2Fs3%2Faws4_request&amp;X-Amz-Date=20220410T124820Z&amp;X-Amz-Expires=300&amp;X-Amz-Signature=cb5b49540c0adcc3f11f5d8a65053d86b80ff8748e4488f81220d188a1b959b1&amp;X-Amz-SignedHeaders=host&amp;actor_id=0&amp;key_id=0&amp;repo_id=33014811&amp;response-content-disposition=attachment%3B%20filename%3Dnpp.8.3.3.Installer.x64.exe&amp;response-content-type=application%2Foctet-stream">redirected</a>.</body></html>