GET /icons/status/2021/lt/svg/06.svg HTTP/1.1
Host: pogoda.imgsmail.ru
Connection: keep-alive
sec-ch-ua: " Not A;Brand";v="99", "Chromium";v="99", "Opera";v="85"
sec-ch-ua-mobile: ?0
User-Agent: Mozilla/5.0 (Windows NT 6.1; Win64; x64) AppleWebKit/537.36 (KHTML, like Gecko) Chrome/99.0.4844.84 Safari/537.36 OPR/85.0.4341.47
sec-ch-ua-platform: "Windows"
Accept: image/avif,image/webp,image/apng,image/svg+xml,image/*,*/*;q=0.8
Sec-Fetch-Site: cross-site
Sec-Fetch-Mode: no-cors
Sec-Fetch-Dest: image
Referer: https://mail.ru/
Accept-Encoding: gzip, deflate, br
Accept-Language: ru-RU,ru;q=0.9,en-US;q=0.8,en;q=0.7

HTTP/1.1 200 OK
Server: nginx/1.16.1
Date: Sun, 10 Apr 2022 12:40:39 GMT
Content-Type: image/svg+xml
Content-Length: 404
Last-Modified: Wed, 26 Jan 2022 15:04:51 GMT
Connection: keep-alive
Cache-Control: max-age=86400
Accept-Ranges: bytes

<svg fill="none" height="32" width="32" xmlns="http://www.w3.org/2000/svg"><path d="M32 9a6 6 0 11-6-6c.25 0 .288.375.07.496a4 4 0 105.434 5.434c.121-.219.496-.18.496.07z" fill="#ffdc55"/><path d="M32 9a6 6 0 11-6-6c.25 0 .288.375.07.496a4 4 0 105.434 5.434c.121-.219.496-.18.496.07z" fill="#ffdc55"/><path d="M23.945 13a9.001 9.001 0 00-17.492-1.829A7 7 0 008 25h17a6 6 0 000-12z" fill="#dae1ec"/></svg>