GET /recostream_pxt?qid=5835d804e69e1601&split=2&meta_info=eJwT4vJgTGCsYOxg7GHUUuTgERJIzs%2FNTS1KzkzMiS8oys%2FNl2BQYNRgNGAMOLLtkLyTOMeRjbc%2FLnt95zC%2FwJU5Xxa%2FYlFiMTU1MPMyzygpKVA1dlQ1cgOigtKc4lS93MTMHL2iUiAfydDEopLM5JxUoKCRubmpCQCRDSte&uh_vid=VA59pCYAAACf4vcYOEfVmvjKEQbnotQ3JryF132NMFsJpkCyWz5bC7XjmUzhaqWPhtn%2Ffb25Fac8aQ%3D%3D&type=document&doc_id=4059710064731750240&source_id=2331769383951657802&site_hash=5932496488477564548&url=http%3A%2F%2Fpulse.mail.ru%2Fcommercial_article%2F27754&meta_type=doc&utm_marks=utm_content%3Dlenta_main_mail_ru_v1%26utm_partner_id%3D661%26utm_campaign%3Dmain%26utm_referrer%3Dhttps%253A%252F%252Fpulse.mail.ru%26utm_source%3Dpulse_mail_ru&card_t=single&cols=3&n=2&real_row=4&row=4&p=doc_hit&page_id=71646961775884031649594461332&stream_id=lenta_main_mail_ru_v1&reco_session_id=17557096252d05f&_=1649594462193 HTTP/1.1
Host: likemore-go.imgsmail.ru
Connection: keep-alive
sec-ch-ua: " Not A;Brand";v="99", "Chromium";v="99", "Opera";v="85"
sec-ch-ua-mobile: ?0
User-Agent: Mozilla/5.0 (Windows NT 6.1; Win64; x64) AppleWebKit/537.36 (KHTML, like Gecko) Chrome/99.0.4844.84 Safari/537.36 OPR/85.0.4341.47
sec-ch-ua-platform: "Windows"
Accept: image/avif,image/webp,image/apng,image/svg+xml,image/*,*/*;q=0.8
Sec-Fetch-Site: cross-site
Sec-Fetch-Mode: no-cors
Sec-Fetch-Dest: image
Referer: https://mail.ru/
Accept-Encoding: gzip, deflate, br
Accept-Language: ru-RU,ru;q=0.9,en-US;q=0.8,en;q=0.7

HTTP/1.1 204 No Content
Server: nginx
Date: Sun, 10 Apr 2022 12:41:04 GMT
Connection: keep-alive
Expires: Sun, 10 Apr 2022 12:41:04 GMT
Cache-Control: max-age=0
Cache-Control: no-store, must-revalidate

GET /recostream_pxt?qid=5835d804e69e1601&split=2&meta_info=eJwT4vJgTGCsYOxgPMWkpczBLCRUXFKaFJ9cnBRfUJSfm1%2BQX1wiwaDAqMFowBhwZNsheSdxjiMbb39c9vrOYX6BK3O%2BLH7FosRiampg5mWeUVJSoGrsqGrkBkQFpTnFqXq5iZk5ekWlQH5yfm5ualFyZmJOfGJRSWZyTipQ0MjY0MgQACCnLIc%3D&uh_vid=VA59pCYAAADQQdjxL1sSrQqBZsr7HYI6sjvnJhI0ELazvfAxCEzLaEAkhhtwVyPqyOsg%2BPSdnpPA%2B3rkKs0yYqh6WbF6ec0%3D&doc_id=5036066096052223757&source_id=3760253751283379470&site_hash=3603564772439073412&url=http%3A%2F%2Fpulse.mail.ru%2Fcommercial_article%2F23121&meta_type=doc&utm_marks=utm_content%3Dlenta_main_mail_ru_v1%26utm_partner_id%3D661%26utm_campaign%3Dmain%26utm_referrer%3Dhttps%253A%252F%252Fpulse.mail.ru%26utm_source%3Dpulse_mail_ru&card_t=single&cols=3&n=3&real_row=1&row=1&bid=106851699&p=doc_hit&slid=635894&type=csb&page_id=71646961775884031649594461332&stream_id=lenta_main_mail_ru_v1&reco_session_id=17557096252d05f&_=1649594463095 HTTP/1.1
Host: likemore-go.imgsmail.ru
Connection: keep-alive
sec-ch-ua: " Not A;Brand";v="99", "Chromium";v="99", "Opera";v="85"
sec-ch-ua-mobile: ?0
User-Agent: Mozilla/5.0 (Windows NT 6.1; Win64; x64) AppleWebKit/537.36 (KHTML, like Gecko) Chrome/99.0.4844.84 Safari/537.36 OPR/85.0.4341.47
sec-ch-ua-platform: "Windows"
Accept: image/avif,image/webp,image/apng,image/svg+xml,image/*,*/*;q=0.8
Sec-Fetch-Site: cross-site
Sec-Fetch-Mode: no-cors
Sec-Fetch-Dest: image
Referer: https://mail.ru/
Accept-Encoding: gzip, deflate, br
Accept-Language: ru-RU,ru;q=0.9,en-US;q=0.8,en;q=0.7

HTTP/1.1 204 No Content
Server: nginx
Date: Sun, 10 Apr 2022 12:41:05 GMT
Connection: keep-alive
Expires: Sun, 10 Apr 2022 12:41:05 GMT
Cache-Control: max-age=0
Cache-Control: no-store, must-revalidate

GET /recostream_pxt?qid=5835d804e69e1601&split=2&meta_info=eJwT4vRgTGCsYOxg5NVS5uAUEiouKU2KTy5Oii8oys%2FNL8gvLpFgUGDUYDRgDDiy7ZC8kzjHkY23Py57fecwv8CVOV8Wv2JRYjE1NTDzMs8oKSlQNXZUNXIDooLSnOJUvdzEzBy9olIgPzk%2FNze1KDkzMSc%2BsagkMzknFShoZGFmaAIAxtgr2Q%3D%3D&uh_vid=VA59pCYAAABPXK%2BEjVem%2Fi9HW2fR6WHtihaZIWjfK5oGyft%2BxhDsIE%2FfWnZAYJKSkHVcKGhZFaldQu168RLUnapK96mZ&doc_id=8757117012557349812&source_id=5161120480629837226&site_hash=6762950690571621814&url=http%3A%2F%2Fpulse.mail.ru%2Fcommercial_article%2F28614&meta_type=doc&utm_marks=utm_content%3Dlenta_main_mail_ru_v1%26utm_partner_id%3D661%26utm_campaign%3Dmain%26utm_referrer%3Dhttps%253A%252F%252Fpulse.mail.ru%26utm_source%3Dpulse_mail_ru&card_t=single&cols=3&n=2&real_row=3&row=3&bid=106851721&p=doc_hit&slid=635895&type=csb&page_id=71646961775884031649594461332&stream_id=lenta_main_mail_ru_v1&reco_session_id=17557096252d05f&_=1649594463112 HTTP/1.1
Host: likemore-go.imgsmail.ru
Connection: keep-alive
sec-ch-ua: " Not A;Brand";v="99", "Chromium";v="99", "Opera";v="85"
sec-ch-ua-mobile: ?0
User-Agent: Mozilla/5.0 (Windows NT 6.1; Win64; x64) AppleWebKit/537.36 (KHTML, like Gecko) Chrome/99.0.4844.84 Safari/537.36 OPR/85.0.4341.47
sec-ch-ua-platform: "Windows"
Accept: image/avif,image/webp,image/apng,image/svg+xml,image/*,*/*;q=0.8
Sec-Fetch-Site: cross-site
Sec-Fetch-Mode: no-cors
Sec-Fetch-Dest: image
Referer: https://mail.ru/
Accept-Encoding: gzip, deflate, br
Accept-Language: ru-RU,ru;q=0.9,en-US;q=0.8,en;q=0.7

HTTP/1.1 204 No Content
Server: nginx
Date: Sun, 10 Apr 2022 12:41:05 GMT
Connection: keep-alive
Expires: Sun, 10 Apr 2022 12:41:05 GMT
Cache-Control: max-age=0
Cache-Control: no-store, must-revalidate

