GET /top100.cnt?730049 HTTP/1.1
Host: counter.rambler.ru
Connection: keep-alive
User-Agent: Mozilla/5.0 (Windows NT 6.1; Win64; x64) AppleWebKit/537.36 (KHTML, like Gecko) Chrome/99.0.4844.84 Safari/537.36 OPR/85.0.4341.47
Accept: image/avif,image/webp,image/apng,image/svg+xml,image/*,*/*;q=0.8
Referer: http://www.patriarchia.ru/
Accept-Encoding: gzip, deflate
Accept-Language: ru-RU,ru;q=0.9,en-US;q=0.8,en;q=0.7

HTTP/1.1 307 Temporary Redirect
Server: nginx/1.19.4
Date: Sun, 10 Apr 2022 12:39:06 GMT
Content-Type: text/html
Content-Length: 171
Connection: keep-alive
Location: https://counter.rambler.ru/top100.cnt?730049
Access-Control-Allow-Methods: GET, POST, OPTIONS
Access-Control-Allow-Headers: content-type
Access-Control-Allow-Credentials: true
Set-Cookie: proto_uid=1CIAAOrPUmJRos5hAQdSRQB=; expires=Thu, 31-Dec-37 23:55:55 GMT; domain=.rambler.ru; path=/
P3P: CP="NON DSP NID ADMa DEVa TAIa PSAa PSDa OUR IND UNI COM NAV"

<html>
<head><title>307 Temporary Redirect</title></head>
<body>
<center><h1>307 Temporary Redirect</h1></center>
<hr><center>nginx/1.19.4</center>
</body>
</html>
