GET /jsonp/bar?&_=1650594328221 HTTP/1.1
Host: bar.love.mail.ru
Connection: keep-alive
sec-ch-ua: " Not A;Brand";v="99", "Chromium";v="99", "Opera";v="85"
sec-ch-ua-mobile: ?0
User-Agent: Mozilla/5.0 (Windows NT 6.1; Win64; x64) AppleWebKit/537.36 (KHTML, like Gecko) Chrome/99.0.4844.84 Safari/537.36 OPR/85.0.4341.47
sec-ch-ua-platform: "Windows"
Accept: */*
Origin: https://mail.ru
Sec-Fetch-Site: same-site
Sec-Fetch-Mode: cors
Sec-Fetch-Dest: empty
Referer: https://mail.ru/
Accept-Encoding: gzip, deflate, br
Accept-Language: ru-RU,ru;q=0.9,en-US;q=0.8,en;q=0.7
Cookie: act=aa8d600b6aea4a70813058a67050d659; mrcu=79946252D0433A68EF927B754FD5; s=ww=1400|wh=788; i=AQBG0FJiAQCJDQUCAQA=; p=v3EBAOkilvQA; searchuid=2964057031649425726; tmr_lvid=a726b3bcc70b1bbb986830becc80a966; tmr_lvidTS=1649594438750; tmr_reqNum=3; VID=2aVGvK2eU8I900000c1CH4o9:::0-0-0-76d2908:CAASEFrlyO_Y5U5owEIHzVOL8qIaYIkmOFZH66XxtamD27G1DzeqE37qAWIk4eT1UIuObEYnicMcdUCh0Juvjb5DIqJsI2SLnU7cgwNsXrQ3WchN0uiDrxkdlmxDBSQuZwVTEAgxwtGhbAF0P2wc0P6ynxQQLQ

HTTP/1.1 200 OK
Server: nginx
Date: Sun, 10 Apr 2022 12:40:40 GMT
Content-Length: 2
Connection: keep-alive
Timing-Allow-Origin: https://mail.ru
Access-Control-Allow-Origin: https://mail.ru
Access-Control-Allow-Credentials: true
Content-Type: application/javascript; charset=UTF-8

{}