GET /widgets_pxt?p=widget_render&widget=vk&vid=MmFWR3ZLMmVVOEk5MDAwMDBjMUNING85Ojo6MC0wLTAtNzZkMjkwODpDQUFTRUxINUlrODlnRlJsc0xHQjhuTDF4dDhhWUhCYXVSVkYzdXFYaHdpY3B4S3RxT3VFYl9CcVd3N2xvcDktcVRBdEREeG9rSnhkSmg2dkExN0gzYlFWRWg4M2pxY2FpczZvcGxHMXdCTzMtaGF5U1VnR2RyMHNpZXg4c2ZuNlpONTNna0djNnlWYmIwMFVoVDJPR3hBdVcxNll5UQ%3D%3D HTTP/1.1
Host: likemore-go.imgsmail.ru
Connection: keep-alive
sec-ch-ua: " Not A;Brand";v="99", "Chromium";v="99", "Opera";v="85"
sec-ch-ua-mobile: ?0
User-Agent: Mozilla/5.0 (Windows NT 6.1; Win64; x64) AppleWebKit/537.36 (KHTML, like Gecko) Chrome/99.0.4844.84 Safari/537.36 OPR/85.0.4341.47
sec-ch-ua-platform: "Windows"
Accept: image/avif,image/webp,image/apng,image/svg+xml,image/*,*/*;q=0.8
Sec-Fetch-Site: cross-site
Sec-Fetch-Mode: no-cors
Sec-Fetch-Dest: image
Referer: https://mail.ru/
Accept-Encoding: gzip, deflate, br
Accept-Language: ru-RU,ru;q=0.9,en-US;q=0.8,en;q=0.7

HTTP/1.1 204 No Content
Server: nginx
Date: Sun, 10 Apr 2022 12:50:26 GMT
Connection: keep-alive

GET /widgets_pxt?p=widget_render&widget=vkjob&vid=MmFWR3ZLMmVVOEk5MDAwMDBjMUNING85Ojo6MC0wLTAtNzZkMjkwODpDQUFTRUxINUlrODlnRlJsc0xHQjhuTDF4dDhhWUhCYXVSVkYzdXFYaHdpY3B4S3RxT3VFYl9CcVd3N2xvcDktcVRBdEREeG9rSnhkSmg2dkExN0gzYlFWRWg4M2pxY2FpczZvcGxHMXdCTzMtaGF5U1VnR2RyMHNpZXg4c2ZuNlpONTNna0djNnlWYmIwMFVoVDJPR3hBdVcxNll5UQ%3D%3D HTTP/1.1
Host: likemore-go.imgsmail.ru
Connection: keep-alive
sec-ch-ua: " Not A;Brand";v="99", "Chromium";v="99", "Opera";v="85"
sec-ch-ua-mobile: ?0
User-Agent: Mozilla/5.0 (Windows NT 6.1; Win64; x64) AppleWebKit/537.36 (KHTML, like Gecko) Chrome/99.0.4844.84 Safari/537.36 OPR/85.0.4341.47
sec-ch-ua-platform: "Windows"
Accept: image/avif,image/webp,image/apng,image/svg+xml,image/*,*/*;q=0.8
Sec-Fetch-Site: cross-site
Sec-Fetch-Mode: no-cors
Sec-Fetch-Dest: image
Referer: https://mail.ru/
Accept-Encoding: gzip, deflate, br
Accept-Language: ru-RU,ru;q=0.9,en-US;q=0.8,en;q=0.7

HTTP/1.1 204 No Content
Server: nginx
Date: Sun, 10 Apr 2022 12:50:27 GMT
Connection: keep-alive

GET /widgets_pxt?p=widget_render&widget=tv&vid=MmFWR3ZLMmVVOEk5MDAwMDBjMUNING85Ojo6MC0wLTAtNzZkMjkwODpDQUFTRUxINUlrODlnRlJsc0xHQjhuTDF4dDhhWUhCYXVSVkYzdXFYaHdpY3B4S3RxT3VFYl9CcVd3N2xvcDktcVRBdEREeG9rSnhkSmg2dkExN0gzYlFWRWg4M2pxY2FpczZvcGxHMXdCTzMtaGF5U1VnR2RyMHNpZXg4c2ZuNlpONTNna0djNnlWYmIwMFVoVDJPR3hBdVcxNll5UQ%3D%3D HTTP/1.1
Host: likemore-go.imgsmail.ru
Connection: keep-alive
sec-ch-ua: " Not A;Brand";v="99", "Chromium";v="99", "Opera";v="85"
sec-ch-ua-mobile: ?0
User-Agent: Mozilla/5.0 (Windows NT 6.1; Win64; x64) AppleWebKit/537.36 (KHTML, like Gecko) Chrome/99.0.4844.84 Safari/537.36 OPR/85.0.4341.47
sec-ch-ua-platform: "Windows"
Accept: image/avif,image/webp,image/apng,image/svg+xml,image/*,*/*;q=0.8
Sec-Fetch-Site: cross-site
Sec-Fetch-Mode: no-cors
Sec-Fetch-Dest: image
Referer: https://mail.ru/
Accept-Encoding: gzip, deflate, br
Accept-Language: ru-RU,ru;q=0.9,en-US;q=0.8,en;q=0.7

HTTP/1.1 204 No Content
Server: nginx
Date: Sun, 10 Apr 2022 12:50:27 GMT
Connection: keep-alive

GET /widgets_pxt?p=widget_render&widget=youla&vid=MmFWR3ZLMmVVOEk5MDAwMDBjMUNING85Ojo6MC0wLTAtNzZkMjkwODpDQUFTRUxINUlrODlnRlJsc0xHQjhuTDF4dDhhWUhCYXVSVkYzdXFYaHdpY3B4S3RxT3VFYl9CcVd3N2xvcDktcVRBdEREeG9rSnhkSmg2dkExN0gzYlFWRWg4M2pxY2FpczZvcGxHMXdCTzMtaGF5U1VnR2RyMHNpZXg4c2ZuNlpONTNna0djNnlWYmIwMFVoVDJPR3hBdVcxNll5UQ%3D%3D HTTP/1.1
Host: likemore-go.imgsmail.ru
Connection: keep-alive
sec-ch-ua: " Not A;Brand";v="99", "Chromium";v="99", "Opera";v="85"
sec-ch-ua-mobile: ?0
User-Agent: Mozilla/5.0 (Windows NT 6.1; Win64; x64) AppleWebKit/537.36 (KHTML, like Gecko) Chrome/99.0.4844.84 Safari/537.36 OPR/85.0.4341.47
sec-ch-ua-platform: "Windows"
Accept: image/avif,image/webp,image/apng,image/svg+xml,image/*,*/*;q=0.8
Sec-Fetch-Site: cross-site
Sec-Fetch-Mode: no-cors
Sec-Fetch-Dest: image
Referer: https://mail.ru/
Accept-Encoding: gzip, deflate, br
Accept-Language: ru-RU,ru;q=0.9,en-US;q=0.8,en;q=0.7

HTTP/1.1 204 No Content
Server: nginx
Date: Sun, 10 Apr 2022 12:50:27 GMT
Connection: keep-alive

GET /recostream_pxt?p=hit&qid=b18d550cb98edc39&stream_id=widget_main_tab_promo&reco_session_id=16211056252d291&split=2&meta_info=eJzj4ufi5eIuSs1JLIgvKMrPzZcS5ziy8fbHZa%2FvHOYXuDLny%2BJXLEospqYGZgodYgB1chFY&uh_vid=VA59pCYAAAA2FL2jVRbDbX4QPL4Yy12eEDNeFqy0ZR%2BfeXAwLVHuWukUfjPk11T2Sy8gLQLAAqA%3D&meta_type=hit HTTP/1.1
Host: likemore-go.imgsmail.ru
Connection: keep-alive
sec-ch-ua: " Not A;Brand";v="99", "Chromium";v="99", "Opera";v="85"
sec-ch-ua-mobile: ?0
User-Agent: Mozilla/5.0 (Windows NT 6.1; Win64; x64) AppleWebKit/537.36 (KHTML, like Gecko) Chrome/99.0.4844.84 Safari/537.36 OPR/85.0.4341.47
sec-ch-ua-platform: "Windows"
Accept: image/avif,image/webp,image/apng,image/svg+xml,image/*,*/*;q=0.8
Sec-Fetch-Site: cross-site
Sec-Fetch-Mode: no-cors
Sec-Fetch-Dest: image
Referer: https://mail.ru/
Accept-Encoding: gzip, deflate, br
Accept-Language: ru-RU,ru;q=0.9,en-US;q=0.8,en;q=0.7

HTTP/1.1 204 No Content
Server: nginx
Date: Sun, 10 Apr 2022 12:50:27 GMT
Connection: keep-alive
Expires: Sun, 10 Apr 2022 12:50:27 GMT
Cache-Control: max-age=0
Cache-Control: no-store, must-revalidate

GET /recostream_pxt?qid=0d4a6212c95c5f26&split=2&meta_info=eJwT4vJgTGCsYOxgvMmopczBLCRUXFKaFJ9cnBRfUJSfm1%2BQX1wiwaDAqMFowBhwZNsheSdxjiMbb39c9vrOYX6BK3O%2BLH7FosRiampg5mWeUVJSoGrsqGrkBkQFpTnFqXq5iZk5ekWlQH5yfm5ualFyZmJOfGJRSWZyTipQ0MjMxMICACduLKg%3D&uh_vid=VA59pCYAAACoF5CYF21NiPJWa1wlxbZJFXMiASpfRiWnubNS64yZ8B0z55ElYvJ%2FPTZLtm7yUab2SNzNI9TDNuukH9csJhZJWv0%3D&doc_id=1961189254089721523&source_id=985315150066397629&site_hash=3200041602662520233&url=http%3A%2F%2Fpulse.mail.ru%2Fcommercial_article%2F26488&meta_type=doc&utm_marks=utm_content%3Dlenta_main_mail_ru_v1%26utm_partner_id%3D661%26utm_campaign%3Dmain%26utm_referrer%3Dhttps%253A%252F%252Fpulse.mail.ru%26utm_source%3Dpulse_mail_ru&card_t=single&cols=3&n=3&real_row=1&row=1&p=req&reqn=1&slid=635894&type=csb&page_id=6742116485827821649595018454&stream_id=lenta_main_mail_ru_v1&reco_session_id=15bca096252d294&_=1649595023131 HTTP/1.1
Host: likemore-go.imgsmail.ru
Connection: keep-alive
sec-ch-ua: " Not A;Brand";v="99", "Chromium";v="99", "Opera";v="85"
sec-ch-ua-mobile: ?0
User-Agent: Mozilla/5.0 (Windows NT 6.1; Win64; x64) AppleWebKit/537.36 (KHTML, like Gecko) Chrome/99.0.4844.84 Safari/537.36 OPR/85.0.4341.47
sec-ch-ua-platform: "Windows"
Accept: image/avif,image/webp,image/apng,image/svg+xml,image/*,*/*;q=0.8
Sec-Fetch-Site: cross-site
Sec-Fetch-Mode: no-cors
Sec-Fetch-Dest: image
Referer: https://mail.ru/
Accept-Encoding: gzip, deflate, br
Accept-Language: ru-RU,ru;q=0.9,en-US;q=0.8,en;q=0.7

HTTP/1.1 204 No Content
Server: nginx
Date: Sun, 10 Apr 2022 12:50:30 GMT
Connection: keep-alive
Expires: Sun, 10 Apr 2022 12:50:30 GMT
Cache-Control: max-age=0
Cache-Control: no-store, must-revalidate

GET /recostream_pxt?qid=0d4a6212c95c5f26&split=2&meta_info=eJzjMuZgEGCQYFBg0GAwYLBgcGDwYAhgiGBIYMhgKGBoYGTsYuTg2MMo4CbRpD2BkXEHI8MBRgYhfZgm3a1HlxsZLNs98%2Fmt3YvesEL1Nyx738vWwZgwg5FhASPDCkYGLTEOTiHWgqL83HywVYwBR7Ydko9gcBLnOLLx9sdlr%2B8c5he4MufL4lcsSiympgZmXlYZJSUFxarGjqpGbkCUlp%2BfoldUCmQVpSZnFqQWA1kWxuaGprpl2aXFeYlZibrFGYnZxRml2YkAKV8%2BHg%3D%3D&uh_vid=VA59pCYAAABgyueCCf9wdJUxueMHD3QYvlEl8o4m8HiVNjSVUeD0qRpFJ%2BBr0zKIPXV2wT%2Bg&type=document&doc_id=5283558448962205820&source_id=5720436351023633949&site_hash=5752837505591607021&url=https%3A%2F%2Ffood.ru%2Frecipes%2F83715-vkusnaja-shakshuka&meta_type=doc&utm_marks=utm_partner_id%3D661%26utm_campaign%3Darbitr-pulse%26utm_referrer%3Dhttps%253A%252F%252Fpulse.mail.ru%26utm_source%3Dpulse_mail_ru&card_t=single&cols=3&n=2&real_row=3&row=3&p=doc_hit&page_id=6742116485827821649595018454&stream_id=lenta_main_mail_ru_v1&reco_session_id=15bca096252d294&_=1649595023142 HTTP/1.1
Host: likemore-go.imgsmail.ru
Connection: keep-alive
sec-ch-ua: " Not A;Brand";v="99", "Chromium";v="99", "Opera";v="85"
sec-ch-ua-mobile: ?0
User-Agent: Mozilla/5.0 (Windows NT 6.1; Win64; x64) AppleWebKit/537.36 (KHTML, like Gecko) Chrome/99.0.4844.84 Safari/537.36 OPR/85.0.4341.47
sec-ch-ua-platform: "Windows"
Accept: image/avif,image/webp,image/apng,image/svg+xml,image/*,*/*;q=0.8
Sec-Fetch-Site: cross-site
Sec-Fetch-Mode: no-cors
Sec-Fetch-Dest: image
Referer: https://mail.ru/
Accept-Encoding: gzip, deflate, br
Accept-Language: ru-RU,ru;q=0.9,en-US;q=0.8,en;q=0.7

HTTP/1.1 204 No Content
Server: nginx
Date: Sun, 10 Apr 2022 12:50:30 GMT
Connection: keep-alive
Expires: Sun, 10 Apr 2022 12:50:30 GMT
Cache-Control: max-age=0
Cache-Control: no-store, must-revalidate

