GET /themes/api/catalog/1.0/themes-gallery/?order=recommended&offset=0&limit=10&product= HTTP/1.1
Host: addons.opera.com
Connection: keep-alive
Sec-Fetch-Site: none
Sec-Fetch-Mode: no-cors
Sec-Fetch-Dest: empty
User-Agent: Mozilla/5.0 (Windows NT 6.1; Win64; x64) AppleWebKit/537.36 (KHTML, like Gecko) Chrome/99.0.4844.84 Safari/537.36 OPR/85.0.4341.47
Accept-Encoding: gzip, deflate, br

HTTP/1.1 200 OK
Server: nginx
Date: Sun, 10 Apr 2022 12:51:58 GMT
Content-Type: application/json
Content-Length: 4385
Connection: keep-alive
Allow: GET
Expires: Sun, 10 Apr 2022 14:53:20 GMT
Cache-Control: max-age=14400
Vary: Cookie, Accept-Language, Origin
X-XSS-Protection: 1; mode=block
X-Frame-Options: SAMEORIGIN
Content-Language: en
Content-Security-Policy: form-action 'self' https://forums.opera.com; default-src 'none'; connect-src 'self' https://addons-static.operacdn.com https://addons-media.operacdn.com https://sentry.opera-api.com https://www.google-analytics.com https://www.opera.com https://forums.opera.com; style-src 'self' https://addons-static.operacdn.com https://addons-media.operacdn.com; block-all-mixed-content; script-src 'self' https://addons-static.operacdn.com https://addons-media.operacdn.com 'report-sample' https://www.google-analytics.com; frame-src https://www.youtube.com https://player.vimeo.com https://vimeo.com; worker-src 'none'; frame-ancestors 'none'; media-src https://addons-media.operacdn.com/media/; font-src 'self' https://addons-static.operacdn.com https://addons-media.operacdn.com https://fonts.gstatic.com; base-uri 'self'; img-src 'self' https://addons-static.operacdn.com https://addons-media.operacdn.com data: https://secure.gravatar.com https://www.gravatar.com https://i1.wp.com https://i.ytimg.com https://i.vimeocdn.com https://www.google-analytics.com https://forums.opera.com; report-uri https://sentry.opera-api.com/api/170/security/?sentry_key=0225273e93de40fb9811cb4f200c5ca1
Strict-Transport-Security: max-age=31536000; includeSubDomains

[{"name":"Galaxy","preview_url":"https://addons-media.operacdn.com/media/CACHE/images/themes/74/263474/1.0-rev1/images/4e8eedcecbfbf3b731c5274c6bfe8fa0/f16cc7d61c8005cc88a0d799432f0579.jpg","download_url":"https://addons-themes.operacdn.com/media/themes/direct/74/263474/e0d10eb3db3a150b9d9eb5796847c1ef.nzip?origin=themes-api","details_url":"https://addons.opera.com/wallpapers/details/galaxy-3/","rating":"4.5","is_animated":false},{"name":"Austin Evans","preview_url":"https://addons-media.operacdn.com/media/CACHE/images/themes/50/266250/1.0-rev1/images/2ef136a7e0f6622896987fe0957c1cf2/4f7caa5740fb126f48d7547e69da48b3.jpg","download_url":"https://addons-themes.operacdn.com/media/themes/direct/50/266250/231aa17cb2adcf82233d6457ff49acfe.avzip?origin=themes-api","details_url":"https://addons.opera.com/wallpapers/details/austin-evans/","rating":"4.7","is_animated":true},{"name":"Infinity","preview_url":"https://addons-media.operacdn.com/media/CACHE/images/themes/82/263482/1.0-rev1/images/fe7211ac44faea1afe622bc4f6758c71/1a0d49393f83032f039522e12eb6cac8.jpg","download_url":"https://addons-themes.operacdn.com/media/themes/direct/82/263482/327979158f8c53c5dae8a3b46d4f4ab2.nzip?origin=themes-api","details_url":"https://addons.opera.com/wallpapers/details/infinity/","rating":"4.7","is_animated":false},{"name":"Twist","preview_url":"https://addons-media.operacdn.com/media/CACHE/images/themes/78/263478/1.0-rev1/images/593b32cc763d9b6dea7617a68cb4fdff/ddf16f95939a843acec8a2de8af486e7.jpg","download_url":"https://addons-themes.operacdn.com/media/themes/direct/78/263478/39aebc208e2af294ce752172b31ac253.nzip?origin=themes-api","details_url":"https://addons.opera.com/wallpapers/details/twist/","rating":"4.6","is_animated":false},{"name":"Skyline Night","preview_url":"https://addons-media.operacdn.com/media/CACHE/images/themes/34/263434/1.0-rev1/images/ac400583435351afe6cb5b139e548774/1788232ae3946ec8c1a7b1306d48cde7.jpg","download_url":"https://addons-themes.operacdn.com/media/themes/direct/34/263434/e004028e40936c405f97b98c56003aac.nzip?origin=themes-api","details_url":"https://addons.opera.com/wallpapers/details/skyline-night/","rating":"4.7","is_animated":false},{"name":"Pasta Night","preview_url":"https://addons-media.operacdn.com/media/CACHE/images/themes/42/263442/1.0-rev1/images/22ffecc7ba917f7a434c7f68084ca231/4ec8113e8d68a961cd081a7b9b71560a.jpg","download_url":"https://addons-themes.operacdn.com/media/themes/direct/42/263442/c2eeed47d7a36826674cae6af801fb4e.nzip?origin=themes-api","details_url":"https://addons.opera.com/wallpapers/details/pasta-night/","rating":"4.7","is_animated":false},{"name":"Pasta White","preview_url":"https://addons-media.operacdn.com/media/CACHE/images/themes/38/263438/1.0-rev1/images/191ac5fc00ca13dbe850fc45e1a43e55/663212e8cd6b697914a44bb0353dd9fa.jpg","download_url":"https://addons-themes.operacdn.com/media/themes/direct/38/263438/2d1eb74e6b25278b226c229303a45843.nzip?origin=themes-api","details_url":"https://addons.opera.com/wallpapers/details/pasta-white/","rating":"4.6","is_animated":false},{"name":"Reborn5 Dark","preview_url":"https://addons-media.operacdn.com/media/CACHE/images/themes/22/263422/1.0-rev1/images/613e3709cfcc9049e3b1ccc0744a8530/749daee3b89ff6787dfd479103069f52.jpg","download_url":"https://addons-themes.operacdn.com/media/themes/direct/22/263422/b908d3274aa749ddb16f4043027e7f02.nzip?origin=themes-api","details_url":"https://addons.opera.com/wallpapers/details/reborn5-dark/","rating":"4.7","is_animated":false},{"name":"Skyline Day","preview_url":"https://addons-media.operacdn.com/media/CACHE/images/themes/26/263426/1.0-rev1/images/d4df2096ff3a908e322c6a74449ae658/146563da4ad3383f951a2ab407365f9b.jpg","download_url":"https://addons-themes.operacdn.com/media/themes/direct/26/263426/a6182227ed5488c6e1bab56bd6579381.nzip?origin=themes-api","details_url":"https://addons.opera.com/wallpapers/details/skyline-day/","rating":"4.6","is_animated":false},{"name":"Reborn5","preview_url":"https://addons-media.operacdn.com/media/CACHE/images/themes/18/263418/1.0-rev1/images/7909e82f4c528c72bffaff76c6effa46/1bf34a364a542c00dbda0b0d8e26a85d.jpg","download_url":"https://addons-themes.operacdn.com/media/themes/direct/18/263418/7164a4f49afa68260cd810b21a725c04.nzip?origin=themes-api","details_url":"https://addons.opera.com/wallpapers/details/reborn5/","rating":"4.7","is_animated":false}]GET /themes/api/catalog/1.0/themes-gallery/?order=recommended&offset=10&limit=10&product= HTTP/1.1
Host: addons.opera.com
Connection: keep-alive
Sec-Fetch-Site: none
Sec-Fetch-Mode: no-cors
Sec-Fetch-Dest: empty
User-Agent: Mozilla/5.0 (Windows NT 6.1; Win64; x64) AppleWebKit/537.36 (KHTML, like Gecko) Chrome/99.0.4844.84 Safari/537.36 OPR/85.0.4341.47
Accept-Encoding: gzip, deflate, br

HTTP/1.1 200 OK
Server: nginx
Date: Sun, 10 Apr 2022 12:51:59 GMT
Content-Type: application/json
Content-Length: 4497
Connection: keep-alive
Allow: GET
Expires: Sun, 10 Apr 2022 14:52:32 GMT
Cache-Control: max-age=14400
Vary: Cookie, Accept-Language, Origin
X-XSS-Protection: 1; mode=block
X-Frame-Options: SAMEORIGIN
Content-Language: en
Content-Security-Policy: script-src 'self' https://addons-static.operacdn.com https://addons-media.operacdn.com 'report-sample' https://www.google-analytics.com; img-src 'self' https://addons-static.operacdn.com https://addons-media.operacdn.com data: https://secure.gravatar.com https://www.gravatar.com https://i1.wp.com https://i.ytimg.com https://i.vimeocdn.com https://www.google-analytics.com https://forums.opera.com; connect-src 'self' https://addons-static.operacdn.com https://addons-media.operacdn.com https://sentry.opera-api.com https://www.google-analytics.com https://www.opera.com https://forums.opera.com; font-src 'self' https://addons-static.operacdn.com https://addons-media.operacdn.com https://fonts.gstatic.com; block-all-mixed-content; form-action 'self' https://forums.opera.com; style-src 'self' https://addons-static.operacdn.com https://addons-media.operacdn.com; default-src 'none'; frame-src https://www.youtube.com https://player.vimeo.com https://vimeo.com; media-src https://addons-media.operacdn.com/media/; base-uri 'self'; frame-ancestors 'none'; worker-src 'none'; report-uri https://sentry.opera-api.com/api/170/security/?sentry_key=0225273e93de40fb9811cb4f200c5ca1
Strict-Transport-Security: max-age=31536000; includeSubDomains

[{"name":"Wave","preview_url":"https://addons-media.operacdn.com/media/CACHE/images/themes/14/263414/1.0-rev1/images/bfbc104282aca898de6aa3700f202b5a/6639e026c94191dfca6723d4af6dd45c.jpg","download_url":"https://addons-themes.operacdn.com/media/themes/direct/14/263414/04d97d747c40042845a145fc50b33bae.nzip?origin=themes-api","details_url":"https://addons.opera.com/wallpapers/details/wave/","rating":"4.7","is_animated":false},{"name":"Cards","preview_url":"https://addons-media.operacdn.com/media/CACHE/images/themes/02/263402/1.0-rev1/images/515472dfda20ba0918ec8800c4eba020/52d9e98be8fd43a1a6e46951f81c92a5.jpg","download_url":"https://addons-themes.operacdn.com/media/themes/direct/02/263402/890f30585567e5dda95f950f4753eb34.nzip?origin=themes-api","details_url":"https://addons.opera.com/wallpapers/details/cards/","rating":"4.7","is_animated":false},{"name":"Milky Way","preview_url":"https://addons-media.operacdn.com/media/CACHE/images/themes/10/263410/1.0-rev1/images/3a74c254838a24916ab5bb97b61012d1/5acbbaa21c5c9926c308456f507a79e7.jpg","download_url":"https://addons-themes.operacdn.com/media/themes/direct/10/263410/0b60a1ea261d8b833e787ca954c37fde.nzip?origin=themes-api","details_url":"https://addons.opera.com/wallpapers/details/milky-way/","rating":"4.7","is_animated":false},{"name":"Reborn3","preview_url":"https://addons-media.operacdn.com/media/CACHE/images/themes/34/262634/1.0-rev1/images/f559daa87767a1e77e73e65e941b58db/d6d5785c021edf0b82700f76ffe9895c.jpg","download_url":"https://addons-themes.operacdn.com/media/themes/direct/34/262634/3036044485bec13d6443f5fb2fe87030.nzip?origin=themes-api","details_url":"https://addons.opera.com/wallpapers/details/reborn3/","rating":"4.6","is_animated":false},{"name":"Reborn3 Dark","preview_url":"https://addons-media.operacdn.com/media/CACHE/images/themes/30/262630/1.0-rev1/images/2631b86fe171a1d2d412acba54024dd3/84b03bb005601589b80b114d47c24a1c.jpg","download_url":"https://addons-themes.operacdn.com/media/themes/direct/30/262630/aa73021486427653f91c4a74c527e770.nzip?origin=themes-api","details_url":"https://addons.opera.com/wallpapers/details/reborn3-dark/","rating":"4.7","is_animated":false},{"name":"Browser for the real you (pink phone)","preview_url":"https://addons-media.operacdn.com/media/CACHE/images/themes/25/253025/1.0-rev1/images/5569e6aa90db55139947be139e310cc7/c886056e525c385fa267242b8acc5356.jpg","download_url":"https://addons-themes.operacdn.com/media/themes/direct/25/253025/c743ca7954d656b57615e24d03e6a98e.nzip?origin=themes-api","details_url":"https://addons.opera.com/wallpapers/details/browser-for-the-real-you-pink-phone/","rating":"4.4","is_animated":false},{"name":"Browser for the real you (lollipop)","preview_url":"https://addons-media.operacdn.com/media/CACHE/images/themes/21/253021/1.0-rev1/images/3702e19ed3fc79ec1b59366500bac41e/5803d8473674ea644c13bfb434a8581b.jpg","download_url":"https://addons-themes.operacdn.com/media/themes/direct/21/253021/5708d571a189a640929197e4ac6be5bc.nzip?origin=themes-api","details_url":"https://addons.opera.com/wallpapers/details/browser-for-the-real-you-lollipop/","rating":"4.3","is_animated":false},{"name":"Browser for the real you (kung-fu)","preview_url":"https://addons-media.operacdn.com/media/CACHE/images/themes/29/253029/1.0-rev1/images/86efeddbaae2e3d332dfe2aeadc21b5e/fa7e142b355ef08037d31a66b0e61401.jpg","download_url":"https://addons-themes.operacdn.com/media/themes/direct/29/253029/fb54072a289dda60600651a0627f4e90.nzip?origin=themes-api","details_url":"https://addons.opera.com/wallpapers/details/browser-for-the-real-you-kung-fu/","rating":"4.0","is_animated":false},{"name":"Water","preview_url":"https://addons-media.operacdn.com/media/CACHE/images/themes/53/238253/1.0-rev1/images/00528936690501bed9449913abe1eeff/7f2b6b59d7571d2c99b98542e4815b42.jpg","download_url":"https://addons-themes.operacdn.com/media/themes/direct/53/238253/464c01131376bca320e818612311134e.nzip?origin=themes-api","details_url":"https://addons.opera.com/wallpapers/details/water-7/","rating":"4.5","is_animated":false},{"name":"Crystal","preview_url":"https://addons-media.operacdn.com/media/CACHE/images/themes/49/238049/1.0-rev1/images/d8b4823645139189927170745b0d7d62/c1629a9dcce5a5defbbdc9a9f43972b0.jpg","download_url":"https://addons-themes.operacdn.com/media/themes/direct/49/238049/5e36b640fcdf9bffc24863d8058b9b2f.nzip?origin=themes-api","details_url":"https://addons.opera.com/wallpapers/details/crystal/","rating":"4.5","is_animated":false}]