GET /NaviData?mac=1&Socials=1&ldata=1&ok_counters=1&_=1650374852240 HTTP/1.1
Host: portal.mail.ru
Connection: keep-alive
sec-ch-ua: " Not A;Brand";v="99", "Chromium";v="99", "Opera";v="85"
sec-ch-ua-mobile: ?0
User-Agent: Mozilla/5.0 (Windows NT 6.1; Win64; x64) AppleWebKit/537.36 (KHTML, like Gecko) Chrome/99.0.4844.84 Safari/537.36 OPR/85.0.4341.47
sec-ch-ua-platform: "Windows"
Accept: */*
Origin: https://mail.ru
Sec-Fetch-Site: same-site
Sec-Fetch-Mode: cors
Sec-Fetch-Dest: empty
Referer: https://mail.ru/
Accept-Encoding: gzip, deflate, br
Accept-Language: ru-RU,ru;q=0.9,en-US;q=0.8,en;q=0.7
Cookie: act=aa8d600b6aea4a70813058a67050d659; mrcu=79946252D0433A68EF927B754FD5; p=v3EBAOkilvQA; searchuid=2964057031649425726; tmr_lvid=a726b3bcc70b1bbb986830becc80a966; tmr_lvidTS=1649594438750; mtrc=%7B%22mytrackerid%22%3A58519%2C%22tmr_lvid%22%3A%22undefined%22%7D; i=AQBG0FJiAgC9BwgEAYIVAYkNBQIBAA==; s=ww=1400|wh=790|fver=0; b=k0oQAKDlQBUA96OFEYkt0REVUosMe12rEX8nBQpBnm8MlaqFET/c4QgBAAAIr1tICgcywwxBrVMMrzanDG0Y3wxpYdsLixvfDKfY4psB; c=YNBSYgIAoFQLAAAUAAQAeYIAwAQAAKDgQMwDExoA; tmr_reqNum=21; VID=2aVGvK2eU8I900000c1CH4o9:::0-0-0-76d2908:CAASELH5Ik89gFRlsLGB8nL1xt8aYHBauRVF3uqXhwicpxKtqOuEb_BqWw7lop9-qTAtDDxokJxdJh6vA17H3bQVEh83jqcais6oplG1wBO3-haySUgGdr0siex8sfn6ZN53gkGc6yVbb00UhT2OGxAuW16YyQ

HTTP/1.1 200 OK
Server: nginx/1.14.2
Date: Sun, 10 Apr 2022 12:50:25 GMT
Content-Type: application/json; charset=UTF-8
Content-Length: 54
Connection: keep-alive
Cache-Control: no-cache,no-store,must-revalidate
Pragma: no-cache
Expires: Sat, 10 Apr 2021 12:50:25 GMT
Last-Modified: Sun, 10 Apr 2022 15:50:25 GMT
Access-Control-Allow-Origin: https://mail.ru
Access-Control-Allow-Methods: GET, POST
Access-Control-Allow-Credentials: true
X-Mru-Request-Id: d4316da3
X-Host: spf38.i.mail.ru

{"status":"noauth","data":{"action":"list","list":[]}}