GET /pulse-lenta-1.177.0.js HTTP/1.1
Host: static.pulse.mail.ru
Connection: keep-alive
sec-ch-ua: " Not A;Brand";v="99", "Chromium";v="99", "Opera";v="85"
sec-ch-ua-mobile: ?0
User-Agent: Mozilla/5.0 (Windows NT 6.1; Win64; x64) AppleWebKit/537.36 (KHTML, like Gecko) Chrome/99.0.4844.84 Safari/537.36 OPR/85.0.4341.47
sec-ch-ua-platform: "Windows"
Accept: */*
Sec-Fetch-Site: same-site
Sec-Fetch-Mode: no-cors
Sec-Fetch-Dest: script
Referer: https://mail.ru/
Accept-Encoding: gzip, deflate, br
Accept-Language: ru-RU,ru;q=0.9,en-US;q=0.8,en;q=0.7
Cookie: act=aa8d600b6aea4a70813058a67050d659; mrcu=79946252D0433A68EF927B754FD5; p=v3EBAOkilvQA; searchuid=2964057031649425726; tmr_lvid=a726b3bcc70b1bbb986830becc80a966; tmr_lvidTS=1649594438750; mtrc=%7B%22mytrackerid%22%3A58519%2C%22tmr_lvid%22%3A%22undefined%22%7D; i=AQBG0FJiAgC9BwgEAYIVAYkNBQIBAA==; s=ww=1400|wh=790|fver=0; b=k0oQAKDlQBUA96OFEYkt0REVUosMe12rEX8nBQpBnm8MlaqFET/c4QgBAAAIr1tICgcywwxBrVMMrzanDG0Y3wxpYdsLixvfDKfY4psB; c=YNBSYgIAoFQLAAAUAAQAeYIAwAQAAKDgQMwDExoA; tmr_reqNum=21; VID=2aVGvK2eU8I900000c1CH4o9:::0-0-0-76d2908:CAASELH5Ik89gFRlsLGB8nL1xt8aYHBauRVF3uqXhwicpxKtqOuEb_BqWw7lop9-qTAtDDxokJxdJh6vA17H3bQVEh83jqcais6oplG1wBO3-haySUgGdr0siex8sfn6ZN53gkGc6yVbb00UhT2OGxAuW16YyQ
If-None-Match: W/"6241b52f-71578"
If-Modified-Since: Mon, 28 Mar 2022 13:16:31 GMT

HTTP/1.1 304 Not Modified
Server: nginx
Date: Sun, 10 Apr 2022 12:50:25 GMT
Connection: keep-alive
Last-Modified: Mon, 28 Mar 2022 13:16:31 GMT
ETag: "6241b52f-71578"
Expires: Thu, 01 Jan 1970 00:00:01 GMT
Cache-Control: no-cache
Timing-Allow-Origin: *

