GET /widgets_pxt?p=widget_render&widget=games HTTP/1.1
Host: likemore-go.imgsmail.ru
Connection: keep-alive
sec-ch-ua: " Not A;Brand";v="99", "Chromium";v="99", "Opera";v="85"
sec-ch-ua-mobile: ?0
User-Agent: Mozilla/5.0 (Windows NT 6.1; Win64; x64) AppleWebKit/537.36 (KHTML, like Gecko) Chrome/99.0.4844.84 Safari/537.36 OPR/85.0.4341.47
sec-ch-ua-platform: "Windows"
Accept: image/avif,image/webp,image/apng,image/svg+xml,image/*,*/*;q=0.8
Sec-Fetch-Site: cross-site
Sec-Fetch-Mode: no-cors
Sec-Fetch-Dest: image
Referer: https://mail.ru/
Accept-Encoding: gzip, deflate, br
Accept-Language: ru-RU,ru;q=0.9,en-US;q=0.8,en;q=0.7

HTTP/1.1 204 No Content
Server: nginx
Date: Sun, 10 Apr 2022 12:40:41 GMT
Connection: keep-alive

GET /widgets_pxt?p=widget_render&widget=tv HTTP/1.1
Host: likemore-go.imgsmail.ru
Connection: keep-alive
sec-ch-ua: " Not A;Brand";v="99", "Chromium";v="99", "Opera";v="85"
sec-ch-ua-mobile: ?0
User-Agent: Mozilla/5.0 (Windows NT 6.1; Win64; x64) AppleWebKit/537.36 (KHTML, like Gecko) Chrome/99.0.4844.84 Safari/537.36 OPR/85.0.4341.47
sec-ch-ua-platform: "Windows"
Accept: image/avif,image/webp,image/apng,image/svg+xml,image/*,*/*;q=0.8
Sec-Fetch-Site: cross-site
Sec-Fetch-Mode: no-cors
Sec-Fetch-Dest: image
Referer: https://mail.ru/
Accept-Encoding: gzip, deflate, br
Accept-Language: ru-RU,ru;q=0.9,en-US;q=0.8,en;q=0.7

HTTP/1.1 204 No Content
Server: nginx
Date: Sun, 10 Apr 2022 12:40:41 GMT
Connection: keep-alive

GET /widgets_pxt?p=widget_render&widget=youla HTTP/1.1
Host: likemore-go.imgsmail.ru
Connection: keep-alive
sec-ch-ua: " Not A;Brand";v="99", "Chromium";v="99", "Opera";v="85"
sec-ch-ua-mobile: ?0
User-Agent: Mozilla/5.0 (Windows NT 6.1; Win64; x64) AppleWebKit/537.36 (KHTML, like Gecko) Chrome/99.0.4844.84 Safari/537.36 OPR/85.0.4341.47
sec-ch-ua-platform: "Windows"
Accept: image/avif,image/webp,image/apng,image/svg+xml,image/*,*/*;q=0.8
Sec-Fetch-Site: cross-site
Sec-Fetch-Mode: no-cors
Sec-Fetch-Dest: image
Referer: https://mail.ru/
Accept-Encoding: gzip, deflate, br
Accept-Language: ru-RU,ru;q=0.9,en-US;q=0.8,en;q=0.7

HTTP/1.1 204 No Content
Server: nginx
Date: Sun, 10 Apr 2022 12:40:41 GMT
Connection: keep-alive

GET /recostream_pxt?p=hit&qid=0bd6db421029b425&stream_id=widget_main_tab_promo&reco_session_id=16a630a6252d047&split=7&meta_info=eJzj4ufi5eIuSs1JLIgvKMrPzZcS4Di%2B4PSkZQdnbGVUYjE1NTBT6BADAOFYDEU%3D&meta_type=hit HTTP/1.1
Host: likemore-go.imgsmail.ru
Connection: keep-alive
sec-ch-ua: " Not A;Brand";v="99", "Chromium";v="99", "Opera";v="85"
sec-ch-ua-mobile: ?0
User-Agent: Mozilla/5.0 (Windows NT 6.1; Win64; x64) AppleWebKit/537.36 (KHTML, like Gecko) Chrome/99.0.4844.84 Safari/537.36 OPR/85.0.4341.47
sec-ch-ua-platform: "Windows"
Accept: image/avif,image/webp,image/apng,image/svg+xml,image/*,*/*;q=0.8
Sec-Fetch-Site: cross-site
Sec-Fetch-Mode: no-cors
Sec-Fetch-Dest: image
Referer: https://mail.ru/
Accept-Encoding: gzip, deflate, br
Accept-Language: ru-RU,ru;q=0.9,en-US;q=0.8,en;q=0.7

HTTP/1.1 204 No Content
Server: nginx
Date: Sun, 10 Apr 2022 12:40:41 GMT
Connection: keep-alive
Expires: Sun, 10 Apr 2022 12:40:41 GMT
Cache-Control: max-age=0
Cache-Control: no-store, must-revalidate

GET /recostream_pxt?test=1&banner_id= HTTP/1.1
Host: likemore-go.imgsmail.ru
Connection: keep-alive
sec-ch-ua: " Not A;Brand";v="99", "Chromium";v="99", "Opera";v="85"
sec-ch-ua-mobile: ?0
User-Agent: Mozilla/5.0 (Windows NT 6.1; Win64; x64) AppleWebKit/537.36 (KHTML, like Gecko) Chrome/99.0.4844.84 Safari/537.36 OPR/85.0.4341.47
sec-ch-ua-platform: "Windows"
Accept: image/avif,image/webp,image/apng,image/svg+xml,image/*,*/*;q=0.8
Sec-Fetch-Site: cross-site
Sec-Fetch-Mode: no-cors
Sec-Fetch-Dest: image
Referer: https://mail.ru/
Accept-Encoding: gzip, deflate, br
Accept-Language: ru-RU,ru;q=0.9,en-US;q=0.8,en;q=0.7

HTTP/1.1 204 No Content
Server: nginx
Date: Sun, 10 Apr 2022 12:40:41 GMT
Connection: keep-alive
Expires: Sun, 10 Apr 2022 12:40:41 GMT
Cache-Control: max-age=0
Cache-Control: no-store, must-revalidate

GET /recostream_pxt?qid=e352f131be304d45&split=2&meta_info=eJydkb1KA0EUhe9AiuU2RuJPjEoSbQSbgEQsrUREQbQJNuPsOOsOzOwMs7MkpVha%2BQB2gr2NWFiI5hHs9Am0EnwAd10Qsdz6wne%2Bcw%2Fu4jQ2uEm1oZrJhHqhrWJetNYCqEMTOrACPdiATdiGfRjAMcRg4YyQCxIED6S%2B1TxfvSTknpBHAniEy9gtaVGmlBcjT4fSxzTNwpQ7ab00SVqNvYMNnPxjOmROZ7Yaaw9ncOqfp3VGm2q4ZoFzQjFLI%2BNo3tQoxUIl8BAXsJVa43zurGjIkhPp0%2BpfhiJugF1sl%2FaWOZ8IlxMdiyLJqRjxmCWnlfYjuIjzOFcW4UZr4bhk6vdFeFCcy%2BAiTxnKMl5M%2BrNIpTKt2WB8%2B%2Fp58%2FH2PFF%2Fufq6fq8t1fr93npnfPfU%2FgbszanG&uh_vid=VA59pCYAAACmwsJB61GPvkmUY4EIgh0iD1BE8oCPcbsxiS%2BrUZoedTF4JNxK%2BCdC8G7ng4q58ixdSsiBij1yJi04HNtT7luEZn9h&cold_lenta=true&meta_type=hit&p=hit&duration=2095&startTime=7442&ws=1440&hs=900&wv=1383&hv=788&page_id=86877197926060151649594437584&stream_id=lenta_main_mail_ru_v1&reco_session_id=16bdc0a6252d049&_=1649594439692 HTTP/1.1
Host: likemore-go.imgsmail.ru
Connection: keep-alive
sec-ch-ua: " Not A;Brand";v="99", "Chromium";v="99", "Opera";v="85"
sec-ch-ua-mobile: ?0
User-Agent: Mozilla/5.0 (Windows NT 6.1; Win64; x64) AppleWebKit/537.36 (KHTML, like Gecko) Chrome/99.0.4844.84 Safari/537.36 OPR/85.0.4341.47
sec-ch-ua-platform: "Windows"
Accept: image/avif,image/webp,image/apng,image/svg+xml,image/*,*/*;q=0.8
Sec-Fetch-Site: cross-site
Sec-Fetch-Mode: no-cors
Sec-Fetch-Dest: image
Referer: https://mail.ru/
Accept-Encoding: gzip, deflate, br
Accept-Language: ru-RU,ru;q=0.9,en-US;q=0.8,en;q=0.7

HTTP/1.1 204 No Content
Server: nginx
Date: Sun, 10 Apr 2022 12:40:42 GMT
Connection: keep-alive
Expires: Sun, 10 Apr 2022 12:40:42 GMT
Cache-Control: max-age=0
Cache-Control: no-store, must-revalidate

GET /recostream_pxt?qid=e352f131be304d45&split=2&meta_info=eJydkb1KA0EUhe9AiuU2RuJPjEoSbQSbgEQsrUREQbQJNuPsOOsOzOwMs7MkpVha%2BQB2gr2NWFiI5hHs9Am0EnwAd10Qsdz6wne%2Bcw%2Fu4jQ2uEm1oZrJhHqhrWJetNYCqEMTOrACPdiATdiGfRjAMcRg4YyQCxIED6S%2B1TxfvSTknpBHAniEy9gtaVGmlBcjT4fSxzTNwpQ7ab00SVqNvYMNnPxjOmROZ7Yaaw9ncOqfp3VGm2q4ZoFzQjFLI%2BNo3tQoxUIl8BAXsJVa43zurGjIkhPp0%2BpfhiJugF1sl%2FaWOZ8IlxMdiyLJqRjxmCWnlfYjuIjzOFcW4UZr4bhk6vdFeFCcy%2BAiTxnKMl5M%2BrNIpTKt2WB8%2B%2Fp58%2FH2PFF%2Fufq6fq8t1fr93npnfPfU%2FgbszanG&uh_vid=VA59pCYAAACmwsJB61GPvkmUY4EIgh0iD1BE8oCPcbsxiS%2BrUZoedTF4JNxK%2BCdC8G7ng4q58ixdSsiBij1yJi04HNtT7luEZn9h&cold_lenta=true&meta_type=hit&p=tabs_show&page_id=86877197926060151649594437584&stream_id=lenta_main_mail_ru_v1&reco_session_id=16bdc0a6252d049&_=1649594441488 HTTP/1.1
Host: likemore-go.imgsmail.ru
Connection: keep-alive
sec-ch-ua: " Not A;Brand";v="99", "Chromium";v="99", "Opera";v="85"
sec-ch-ua-mobile: ?0
User-Agent: Mozilla/5.0 (Windows NT 6.1; Win64; x64) AppleWebKit/537.36 (KHTML, like Gecko) Chrome/99.0.4844.84 Safari/537.36 OPR/85.0.4341.47
sec-ch-ua-platform: "Windows"
Accept: image/avif,image/webp,image/apng,image/svg+xml,image/*,*/*;q=0.8
Sec-Fetch-Site: cross-site
Sec-Fetch-Mode: no-cors
Sec-Fetch-Dest: image
Referer: https://mail.ru/
Accept-Encoding: gzip, deflate, br
Accept-Language: ru-RU,ru;q=0.9,en-US;q=0.8,en;q=0.7

HTTP/1.1 204 No Content
Server: nginx
Date: Sun, 10 Apr 2022 12:40:43 GMT
Connection: keep-alive
Expires: Sun, 10 Apr 2022 12:40:43 GMT
Cache-Control: max-age=0
Cache-Control: no-store, must-revalidate

GET /widgets_pxt?p=widget_render&widget=cloud&vid=MmFWR3ZLMmVVOEk5MDAwMDBjMUNING85Ojo6MC0wLTAtNzZkMjkwODpDQUFTRVBvQTg4VTkxRjR3ZjFZNmQ2RVRwRklhWUZ2alpjd0U4dGdGNnZSSU00QldOc0E5eGhNOUh3c3NYUFU0bDdtNnlFdDNSYVVxVWoxUVJTR25sTThRLVJMaUtHWjJyN0lCRV9vb044UGtXaEN0SUo3SjF5cHphTVJqUVJKTkZtRlNCSFRxYUNkWU1pOGxCaEFNY1doSmFVQVA2UQ%3D%3D HTTP/1.1
Host: likemore-go.imgsmail.ru
Connection: keep-alive
sec-ch-ua: " Not A;Brand";v="99", "Chromium";v="99", "Opera";v="85"
sec-ch-ua-mobile: ?0
User-Agent: Mozilla/5.0 (Windows NT 6.1; Win64; x64) AppleWebKit/537.36 (KHTML, like Gecko) Chrome/99.0.4844.84 Safari/537.36 OPR/85.0.4341.47
sec-ch-ua-platform: "Windows"
Accept: image/avif,image/webp,image/apng,image/svg+xml,image/*,*/*;q=0.8
Sec-Fetch-Site: cross-site
Sec-Fetch-Mode: no-cors
Sec-Fetch-Dest: image
Referer: https://mail.ru/
Accept-Encoding: gzip, deflate, br
Accept-Language: ru-RU,ru;q=0.9,en-US;q=0.8,en;q=0.7

HTTP/1.1 204 No Content
Server: nginx
Date: Sun, 10 Apr 2022 12:41:03 GMT
Connection: keep-alive

GET /widgets_pxt?p=widget_render&widget=tv&vid=MmFWR3ZLMmVVOEk5MDAwMDBjMUNING85Ojo6MC0wLTAtNzZkMjkwODpDQUFTRVBvQTg4VTkxRjR3ZjFZNmQ2RVRwRklhWUZ2alpjd0U4dGdGNnZSSU00QldOc0E5eGhNOUh3c3NYUFU0bDdtNnlFdDNSYVVxVWoxUVJTR25sTThRLVJMaUtHWjJyN0lCRV9vb044UGtXaEN0SUo3SjF5cHphTVJqUVJKTkZtRlNCSFRxYUNkWU1pOGxCaEFNY1doSmFVQVA2UQ%3D%3D HTTP/1.1
Host: likemore-go.imgsmail.ru
Connection: keep-alive
sec-ch-ua: " Not A;Brand";v="99", "Chromium";v="99", "Opera";v="85"
sec-ch-ua-mobile: ?0
User-Agent: Mozilla/5.0 (Windows NT 6.1; Win64; x64) AppleWebKit/537.36 (KHTML, like Gecko) Chrome/99.0.4844.84 Safari/537.36 OPR/85.0.4341.47
sec-ch-ua-platform: "Windows"
Accept: image/avif,image/webp,image/apng,image/svg+xml,image/*,*/*;q=0.8
Sec-Fetch-Site: cross-site
Sec-Fetch-Mode: no-cors
Sec-Fetch-Dest: image
Referer: https://mail.ru/
Accept-Encoding: gzip, deflate, br
Accept-Language: ru-RU,ru;q=0.9,en-US;q=0.8,en;q=0.7

HTTP/1.1 204 No Content
Server: nginx
Date: Sun, 10 Apr 2022 12:41:03 GMT
Connection: keep-alive

GET /recostream_pxt?qid=5835d804e69e1601&split=2&meta_info=eJydkb1KA0EUhe9AiuU2RuJPjEoSbQSbgEQsrUREQbQJNuPsOOsOzOwMs7MkpVha%2BQB2gr2NWFiI5hHs9Am0EnwAd10Qsdz6wne%2Bcw%2Fu4jQ2uEm1oZrJhHqhrWJetNYCqEMTOrACPdiATdiGfRjAMcRg4YyQCxIED6S%2B1TxfvSTknpBHAniEy9gtaVGmlBcjT4fSxzTNwpQ7ab00SVqNvYMNnPxjOmROZ7Yaaw9ncOqfp3VGm2q4ZoFzQjFLI%2BNo3tQoxUIl8BAXsJVa43zurGjIkhPp0%2BpfhiJugF1sl%2FaWOZ8IlxMdiyLJqRjxmCWnlfYjuIjzOFcW4UZr4bhk6vdFeFCcy%2BAiTxnKMl5M%2BrNIpTKt2WB8%2B%2Fp58%2FH2PFF%2Fufq6fq8t1fr93npnfPfU%2FgbszanG&uh_vid=VA59pCYAAACz6MfGlKZyJA7LxAPkYbV3iYNR5gh%2BDkKqh1fEbB%2Fm2YXneJsgDLFwOYKJFg%3D%3D&cold_lenta=true&meta_type=hit&p=tabs_show&page_id=71646961775884031649594461332&stream_id=lenta_main_mail_ru_v1&reco_session_id=17557096252d05f&_=1649594462174 HTTP/1.1
Host: likemore-go.imgsmail.ru
Connection: keep-alive
sec-ch-ua: " Not A;Brand";v="99", "Chromium";v="99", "Opera";v="85"
sec-ch-ua-mobile: ?0
User-Agent: Mozilla/5.0 (Windows NT 6.1; Win64; x64) AppleWebKit/537.36 (KHTML, like Gecko) Chrome/99.0.4844.84 Safari/537.36 OPR/85.0.4341.47
sec-ch-ua-platform: "Windows"
Accept: image/avif,image/webp,image/apng,image/svg+xml,image/*,*/*;q=0.8
Sec-Fetch-Site: cross-site
Sec-Fetch-Mode: no-cors
Sec-Fetch-Dest: image
Referer: https://mail.ru/
Accept-Encoding: gzip, deflate, br
Accept-Language: ru-RU,ru;q=0.9,en-US;q=0.8,en;q=0.7

HTTP/1.1 204 No Content
Server: nginx
Date: Sun, 10 Apr 2022 12:41:04 GMT
Connection: keep-alive
Expires: Sun, 10 Apr 2022 12:41:04 GMT
Cache-Control: max-age=0
Cache-Control: no-store, must-revalidate

GET /recostream_pxt?qid=5835d804e69e1601&split=2&meta_info=eJwT4vJgTGCsYOxgPMWkpczBLCRUXFKaFJ9cnBRfUJSfm1%2BQX1wiwaDAqMFowBhwZNsheSdxjiMbb39c9vrOYX6BK3O%2BLH7FosRiampg5mWeUVJSoGrsqGrkBkQFpTnFqXq5iZk5ekWlQH5yfm5ualFyZmJOfGJRSWZyTipQ0MjY0MgQACCnLIc%3D&uh_vid=VA59pCYAAADQQdjxL1sSrQqBZsr7HYI6sjvnJhI0ELazvfAxCEzLaEAkhhtwVyPqyOsg%2BPSdnpPA%2B3rkKs0yYqh6WbF6ec0%3D&doc_id=5036066096052223757&source_id=3760253751283379470&site_hash=3603564772439073412&url=http%3A%2F%2Fpulse.mail.ru%2Fcommercial_article%2F23121&meta_type=doc&utm_marks=utm_content%3Dlenta_main_mail_ru_v1%26utm_partner_id%3D661%26utm_campaign%3Dmain%26utm_referrer%3Dhttps%253A%252F%252Fpulse.mail.ru%26utm_source%3Dpulse_mail_ru&card_t=single&cols=3&n=3&real_row=1&row=1&p=req&reqn=1&slid=635894&type=csb&page_id=71646961775884031649594461332&stream_id=lenta_main_mail_ru_v1&reco_session_id=17557096252d05f&_=1649594462174 HTTP/1.1
Host: likemore-go.imgsmail.ru
Connection: keep-alive
sec-ch-ua: " Not A;Brand";v="99", "Chromium";v="99", "Opera";v="85"
sec-ch-ua-mobile: ?0
User-Agent: Mozilla/5.0 (Windows NT 6.1; Win64; x64) AppleWebKit/537.36 (KHTML, like Gecko) Chrome/99.0.4844.84 Safari/537.36 OPR/85.0.4341.47
sec-ch-ua-platform: "Windows"
Accept: image/avif,image/webp,image/apng,image/svg+xml,image/*,*/*;q=0.8
Sec-Fetch-Site: cross-site
Sec-Fetch-Mode: no-cors
Sec-Fetch-Dest: image
Referer: https://mail.ru/
Accept-Encoding: gzip, deflate, br
Accept-Language: ru-RU,ru;q=0.9,en-US;q=0.8,en;q=0.7

HTTP/1.1 204 No Content
Server: nginx
Date: Sun, 10 Apr 2022 12:41:04 GMT
Connection: keep-alive
Expires: Sun, 10 Apr 2022 12:41:04 GMT
Cache-Control: max-age=0
Cache-Control: no-store, must-revalidate

GET /recostream_pxt?qid=5835d804e69e1601&split=2&meta_info=eJwT4vRgTGCsYOxg5NVS5uAUEiouKU2KTy5Oii8oys%2FNL8gvLpFgUGDUYDRgDDiy7ZC8kzjHkY23Py57fecwv8CVOV8Wv2JRYjE1NTDzMs8oKSlQNXZUNXIDooLSnOJUvdzEzBy9olIgPzk%2FNze1KDkzMSc%2BsagkMzknFShoZGFmaAIAxtgr2Q%3D%3D&uh_vid=VA59pCYAAABPXK%2BEjVem%2Fi9HW2fR6WHtihaZIWjfK5oGyft%2BxhDsIE%2FfWnZAYJKSkHVcKGhZFaldQu168RLUnapK96mZ&doc_id=8757117012557349812&source_id=5161120480629837226&site_hash=6762950690571621814&url=http%3A%2F%2Fpulse.mail.ru%2Fcommercial_article%2F28614&meta_type=doc&utm_marks=utm_content%3Dlenta_main_mail_ru_v1%26utm_partner_id%3D661%26utm_campaign%3Dmain%26utm_referrer%3Dhttps%253A%252F%252Fpulse.mail.ru%26utm_source%3Dpulse_mail_ru&card_t=single&cols=3&n=2&real_row=3&row=3&p=req&reqn=1&slid=635895&type=csb&page_id=71646961775884031649594461332&stream_id=lenta_main_mail_ru_v1&reco_session_id=17557096252d05f&_=1649594462175 HTTP/1.1
Host: likemore-go.imgsmail.ru
Connection: keep-alive
sec-ch-ua: " Not A;Brand";v="99", "Chromium";v="99", "Opera";v="85"
sec-ch-ua-mobile: ?0
User-Agent: Mozilla/5.0 (Windows NT 6.1; Win64; x64) AppleWebKit/537.36 (KHTML, like Gecko) Chrome/99.0.4844.84 Safari/537.36 OPR/85.0.4341.47
sec-ch-ua-platform: "Windows"
Accept: image/avif,image/webp,image/apng,image/svg+xml,image/*,*/*;q=0.8
Sec-Fetch-Site: cross-site
Sec-Fetch-Mode: no-cors
Sec-Fetch-Dest: image
Referer: https://mail.ru/
Accept-Encoding: gzip, deflate, br
Accept-Language: ru-RU,ru;q=0.9,en-US;q=0.8,en;q=0.7

HTTP/1.1 204 No Content
Server: nginx
Date: Sun, 10 Apr 2022 12:41:04 GMT
Connection: keep-alive
Expires: Sun, 10 Apr 2022 12:41:04 GMT
Cache-Control: max-age=0
Cache-Control: no-store, must-revalidate

GET /recostream_pxt?qid=5835d804e69e1601&split=2&meta_info=eJwT4vJgTGCsYOxgXMmmpcjBIiSQnJ%2Bbm1qUnJmYE19QlJ%2BbL8GgwKjBaMAYcGTbIXkncY4jG29%2FXPb6zmF%2BgStzvix%2BxaLEYmpqYOZlnlFSUqBq7Khq5AZEBaU5xal6uYmZOXpFpUA%2BkqGJRSWZyTmpQEEjYxNjCwCdLStz&uh_vid=VA59pCYAAABjIbaVrbay05l%2BP9DGCk6sLtJEmlSxNOH2DNi3XD4hBItpupPfX3ZoCDpQovxM9I0YMDV3cJJZfs89gw%3D%3D&type=document&doc_id=528185892198796306&source_id=985315150066397629&site_hash=3200041602662520233&url=http%3A%2F%2Fpulse.mail.ru%2Fcommercial_article%2F23438&meta_type=doc&utm_marks=utm_content%3Dlenta_main_mail_ru_v1%26utm_partner_id%3D661%26utm_campaign%3Dmain%26utm_referrer%3Dhttps%253A%252F%252Fpulse.mail.ru%26utm_source%3Dpulse_mail_ru&card_t=single&cols=3&n=1&real_row=2&row=2&p=doc_hit&page_id=71646961775884031649594461332&stream_id=lenta_main_mail_ru_v1&reco_session_id=17557096252d05f&_=1649594462183 HTTP/1.1
Host: likemore-go.imgsmail.ru
Connection: keep-alive
sec-ch-ua: " Not A;Brand";v="99", "Chromium";v="99", "Opera";v="85"
sec-ch-ua-mobile: ?0
User-Agent: Mozilla/5.0 (Windows NT 6.1; Win64; x64) AppleWebKit/537.36 (KHTML, like Gecko) Chrome/99.0.4844.84 Safari/537.36 OPR/85.0.4341.47
sec-ch-ua-platform: "Windows"
Accept: image/avif,image/webp,image/apng,image/svg+xml,image/*,*/*;q=0.8
Sec-Fetch-Site: cross-site
Sec-Fetch-Mode: no-cors
Sec-Fetch-Dest: image
Referer: https://mail.ru/
Accept-Encoding: gzip, deflate, br
Accept-Language: ru-RU,ru;q=0.9,en-US;q=0.8,en;q=0.7

HTTP/1.1 204 No Content
Server: nginx
Date: Sun, 10 Apr 2022 12:41:04 GMT
Connection: keep-alive
Expires: Sun, 10 Apr 2022 12:41:04 GMT
Cache-Control: max-age=0
Cache-Control: no-store, must-revalidate

