GET /icons/status/2021/lt/svg/25.svg HTTP/1.1
Host: pogoda.imgsmail.ru
Connection: keep-alive
sec-ch-ua: " Not A;Brand";v="99", "Chromium";v="99", "Opera";v="85"
sec-ch-ua-mobile: ?0
User-Agent: Mozilla/5.0 (Windows NT 6.1; Win64; x64) AppleWebKit/537.36 (KHTML, like Gecko) Chrome/99.0.4844.84 Safari/537.36 OPR/85.0.4341.47
sec-ch-ua-platform: "Windows"
Accept: image/avif,image/webp,image/apng,image/svg+xml,image/*,*/*;q=0.8
Sec-Fetch-Site: cross-site
Sec-Fetch-Mode: no-cors
Sec-Fetch-Dest: image
Referer: https://mail.ru/
Accept-Encoding: gzip, deflate, br
Accept-Language: ru-RU,ru;q=0.9,en-US;q=0.8,en;q=0.7

HTTP/1.1 200 OK
Server: nginx/1.16.1
Date: Sun, 10 Apr 2022 12:40:39 GMT
Content-Type: image/svg+xml
Content-Length: 1006
Last-Modified: Wed, 26 Jan 2022 15:04:51 GMT
Connection: keep-alive
Cache-Control: max-age=86400
Accept-Ranges: bytes

<svg fill="none" height="32" width="32" xmlns="http://www.w3.org/2000/svg"><path d="M14.932 29.433c.282 1.088-.341 2.206-1.39 2.497s-2.129-.354-2.41-1.442c-.281-1.087-.168-4.174.882-4.466s2.637 2.324 2.919 3.411zM28.933 29.433c.28 1.088-.342 2.206-1.392 2.497s-2.128-.354-2.41-1.442c-.28-1.087-.167-4.174.883-4.466s2.637 2.324 2.919 3.411z" fill="#5399fc"/><path d="M6.004 31.5a.5.5 0 01-1 0v-1.634l-1.415.817a.5.5 0 01-.5-.866L4.504 29l-1.415-.817a.5.5 0 01.5-.866l1.415.817V26.5a.5.5 0 011 0v1.634l1.415-.817a.5.5 0 01.5.866L6.504 29l1.415.817a.5.5 0 01-.5.866l-1.415-.817zM20.002 31.5a.5.5 0 01-1 0v-1.634l-1.415.817a.5.5 0 01-.5-.866L18.502 29l-1.415-.817a.5.5 0 01.5-.866l1.415.817V26.5a.5.5 0 111 0v1.634l1.415-.817a.5.5 0 11.5.866L20.502 29l1.415.817a.5.5 0 11-.5.866l-1.415-.817z" fill="#9cd0ff"/><path d="M22.419 16c.375-.926.581-1.94.581-3a8 8 0 00-15.938-1H7a6 6 0 000 12h17.5v-8z" fill="#dae1ec"/><path d="M25.9 14a5.002 5.002 0 00-9.8 0H16a5 5 0 000 10h10a5 5 0 000-10z" fill="#b4b9d1"/></svg>