GET /recostream_pxt?p=show&qid=0bd6db421029b425&stream_id=widget_main_tab_promo&reco_session_id=16a630a6252d047&split=7&meta_info=eJwT4vJgTGCsYOxgPM%2BoJc%2FBKCSQnJ%2Bbm1qUnJmYE19QlJ%2BbL8GgwKjBaMAY0CHmJMBxfMHpScsOztjKqMRiampg5mWeUVJSoGrsqGrkBkQFpTnFqXq5iZk5ekWlQD6SWYlFJZnJOalAQUMTS1MDAC15JL4%3D&type=document&doc_id=6106405948602343989&source_id=5153037922932073446&site_hash=6395167424014720390&url=http%3A%2F%2Fpulse.mail.ru%2Fcommercial_article%2F14950&meta_type=doc&utm_marks=utm_content%3Dwidget_main_tab_promo HTTP/1.1
Host: likemore-go.imgsmail.ru
Connection: keep-alive
sec-ch-ua: " Not A;Brand";v="99", "Chromium";v="99", "Opera";v="85"
sec-ch-ua-mobile: ?0
User-Agent: Mozilla/5.0 (Windows NT 6.1; Win64; x64) AppleWebKit/537.36 (KHTML, like Gecko) Chrome/99.0.4844.84 Safari/537.36 OPR/85.0.4341.47
sec-ch-ua-platform: "Windows"
Accept: image/avif,image/webp,image/apng,image/svg+xml,image/*,*/*;q=0.8
Sec-Fetch-Site: cross-site
Sec-Fetch-Mode: no-cors
Sec-Fetch-Dest: image
Referer: https://mail.ru/
Accept-Encoding: gzip, deflate, br
Accept-Language: ru-RU,ru;q=0.9,en-US;q=0.8,en;q=0.7

HTTP/1.1 204 No Content
Server: nginx
Date: Sun, 10 Apr 2022 12:43:21 GMT
Connection: keep-alive
Expires: Sun, 10 Apr 2022 12:43:21 GMT
Cache-Control: max-age=0
Cache-Control: no-store, must-revalidate

GET /recostream_pxt?p=show&qid=0bd6db421029b425&stream_id=widget_main_tab_promo&reco_session_id=16a630a6252d047&split=7&meta_info=eJwT4vJgTGCsYOxgPM%2BoJc%2FBKCSQnJ%2Bbm1qUnJmYE19QlJ%2BbL8GgwKjBaMAY0CHmJMBxfMHpScsOztjKqMRiampg5mWeUVJSoGrsqGrkBkQFpTnFqXq5iZk5ekWlQD6SWYlFJZnJOalAQUMTS1MDAC15JL4%3D&type=document&doc_id=6106405948602343989&source_id=5153037922932073446&site_hash=6395167424014720390&url=http%3A%2F%2Fpulse.mail.ru%2Fcommercial_article%2F14950&meta_type=doc&utm_marks=utm_content%3Dwidget_main_tab_promo HTTP/1.1
Host: likemore-go.imgsmail.ru
Connection: keep-alive
sec-ch-ua: " Not A;Brand";v="99", "Chromium";v="99", "Opera";v="85"
sec-ch-ua-mobile: ?0
User-Agent: Mozilla/5.0 (Windows NT 6.1; Win64; x64) AppleWebKit/537.36 (KHTML, like Gecko) Chrome/99.0.4844.84 Safari/537.36 OPR/85.0.4341.47
sec-ch-ua-platform: "Windows"
Accept: image/avif,image/webp,image/apng,image/svg+xml,image/*,*/*;q=0.8
Sec-Fetch-Site: cross-site
Sec-Fetch-Mode: no-cors
Sec-Fetch-Dest: image
Referer: https://mail.ru/
Accept-Encoding: gzip, deflate, br
Accept-Language: ru-RU,ru;q=0.9,en-US;q=0.8,en;q=0.7

HTTP/1.1 204 No Content
Server: nginx
Date: Sun, 10 Apr 2022 12:43:21 GMT
Connection: keep-alive
Expires: Sun, 10 Apr 2022 12:43:21 GMT
Cache-Control: max-age=0
Cache-Control: no-store, must-revalidate

GET /multimedia_pxt?doc_id=893086636562600057&meta_info=eNpzEuQ4svH2x2Wv7xzmF7gy58viVywAZ1oK4Q%3D%3D&meta_type=doc&qid=8a59fee8-0241-4f76-84d3-46fba52581e1&source_id=6600118591033920462&split=1&stream_id=lenta_main_mail_ru_mediaproject&title_position=1&uh_vid=VA59pCYAAAA%3D&url=https%3A%2F%2Fhealth.mail.ru%2Fnews%2Fimportnoe_ili_otechestvennoe_biolog_antonina%2F%3Ffrommail%3Dft_ml&p=show HTTP/1.1
Host: likemore-go.imgsmail.ru
Connection: keep-alive
sec-ch-ua: " Not A;Brand";v="99", "Chromium";v="99", "Opera";v="85"
sec-ch-ua-mobile: ?0
User-Agent: Mozilla/5.0 (Windows NT 6.1; Win64; x64) AppleWebKit/537.36 (KHTML, like Gecko) Chrome/99.0.4844.84 Safari/537.36 OPR/85.0.4341.47
sec-ch-ua-platform: "Windows"
Accept: image/avif,image/webp,image/apng,image/svg+xml,image/*,*/*;q=0.8
Sec-Fetch-Site: cross-site
Sec-Fetch-Mode: no-cors
Sec-Fetch-Dest: image
Referer: https://mail.ru/
Accept-Encoding: gzip, deflate, br
Accept-Language: ru-RU,ru;q=0.9,en-US;q=0.8,en;q=0.7

HTTP/1.1 204 No Content
Server: nginx
Date: Sun, 10 Apr 2022 12:43:21 GMT
Connection: keep-alive
Expires: Sun, 10 Apr 2022 12:43:21 GMT
Cache-Control: max-age=0
Cache-Control: no-store, must-revalidate

GET /multimedia_pxt?doc_id=6345833997937669737&meta_info=eNpzEuQ4svH2x2Wv7xzmF7gy58viVywAZ1oK4Q%3D%3D&meta_type=doc&qid=8a59fee8-0241-4f76-84d3-46fba52581e1&source_id=42&split=1&stream_id=lenta_main_mail_ru_mediaproject&title_position=1&uh_vid=VA59pCYAAAA%3D&url=https%3A%2F%2Fhi-tech.mail.ru%2Freview%2F57420-ali-2022-11%2F%3Ffrommail%3Dft_ml&p=show HTTP/1.1
Host: likemore-go.imgsmail.ru
Connection: keep-alive
sec-ch-ua: " Not A;Brand";v="99", "Chromium";v="99", "Opera";v="85"
sec-ch-ua-mobile: ?0
User-Agent: Mozilla/5.0 (Windows NT 6.1; Win64; x64) AppleWebKit/537.36 (KHTML, like Gecko) Chrome/99.0.4844.84 Safari/537.36 OPR/85.0.4341.47
sec-ch-ua-platform: "Windows"
Accept: image/avif,image/webp,image/apng,image/svg+xml,image/*,*/*;q=0.8
Sec-Fetch-Site: cross-site
Sec-Fetch-Mode: no-cors
Sec-Fetch-Dest: image
Referer: https://mail.ru/
Accept-Encoding: gzip, deflate, br
Accept-Language: ru-RU,ru;q=0.9,en-US;q=0.8,en;q=0.7

HTTP/1.1 204 No Content
Server: nginx
Date: Sun, 10 Apr 2022 12:43:21 GMT
Connection: keep-alive
Expires: Sun, 10 Apr 2022 12:43:21 GMT
Cache-Control: max-age=0
Cache-Control: no-store, must-revalidate

